#
# A fatal error has been detected by the Java Runtime Environment:
#
#  SIGBUS (0xa) at pc=0x0000000105ff6d94, pid=1045, tid=30211
#
# JRE version: OpenJDK Runtime Environment Zulu13.48+19-CA (13.0.11+4) (build 13.0.11+4-MTS)
# Java VM: OpenJDK 64-Bit Server VM Zulu13.48+19-CA (13.0.11+4-MTS, mixed mode, tiered, compressed oops, g1 gc, bsd-aarch64)
# Problematic frame:
# V  [libjvm.dylib+0x6ded94]  _ZN21MarkActivationClosure12do_code_blobEP8CodeBlob+0x3c
#
# No core dump will be written. Core dumps have been disabled. To enable core dumping, try "ulimit -c unlimited" before starting Java again
#
# If you would like to submit a bug report, please visit:
#   http://www.azul.com/support/
#

---------------  S U M M A R Y ------------

Command Line: -Dpf4j.pluginsDir=../build/plugins -agentlib:jdwp=transport=dt_socket,server=n,suspend=y,address=127.0.0.1:54429 -Dfile.encoding=UTF-8 -Duser.country=DE -Duser.language=en -Duser.variant com.klexhub.msfop.Boot

Host: Macmini9,1 arm64 1 MHz, 8 cores, 8G, Darwin 21.4.0
Time: Sun Apr 24 14:23:22 2022 CEST elapsed time: 20.692311 seconds (0d 0h 0m 20s)

---------------  T H R E A D  ---------------

Current thread (0x0000000156d29000):  JavaThread "http-nio-8080-exec-1" daemon [_thread_in_vm, id=30211, stack(0x000000016f3c4000,0x000000016f5c7000)]

Stack: [0x000000016f3c4000,0x000000016f5c7000],  sp=0x000000016f5c3530,  free space=2045k
Native frames: (J=compiled Java code, A=aot compiled Java code, j=interpreted, Vv=VM code, C=native code)
V  [libjvm.dylib+0x6ded94]  _ZN21MarkActivationClosure12do_code_blobEP8CodeBlob+0x3c
V  [libjvm.dylib+0x70d5cc]  _ZN10JavaThread11nmethods_doEP15CodeBlobClosure+0x80
V  [libjvm.dylib+0x2de360]  _ZN25HandshakeThreadsOperation12do_handshakeEP10JavaThread+0xcc
V  [libjvm.dylib+0x2de704]  _ZN14HandshakeState18process_self_innerEP10JavaThread+0x110
V  [libjvm.dylib+0x6230f0]  _ZN18SafepointMechanism18block_or_handshakeEP10JavaThread+0x60
V  [libjvm.dylib+0x623118]  _ZN18SafepointMechanism23block_if_requested_slowEP10JavaThread+0x18
V  [libjvm.dylib+0x70cda4]  _ZN10JavaThread44check_safepoint_and_suspend_for_native_transEPS_+0x74
V  [libjvm.dylib+0x487984]  _ZN8JvmtiEnv21GetThreadLocalStorageEP8_jobjectPPv+0xb8
C  [libjdwp.dylib+0x1eb58]  findThread+0x84
C  [libjdwp.dylib+0x20240]  threadControl_onEventHandlerExit+0x60
C  [libjdwp.dylib+0x16bf0]  event_callback+0x394
C  [libjdwp.dylib+0x14374]  cbFramePop+0xd0
V  [libjvm.dylib+0x498388]  _ZN11JvmtiExport16post_method_exitEP10JavaThreadP6Method5frame+0x544
V  [libjvm.dylib+0x318914]  _ZN18InterpreterRuntime16post_method_exitEP10JavaThread+0x90
j  kong.unirest.Unirest.get(Ljava/lang/String;)Lkong/unirest/GetRequest;+7
j  com.klexhub.msfop.sipgate.SipgateClient.getIdForLatestCreatedSMS(Lcom/klexhub/msfop/api/models/CreateMessageRequest;Ljava/lang/String;Ljava/lang/String;)Ljava/util/Optional;+2
j  com.klexhub.msfop.sipgate.SipgateClient.sendSMS(Lcom/klexhub/msfop/api/models/CreateMessageRequest;Ljava/lang/String;Ljava/lang/String;)V+136
j  com.klexhub.msfop.sipgate.SipgateProviderPlugin$SipgateSMSProvider.sendSMS(Lcom/klexhub/msfop/api/models/CreateMessageRequest;Ljava/lang/String;[Ljava/lang/String;)Lcom/klexhub/msfop/api/models/responses/CreateMessageResponse;+50
j  com.klexhub.msfop.controllers.CreateMessageController.createMessage(Lcom/klexhub/msfop/api/models/CreateMessageRequest;Ljava/lang/String;Ljava/lang/String;)Lorg/springframework/http/ResponseEntity;+21
v  ~StubRoutines::call_stub
V  [libjvm.dylib+0x31ce78]  _ZN9JavaCalls11call_helperEP9JavaValueRK12methodHandleP17JavaCallArgumentsP6Thread+0x2f4
V  [libjvm.dylib+0x60d748]  _ZL6invokeP13InstanceKlassRK12methodHandle6Handleb14objArrayHandle9BasicTypeS5_bP6Thread+0x4e0
V  [libjvm.dylib+0x60d1f4]  _ZN10Reflection13invoke_methodEP7oopDesc6Handle14objArrayHandleP6Thread+0x108
V  [libjvm.dylib+0x3b2ebc]  JVM_InvokeMethod+0x270
J 2173  jdk.internal.reflect.NativeMethodAccessorImpl.invoke0(Ljava/lang/reflect/Method;Ljava/lang/Object;[Ljava/lang/Object;)Ljava/lang/Object; java.base@13.0.11 (0 bytes) @ 0x0000000115b5b970 [0x0000000115b5b8c0+0x00000000000000b0]
C  0x0000000741ce4df0

[error occurred during error reporting (printing native stack), id 0xb, SIGSEGV (0xb) at pc=0x0000000105e7a228]

Java frames: (J=compiled Java code, j=interpreted, Vv=VM code)
j  kong.unirest.Unirest.get(Ljava/lang/String;)Lkong/unirest/GetRequest;+7
j  com.klexhub.msfop.sipgate.SipgateClient.getIdForLatestCreatedSMS(Lcom/klexhub/msfop/api/models/CreateMessageRequest;Ljava/lang/String;Ljava/lang/String;)Ljava/util/Optional;+2
j  com.klexhub.msfop.sipgate.SipgateClient.sendSMS(Lcom/klexhub/msfop/api/models/CreateMessageRequest;Ljava/lang/String;Ljava/lang/String;)V+136
j  com.klexhub.msfop.sipgate.SipgateProviderPlugin$SipgateSMSProvider.sendSMS(Lcom/klexhub/msfop/api/models/CreateMessageRequest;Ljava/lang/String;[Ljava/lang/String;)Lcom/klexhub/msfop/api/models/responses/CreateMessageResponse;+50
j  com.klexhub.msfop.controllers.CreateMessageController.createMessage(Lcom/klexhub/msfop/api/models/CreateMessageRequest;Ljava/lang/String;Ljava/lang/String;)Lorg/springframework/http/ResponseEntity;+21
v  ~StubRoutines::call_stub
J 2173  jdk.internal.reflect.NativeMethodAccessorImpl.invoke0(Ljava/lang/reflect/Method;Ljava/lang/Object;[Ljava/lang/Object;)Ljava/lang/Object; java.base@13.0.11 (0 bytes) @ 0x0000000115b5b974 [0x0000000115b5b8c0+0x00000000000000b4]
J 2172 c1 jdk.internal.reflect.NativeMethodAccessorImpl.invoke(Ljava/lang/Object;[Ljava/lang/Object;)Ljava/lang/Object; java.base@13.0.11 (104 bytes) @ 0x000000010e9cf99c [0x000000010e9cf640+0x000000000000035c]
J 3091 c2 jdk.internal.reflect.DelegatingMethodAccessorImpl.invoke(Ljava/lang/Object;[Ljava/lang/Object;)Ljava/lang/Object; java.base@13.0.11 (10 bytes) @ 0x0000000115beed58 [0x0000000115beed00+0x0000000000000058]
J 1860 c1 java.lang.reflect.Method.invoke(Ljava/lang/Object;[Ljava/lang/Object;)Ljava/lang/Object; java.base@13.0.11 (65 bytes) @ 0x000000010e92e6a4 [0x000000010e92e340+0x0000000000000364]
j  org.springframework.web.method.support.InvocableHandlerMethod.doInvoke([Ljava/lang/Object;)Ljava/lang/Object;+28
j  org.springframework.web.method.support.InvocableHandlerMethod.invokeForRequest(Lorg/springframework/web/context/request/NativeWebRequest;Lorg/springframework/web/method/support/ModelAndViewContainer;[Ljava/lang/Object;)Ljava/lang/Object;+54
j  org.springframework.web.servlet.mvc.method.annotation.ServletInvocableHandlerMethod.invokeAndHandle(Lorg/springframework/web/context/request/ServletWebRequest;Lorg/springframework/web/method/support/ModelAndViewContainer;[Ljava/lang/Object;)V+4
j  org.springframework.web.servlet.mvc.method.annotation.RequestMappingHandlerAdapter.invokeHandlerMethod(Ljavax/servlet/http/HttpServletRequest;Ljavax/servlet/http/HttpServletResponse;Lorg/springframework/web/method/HandlerMethod;)Lorg/springframework/web/servlet/ModelAndView;+244
j  org.springframework.web.servlet.mvc.method.annotation.RequestMappingHandlerAdapter.handleInternal(Ljavax/servlet/http/HttpServletRequest;Ljavax/servlet/http/HttpServletResponse;Lorg/springframework/web/method/HandlerMethod;)Lorg/springframework/web/servlet/ModelAndView;+81
j  org.springframework.web.servlet.mvc.method.AbstractHandlerMethodAdapter.handle(Ljavax/servlet/http/HttpServletRequest;Ljavax/servlet/http/HttpServletResponse;Ljava/lang/Object;)Lorg/springframework/web/servlet/ModelAndView;+7
j  org.springframework.web.servlet.DispatcherServlet.doDispatch(Ljavax/servlet/http/HttpServletRequest;Ljavax/servlet/http/HttpServletResponse;)V+259
j  org.springframework.web.servlet.DispatcherServlet.doService(Ljavax/servlet/http/HttpServletRequest;Ljavax/servlet/http/HttpServletResponse;)V+241
j  org.springframework.web.servlet.FrameworkServlet.processRequest(Ljavax/servlet/http/HttpServletRequest;Ljavax/servlet/http/HttpServletResponse;)V+71
j  org.springframework.web.servlet.FrameworkServlet.doPost(Ljavax/servlet/http/HttpServletRequest;Ljavax/servlet/http/HttpServletResponse;)V+3
j  javax.servlet.http.HttpServlet.service(Ljavax/servlet/http/HttpServletRequest;Ljavax/servlet/http/HttpServletResponse;)V+149
j  org.springframework.web.servlet.FrameworkServlet.service(Ljavax/servlet/http/HttpServletRequest;Ljavax/servlet/http/HttpServletResponse;)V+33
j  javax.servlet.http.HttpServlet.service(Ljavax/servlet/ServletRequest;Ljavax/servlet/ServletResponse;)V+36
j  org.apache.catalina.core.ApplicationFilterChain.internalDoFilter(Ljavax/servlet/ServletRequest;Ljavax/servlet/ServletResponse;)V+304
j  org.apache.catalina.core.ApplicationFilterChain.doFilter(Ljavax/servlet/ServletRequest;Ljavax/servlet/ServletResponse;)V+99
j  org.apache.tomcat.websocket.server.WsFilter.doFilter(Ljavax/servlet/ServletRequest;Ljavax/servlet/ServletResponse;Ljavax/servlet/FilterChain;)V+21
j  org.apache.catalina.core.ApplicationFilterChain.internalDoFilter(Ljavax/servlet/ServletRequest;Ljavax/servlet/ServletResponse;)V+135
j  org.apache.catalina.core.ApplicationFilterChain.doFilter(Ljavax/servlet/ServletRequest;Ljavax/servlet/ServletResponse;)V+99
j  org.springframework.web.filter.RequestContextFilter.doFilterInternal(Ljavax/servlet/http/HttpServletRequest;Ljavax/servlet/http/HttpServletResponse;Ljavax/servlet/FilterChain;)V+21
j  org.springframework.web.filter.OncePerRequestFilter.doFilter(Ljavax/servlet/ServletRequest;Ljavax/servlet/ServletResponse;Ljavax/servlet/FilterChain;)V+147
j  org.apache.catalina.core.ApplicationFilterChain.internalDoFilter(Ljavax/servlet/ServletRequest;Ljavax/servlet/ServletResponse;)V+135
j  org.apache.catalina.core.ApplicationFilterChain.doFilter(Ljavax/servlet/ServletRequest;Ljavax/servlet/ServletResponse;)V+99
j  org.springframework.web.filter.FormContentFilter.doFilterInternal(Ljavax/servlet/http/HttpServletRequest;Ljavax/servlet/http/HttpServletResponse;Ljavax/servlet/FilterChain;)V+38
j  org.springframework.web.filter.OncePerRequestFilter.doFilter(Ljavax/servlet/ServletRequest;Ljavax/servlet/ServletResponse;Ljavax/servlet/FilterChain;)V+147
j  org.apache.catalina.core.ApplicationFilterChain.internalDoFilter(Ljavax/servlet/ServletRequest;Ljavax/servlet/ServletResponse;)V+135
j  org.apache.catalina.core.ApplicationFilterChain.doFilter(Ljavax/servlet/ServletRequest;Ljavax/servlet/ServletResponse;)V+99
j  org.springframework.web.filter.CharacterEncodingFilter.doFilterInternal(Ljavax/servlet/http/HttpServletRequest;Ljavax/servlet/http/HttpServletResponse;Ljavax/servlet/FilterChain;)V+53
j  org.springframework.web.filter.OncePerRequestFilter.doFilter(Ljavax/servlet/ServletRequest;Ljavax/servlet/ServletResponse;Ljavax/servlet/FilterChain;)V+147
j  org.apache.catalina.core.ApplicationFilterChain.internalDoFilter(Ljavax/servlet/ServletRequest;Ljavax/servlet/ServletResponse;)V+135
j  org.apache.catalina.core.ApplicationFilterChain.doFilter(Ljavax/servlet/ServletRequest;Ljavax/servlet/ServletResponse;)V+99
j  org.apache.catalina.core.StandardWrapperValve.invoke(Lorg/apache/catalina/connector/Request;Lorg/apache/catalina/connector/Response;)V+694
j  org.apache.catalina.core.StandardContextValve.invoke(Lorg/apache/catalina/connector/Request;Lorg/apache/catalina/connector/Response;)V+169
j  org.apache.catalina.authenticator.AuthenticatorBase.invoke(Lorg/apache/catalina/connector/Request;Lorg/apache/catalina/connector/Response;)V+260
j  org.apache.catalina.core.StandardHostValve.invoke(Lorg/apache/catalina/connector/Request;Lorg/apache/catalina/connector/Response;)V+128
j  org.apache.catalina.valves.ErrorReportValve.invoke(Lorg/apache/catalina/connector/Request;Lorg/apache/catalina/connector/Response;)V+6
j  org.apache.catalina.core.StandardEngineValve.invoke(Lorg/apache/catalina/connector/Request;Lorg/apache/catalina/connector/Response;)V+59
j  org.apache.catalina.connector.CoyoteAdapter.service(Lorg/apache/coyote/Request;Lorg/apache/coyote/Response;)V+203
j  org.apache.coyote.http11.Http11Processor.service(Lorg/apache/tomcat/util/net/SocketWrapperBase;)Lorg/apache/tomcat/util/net/AbstractEndpoint$Handler$SocketState;+796
j  org.apache.coyote.AbstractProcessorLight.process(Lorg/apache/tomcat/util/net/SocketWrapperBase;Lorg/apache/tomcat/util/net/SocketEvent;)Lorg/apache/tomcat/util/net/AbstractEndpoint$Handler$SocketState;+170
j  org.apache.coyote.AbstractProtocol$ConnectionHandler.process(Lorg/apache/tomcat/util/net/SocketWrapperBase;Lorg/apache/tomcat/util/net/SocketEvent;)Lorg/apache/tomcat/util/net/AbstractEndpoint$Handler$SocketState;+495
j  org.apache.tomcat.util.net.NioEndpoint$SocketProcessor.doRun()V+216
j  org.apache.tomcat.util.net.SocketProcessorBase.run()V+21
j  org.apache.tomcat.util.threads.ThreadPoolExecutor.runWorker(Lorg/apache/tomcat/util/threads/ThreadPoolExecutor$Worker;)V+92
j  org.apache.tomcat.util.threads.ThreadPoolExecutor$Worker.run()V+5
j  org.apache.tomcat.util.threads.TaskThread$WrappingRunnable.run()V+4
j  java.lang.Thread.run()V+11 java.base@13.0.11
v  ~StubRoutines::call_stub

siginfo: si_signo: 10 (SIGBUS), si_code: 1 (BUS_ADRALN), si_addr: 0x0000000115b5b858

Register to memory mapping:

 x0=0x0000000106294900: _ZL23mark_activation_closure+0 in /Users/waigel/Library/Java/JavaVirtualMachines/azul-13.0.11/Contents/Home/lib/server/libjvm.dylib at 0x0000000105918000
 x1=0x0000000115b5b710 is at entry_point+-432 in (nmethod*)0x0000000115b5b710
 x2=0x0000000105ff6d58: _ZN21MarkActivationClosure12do_code_blobEP8CodeBlob+0 in /Users/waigel/Library/Java/JavaVirtualMachines/azul-13.0.11/Contents/Home/lib/server/libjvm.dylib at 0x0000000105918000
 x3=0x0000000155f38ffc points into unknown readable memory: 00 64 79 3b
 x4=0x00000001a2a9acf7: __vfprintf.xdigs_lower+0 in /usr/lib/system/libsystem_c.dylib at 0x00000001a2a1e000
 x5=0x000000016f5c3c40 is pointing into the stack for thread: 0x0000000156d29000
 x6=0x0000000000000065 is an unknown value
 x7=0x0000600001144820 points into unknown readable memory: f0 73 10 57 01 00 00 00
 x8=0x0000000106241000: _ZN16StringDedupTable16_entries_removedE+0 in /Users/waigel/Library/Java/JavaVirtualMachines/azul-13.0.11/Contents/Home/lib/server/libjvm.dylib at 0x0000000105918000
 x9=0x00000000000001e0 is an unknown value
x10=0x00000000000014ee is an unknown value
x11=0x0000000104da8000 points into unknown readable memory: 00 01 02 03 04 05 06 00
x12=0x00000000000014ee is an unknown value
x13=0x0 is NULL
x14=0x00000001060be46f: _ZL18hsdis_library_name+0xa13c in /Users/waigel/Library/Java/JavaVirtualMachines/azul-13.0.11/Contents/Home/lib/server/libjvm.dylib at 0x0000000105918000
x15=0x0000000000000024 is an unknown value
x16=0x00000001a296cb74: free+0 in /usr/lib/system/libsystem_malloc.dylib at 0x00000001a296b000
x17=0x00000001fc9c5c58: <offset 0x59fa7c58> in /usr/lib/system/libsystem_c.dylib at 0x00000001a2a1e000
x18=0x0 is NULL
x19=0x0000000115b5b710 is at entry_point+-432 in (nmethod*)0x0000000115b5b710
x20=0x0000000156d29000 is a thread
x21=0x000000016f5c3580 is pointing into the stack for thread: 0x0000000156d29000
x22=0x0000000106241090: _ZN12StubRoutines25_call_stub_return_addressE+0 in /Users/waigel/Library/Java/JavaVirtualMachines/azul-13.0.11/Contents/Home/lib/server/libjvm.dylib at 0x0000000105918000
x23=0x0000000145e0e170 points into unknown readable memory: 60 a5 b0 41 07 00 00 00
x24=0x00000001a2b65630: tlv_get_addr+0 in /usr/lib/system/libdyld.dylib at 0x00000001a2b64000
x25=0x0000600001137940 points into unknown readable memory: 40 79 02 28 8f 0b 00 00
x26=0x0 is NULL
x27=0x0000000104bd11d2: <offset 0x2d1d2> in /Users/waigel/Library/Java/JavaVirtualMachines/azul-13.0.11/Contents/Home/lib/libjdwp.dylib at 0x0000000104ba4000
x28=0x0 is NULL


Registers:
 x0=0x0000000106294900  x1=0x0000000115b5b710  x2=0x0000000105ff6d58  x3=0x0000000155f38ffc
 x4=0x00000001a2a9acf7  x5=0x000000016f5c3c40  x6=0x0000000000000065  x7=0x0000600001144820
 x8=0x0000000106241000  x9=0x00000000000001e0 x10=0x00000000000014ee x11=0x0000000104da8000
x12=0x00000000000014ee x13=0x0000000000000000 x14=0x00000001060be46f x15=0x0000000000000024
x16=0x00000001a296cb74 x17=0x00000001fc9c5c58 x18=0x0000000000000000 x19=0x0000000115b5b710
x20=0x0000000156d29000 x21=0x000000016f5c3580 x22=0x0000000106241090 x23=0x0000000145e0e170
x24=0x00000001a2b65630 x25=0x0000600001137940 x26=0x0000000000000000 x27=0x0000000104bd11d2
x28=0x0000000000000000  fp=0x000000016f5c3540  lr=0x00000001060255cc  sp=0x000000016f5c3530
pc=0x0000000105ff6d94 cpsr=0x0000000080001000
Top of Stack: (sp=0x000000016f5c3530)
0x000000016f5c3530:   0000000156d29000 0000000106294900
0x000000016f5c3540:   000000016f5c3c30 00000001060255cc
0x000000016f5c3550:   000000016f5c4a80 0000000115b5b974
0x000000016f5c3560:   0000000115b5b710 0000000100000000
0x000000016f5c3570:   0000000000000000 000000016f5c4a80
0x000000016f5c3580:   00000001062372f8 00000001062372f8
0x000000016f5c3590:   00000001062372f8 00000001062372f8
0x000000016f5c35a0:   00000001062372f8 00000001062372f8
0x000000016f5c35b0:   00000001062372f8 00000001062372f8
0x000000016f5c35c0:   00000001062372f8 00000001062372f8
0x000000016f5c35d0:   00000001062372f8 00000001062372f8
0x000000016f5c35e0:   00000001062372f8 00000001062372f8
0x000000016f5c35f0:   00000001062372f8 00000001062372f8
0x000000016f5c3600:   000000000000000a 0000000000000010
0x000000016f5c3610:   000000000000003c 0000000000000000
0x000000016f5c3620:   0000000000000000 0000000100000000
0x000000016f5c3630:   00000001060be471 0000000000000000
0x000000016f5c3640:   00000001060be471 000000016f5c3660
0x000000016f5c3650:   000000016f5c3a20 9e3f0001a2a2322c
0x000000016f5c3660:   00000001062372f8 000000016f5c392b
0x000000016f5c3670:   000000016f5c392a 0000000006029d08
0x000000016f5c3680:   00006000010d214c 0000000000000000
0x000000016f5c3690:   0000000000000000 00000001060be442
0x000000016f5c36a0:   000000016f5c3877 0000000000000001
0x000000016f5c36b0:   0000000156d29000 0000000000000005
0x000000016f5c36c0:   0000000000000000 000000016f5c3928
0x000000016f5c36d0:   00000001a2a9acf7 00000000059ba380
0x000000016f5c36e0:   000000016f5c3a38 000000016f5c3804
0x000000016f5c36f0:   0000000000000000 0000000000000000
0x000000016f5c3700:   000000000000003c 0000000000000005
0x000000016f5c3710:   0000000000000003 ffffffffffffffff
0x000000016f5c3720:   00000001fb807828 0000000000000000 

Instructions: (pc=0x0000000105ff6d94)
0x0000000105ff6c94:   fd422100 5e61d800 b0000908 fd46e501
0x0000000105ff6ca4:   1e611800 fd0003e0 b0000821 9106ac21
0x0000000105ff6cb4:   aa1303e0 97fb5985 f0001248 f9420108
0x0000000105ff6cc4:   f90003e8 b0000821 91076021 aa1303e0
0x0000000105ff6cd4:   97fb597e f0001248 f9421508 f0001249
0x0000000105ff6ce4:   f9421929 a90027e8 b0000821 9107fc21
0x0000000105ff6cf4:   aa1303e0 97fb5975 f0001248 f9421d08
0x0000000105ff6d04:   d34afd08 f90003e8 b0000821 9108fc21
0x0000000105ff6d14:   aa1303e0 97fb596d aa1403e0 a9427bfd
0x0000000105ff6d24:   a9414ff4 9100c3ff 17fb605e a9bf7bfd
0x0000000105ff6d34:   910003fd d2800000 a8c17bfd d65f03c0
0x0000000105ff6d44:   a9bf7bfd 910003fd d2800000 a8c17bfd
0x0000000105ff6d54:   d65f03c0 a9be4ff4 a9017bfd 910043fd
0x0000000105ff6d64:   aa0103f3 f0001248 b9442509 35000129
0x0000000105ff6d74:   b0000f49 d503201f f9447929 d354fd2a
0x0000000105ff6d84:   531f794a f144013f 1a9f2549 b9042509
0x0000000105ff6d94:   b9014a69 f9400268 f9404108 aa1303e0
0x0000000105ff6da4:   d63f0100 340000a0 aa1303e0 a9417bfd
0x0000000105ff6db4:   a8c24ff4 17faa54c a9417bfd a8c24ff4
0x0000000105ff6dc4:   d65f03c0 a9bf7bfd 910003fd f0001248
0x0000000105ff6dd4:   b9442509 35000129 b0000f49 d503201f
0x0000000105ff6de4:   f9447929 d354fd2a 531f794a f144013f
0x0000000105ff6df4:   1a9f2549 b9042509 b9014829 a8c17bfd
0x0000000105ff6e04:   d65f03c0 a9be4ff4 a9017bfd 910043fd
0x0000000105ff6e14:   aa0103f3 aa0003f4 f9400028 f9402108
0x0000000105ff6e24:   aa0103e0 d63f0100 340000c0 f9400268
0x0000000105ff6e34:   f9402908 aa1303e0 d63f0100 36000080
0x0000000105ff6e44:   a9417bfd a8c24ff4 d65f03c0 f9400681
0x0000000105ff6e54:   f9400268 f9406902 aa1303e0 a9417bfd
0x0000000105ff6e64:   a8c24ff4 d61f0040 a9bf7bfd 910003fd
0x0000000105ff6e74:   f9400c01 52800020 a8c17bfd 1400bdbf
0x0000000105ff6e84:   a9be4ff4 a9017bfd 910043fd 39404008 


Stack slot to memory mapping:
stack at sp + 0 slots: 0x0000000156d29000 is a thread
stack at sp + 1 slots: 0x0000000106294900: _ZL23mark_activation_closure+0 in /Users/waigel/Library/Java/JavaVirtualMachines/azul-13.0.11/Contents/Home/lib/server/libjvm.dylib at 0x0000000105918000
stack at sp + 2 slots: 0x000000016f5c3c30 is pointing into the stack for thread: 0x0000000156d29000
stack at sp + 3 slots: 0x00000001060255cc: _ZN10JavaThread11nmethods_doEP15CodeBlobClosure+0x80 in /Users/waigel/Library/Java/JavaVirtualMachines/azul-13.0.11/Contents/Home/lib/server/libjvm.dylib at 0x0000000105918000
stack at sp + 4 slots: 0x000000016f5c4a80 is pointing into the stack for thread: 0x0000000156d29000
stack at sp + 5 slots: 0x0000000115b5b974 is at entry_point+180 in (nmethod*)0x0000000115b5b710
stack at sp + 6 slots: 0x0000000115b5b710 is at entry_point+-432 in (nmethod*)0x0000000115b5b710
stack at sp + 7 slots: 0x0000000100000000 is an unknown value


---------------  P R O C E S S  ---------------

Threads class SMR info:
_java_thread_list=0x0000600001101320, length=28, elements={
0x0000000146009800, 0x000000014600c800, 0x000000014600a800, 0x000000014600b800,
0x0000000146010800, 0x0000000146011000, 0x0000000146012000, 0x0000000146088000,
0x0000000146087000, 0x0000000156015000, 0x00000001578ad800, 0x0000000157b64000,
0x0000000157b64800, 0x000000014641d800, 0x0000000156d29000, 0x0000000156d29800,
0x0000000127025000, 0x0000000127040800, 0x0000000127853800, 0x0000000156d31000,
0x0000000156d32000, 0x0000000126066000, 0x0000000156163000, 0x0000000127041800,
0x0000000156d2f000, 0x0000000146423000, 0x0000000156164000, 0x0000000156166800
}

Java Threads: ( => current thread )
  0x0000000146009800 JavaThread "Reference Handler" daemon [_thread_blocked, id=13315, stack(0x000000016c398000,0x000000016c59b000)]
  0x000000014600c800 JavaThread "Finalizer" daemon [_thread_blocked, id=16387, stack(0x000000016c5a4000,0x000000016c7a7000)]
  0x000000014600a800 JavaThread "Signal Dispatcher" daemon [_thread_blocked, id=43267, stack(0x000000016c8c8000,0x000000016cacb000)]
  0x000000014600b800 JavaThread "Service Thread" daemon [_thread_blocked, id=22019, stack(0x000000016cad4000,0x000000016ccd7000)]
  0x0000000146010800 JavaThread "C2 CompilerThread0" daemon [_thread_blocked, id=22787, stack(0x000000016cce0000,0x000000016cee3000)]
  0x0000000146011000 JavaThread "C1 CompilerThread0" daemon [_thread_blocked, id=23299, stack(0x000000016ceec000,0x000000016d0ef000)]
  0x0000000146012000 JavaThread "Sweeper thread" daemon [_thread_blocked, id=24067, stack(0x000000016d0f8000,0x000000016d2fb000)]
  0x0000000146088000 JavaThread "JDWP Transport Listener: dt_socket" daemon [_thread_blocked, id=24323, stack(0x000000016d304000,0x000000016d507000)]
  0x0000000146087000 JavaThread "JDWP Event Helper Thread" daemon [_thread_blocked, id=24835, stack(0x000000016d510000,0x000000016d713000)]
  0x0000000156015000 JavaThread "JDWP Command Reader" daemon [_thread_in_native, id=41475, stack(0x000000016d71c000,0x000000016d91f000)]
  0x00000001578ad800 JavaThread "Common-Cleaner" daemon [_thread_blocked, id=26371, stack(0x000000016db34000,0x000000016dd37000)]
  0x0000000157b64000 JavaThread "Catalina-utility-1" [_thread_blocked, id=40459, stack(0x000000016e158000,0x000000016e35b000)]
  0x0000000157b64800 JavaThread "Catalina-utility-2" [_thread_blocked, id=39683, stack(0x000000016e77c000,0x000000016e97f000)]
  0x000000014641d800 JavaThread "container-0" [_thread_blocked, id=38915, stack(0x000000016e988000,0x000000016eb8b000)]
=>0x0000000156d29000 JavaThread "http-nio-8080-exec-1" daemon [_thread_in_vm, id=30211, stack(0x000000016f3c4000,0x000000016f5c7000)]
  0x0000000156d29800 JavaThread "http-nio-8080-exec-2" daemon [_thread_blocked, id=30723, stack(0x000000016f5d0000,0x000000016f7d3000)]
  0x0000000127025000 JavaThread "http-nio-8080-exec-3" daemon [_thread_blocked, id=37123, stack(0x000000016f7dc000,0x000000016f9df000)]
  0x0000000127040800 JavaThread "http-nio-8080-exec-4" daemon [_thread_blocked, id=31235, stack(0x000000016f9e8000,0x000000016fbeb000)]
  0x0000000127853800 JavaThread "http-nio-8080-exec-5" daemon [_thread_blocked, id=31491, stack(0x000000016fbf4000,0x000000016fdf7000)]
  0x0000000156d31000 JavaThread "http-nio-8080-exec-6" daemon [_thread_blocked, id=31747, stack(0x0000000288004000,0x0000000288207000)]
  0x0000000156d32000 JavaThread "http-nio-8080-exec-7" daemon [_thread_blocked, id=34819, stack(0x0000000288210000,0x0000000288413000)]
  0x0000000126066000 JavaThread "http-nio-8080-exec-8" daemon [_thread_blocked, id=32003, stack(0x000000028841c000,0x000000028861f000)]
  0x0000000156163000 JavaThread "http-nio-8080-exec-9" daemon [_thread_blocked, id=32515, stack(0x0000000288628000,0x000000028882b000)]
  0x0000000127041800 JavaThread "http-nio-8080-exec-10" daemon [_thread_blocked, id=33539, stack(0x0000000288834000,0x0000000288a37000)]
  0x0000000156d2f000 JavaThread "http-nio-8080-Poller" daemon [_thread_in_native, id=43523, stack(0x0000000288a40000,0x0000000288c43000)]
  0x0000000146423000 JavaThread "http-nio-8080-Acceptor" daemon [_thread_in_native, id=43779, stack(0x0000000288c4c000,0x0000000288e4f000)]
  0x0000000156164000 JavaThread "DestroyJavaVM" [_thread_blocked, id=6147, stack(0x000000016b544000,0x000000016b747000)]
  0x0000000156166800 JavaThread "Connection evictor" daemon [_thread_blocked, id=44291, stack(0x0000000288e58000,0x000000028905b000)]

Other Threads:
  0x00000001578ce000 VMThread "VM Thread" [stack: 0x000000016c18c000,0x000000016c38f000] [id=12803] _threads_hazard_ptr=0x0000600001101320
  0x00000001578cf000 WatcherThread [stack: 0x000000016d928000,0x000000016db2b000] [id=25603]
  0x0000000157831800 GCTaskThread "GC Thread#0" [stack: 0x000000016b750000,0x000000016b953000] [id=20483]
  0x0000000156b4b000 GCTaskThread "GC Thread#1" [stack: 0x000000016dd40000,0x000000016df43000] [id=26883]
  0x0000000156b4b800 GCTaskThread "GC Thread#2" [stack: 0x000000016df4c000,0x000000016e14f000] [id=40707]
  0x00000001461f1000 GCTaskThread "GC Thread#3" [stack: 0x000000016e364000,0x000000016e567000] [id=27651]
  0x0000000140023000 GCTaskThread "GC Thread#4" [stack: 0x000000016eb94000,0x000000016ed97000] [id=38659]
  0x0000000140023800 GCTaskThread "GC Thread#5" [stack: 0x000000016eda0000,0x000000016efa3000] [id=29187]
  0x000000015615f000 GCTaskThread "GC Thread#6" [stack: 0x000000016efac000,0x000000016f1af000] [id=38403]
  0x000000015631a000 GCTaskThread "GC Thread#7" [stack: 0x000000016f1b8000,0x000000016f3bb000] [id=37891]
  0x0000000157842800 ConcurrentGCThread "G1 Main Marker" [stack: 0x000000016b95c000,0x000000016bb5f000] [id=11523]
  0x0000000157843800 ConcurrentGCThread "G1 Conc#0" [stack: 0x000000016bb68000,0x000000016bd6b000] [id=19459]
  0x00000001461ee800 ConcurrentGCThread "G1 Conc#1" [stack: 0x000000016e570000,0x000000016e773000] [id=28163]
  0x00000001578a4000 ConcurrentGCThread "G1 Refine#0" [stack: 0x000000016bd74000,0x000000016bf77000] [id=18947]
  0x00000001578a5000 ConcurrentGCThread "G1 Young RemSet Sampling" [stack: 0x000000016bf80000,0x000000016c183000] [id=12291]

Threads with active compile tasks:

VM state:not at safepoint (normal execution)

VM Mutex/Monitor currently owned by a thread:  ([mutex/lock_event])
[0x00006000034d14a0] Threads_lock - owner thread: 0x00000001578ce000

Heap address: 0x0000000740000000, size: 2048 MB, Compressed Oops mode: Zero based, Oop shift amount: 3
Narrow klass base: 0x0000000800000000, Narrow klass shift: 0
Compressed class space size: 1073741824 Address: 0x0000000800000000

Heap:
 garbage-first heap   total 50176K, used 16895K [0x0000000740000000, 0x00000007c0000000)
  region size 1024K, 4 young (4096K), 3 survivors (3072K)
 Metaspace       used 44511K, capacity 45761K, committed 46080K, reserved 1089536K
  class space    used 5263K, capacity 5766K, committed 5888K, reserved 1048576K
Heap Regions: E=young(eden), S=young(survivor), O=old, HS=humongous(starts), HC=humongous(continues), CS=collection set, F=free, A=archive, TAMS=top-at-mark-start (previous, next)
|   0|0x0000000740000000, 0x00000007400df800, 0x0000000740100000| 87%| O|  |TAMS 0x00000007400df800, 0x0000000740000000| Untracked 
|   1|0x0000000740100000, 0x0000000740200000, 0x0000000740200000|100%| O|  |TAMS 0x0000000740200000, 0x0000000740100000| Untracked 
|   2|0x0000000740200000, 0x0000000740300000, 0x0000000740300000|100%| O|  |TAMS 0x0000000740300000, 0x0000000740200000| Untracked 
|   3|0x0000000740300000, 0x0000000740400000, 0x0000000740400000|100%| O|  |TAMS 0x0000000740400000, 0x0000000740300000| Untracked 
|   4|0x0000000740400000, 0x0000000740500000, 0x0000000740500000|100%| O|  |TAMS 0x0000000740500000, 0x0000000740400000| Untracked 
|   5|0x0000000740500000, 0x0000000740600000, 0x0000000740600000|100%| O|  |TAMS 0x00000007405a2e00, 0x0000000740500000| Untracked 
|   6|0x0000000740600000, 0x0000000740700000, 0x0000000740700000|100%| O|  |TAMS 0x0000000740600000, 0x0000000740600000| Untracked 
|   7|0x0000000740700000, 0x0000000740800000, 0x0000000740800000|100%| O|  |TAMS 0x0000000740700000, 0x0000000740700000| Untracked 
|   8|0x0000000740800000, 0x0000000740900000, 0x0000000740900000|100%| O|  |TAMS 0x0000000740800000, 0x0000000740800000| Untracked 
|   9|0x0000000740900000, 0x00000007409a0600, 0x0000000740a00000| 62%| O|  |TAMS 0x0000000740900000, 0x0000000740900000| Untracked 
|  10|0x0000000740a00000, 0x0000000740a00000, 0x0000000740b00000|  0%| F|  |TAMS 0x0000000740a00000, 0x0000000740a00000| Untracked 
|  11|0x0000000740b00000, 0x0000000740b00000, 0x0000000740c00000|  0%| F|  |TAMS 0x0000000740b00000, 0x0000000740b00000| Untracked 
|  12|0x0000000740c00000, 0x0000000740c00000, 0x0000000740d00000|  0%| F|  |TAMS 0x0000000740c00000, 0x0000000740c00000| Untracked 
|  13|0x0000000740d00000, 0x0000000740d00000, 0x0000000740e00000|  0%| F|  |TAMS 0x0000000740d00000, 0x0000000740d00000| Untracked 
|  14|0x0000000740e00000, 0x0000000740e00000, 0x0000000740f00000|  0%| F|  |TAMS 0x0000000740e00000, 0x0000000740e00000| Untracked 
|  15|0x0000000740f00000, 0x0000000740f00000, 0x0000000741000000|  0%| F|  |TAMS 0x0000000740f00000, 0x0000000740f00000| Untracked 
|  16|0x0000000741000000, 0x0000000741000000, 0x0000000741100000|  0%| F|  |TAMS 0x0000000741000000, 0x0000000741000000| Untracked 
|  17|0x0000000741100000, 0x0000000741100000, 0x0000000741200000|  0%| F|  |TAMS 0x0000000741100000, 0x0000000741100000| Untracked 
|  18|0x0000000741200000, 0x0000000741200000, 0x0000000741300000|  0%| F|  |TAMS 0x0000000741200000, 0x0000000741200000| Untracked 
|  19|0x0000000741300000, 0x0000000741300000, 0x0000000741400000|  0%| F|  |TAMS 0x0000000741300000, 0x0000000741300000| Untracked 
|  20|0x0000000741400000, 0x0000000741400000, 0x0000000741500000|  0%| F|  |TAMS 0x0000000741400000, 0x0000000741400000| Untracked 
|  21|0x0000000741500000, 0x0000000741600000, 0x0000000741600000|100%| O|  |TAMS 0x0000000741600000, 0x0000000741500000| Untracked 
|  22|0x0000000741600000, 0x0000000741700000, 0x0000000741700000|100%| O|  |TAMS 0x0000000741700000, 0x0000000741600000| Untracked 
|  23|0x0000000741700000, 0x0000000741800000, 0x0000000741800000|100%| O|  |TAMS 0x0000000741800000, 0x0000000741700000| Untracked 
|  24|0x0000000741800000, 0x0000000741900000, 0x0000000741900000|100%| S|CS|TAMS 0x0000000741800000, 0x0000000741800000| Complete 
|  25|0x0000000741900000, 0x0000000741a00000, 0x0000000741a00000|100%| O|  |TAMS 0x0000000741a00000, 0x0000000741900000| Untracked 
|  26|0x0000000741a00000, 0x0000000741b00000, 0x0000000741b00000|100%| S|CS|TAMS 0x0000000741a00000, 0x0000000741a00000| Complete 
|  27|0x0000000741b00000, 0x0000000741c00000, 0x0000000741c00000|100%| S|CS|TAMS 0x0000000741b00000, 0x0000000741b00000| Complete 
|  28|0x0000000741c00000, 0x0000000741c00000, 0x0000000741d00000|  0%| F|  |TAMS 0x0000000741c00000, 0x0000000741c00000| Untracked 
|  29|0x0000000741d00000, 0x0000000741d00000, 0x0000000741e00000|  0%| F|  |TAMS 0x0000000741d00000, 0x0000000741d00000| Untracked 
|  30|0x0000000741e00000, 0x0000000741e00000, 0x0000000741f00000|  0%| F|  |TAMS 0x0000000741e00000, 0x0000000741e00000| Untracked 
|  31|0x0000000741f00000, 0x0000000741f00000, 0x0000000742000000|  0%| F|  |TAMS 0x0000000741f00000, 0x0000000741f00000| Untracked 
|  32|0x0000000742000000, 0x0000000742000000, 0x0000000742100000|  0%| F|  |TAMS 0x0000000742000000, 0x0000000742000000| Untracked 
|  33|0x0000000742100000, 0x0000000742100000, 0x0000000742200000|  0%| F|  |TAMS 0x0000000742100000, 0x0000000742100000| Untracked 
|  34|0x0000000742200000, 0x0000000742200000, 0x0000000742300000|  0%| F|  |TAMS 0x0000000742200000, 0x0000000742200000| Untracked 
|  35|0x0000000742300000, 0x0000000742300000, 0x0000000742400000|  0%| F|  |TAMS 0x0000000742300000, 0x0000000742300000| Untracked 
|  36|0x0000000742400000, 0x0000000742400000, 0x0000000742500000|  0%| F|  |TAMS 0x0000000742400000, 0x0000000742400000| Untracked 
|  37|0x0000000742500000, 0x0000000742500000, 0x0000000742600000|  0%| F|  |TAMS 0x0000000742500000, 0x0000000742500000| Untracked 
|  38|0x0000000742600000, 0x0000000742600000, 0x0000000742700000|  0%| F|  |TAMS 0x0000000742600000, 0x0000000742600000| Untracked 
|  39|0x0000000742700000, 0x0000000742700000, 0x0000000742800000|  0%| F|  |TAMS 0x0000000742700000, 0x0000000742700000| Untracked 
|  40|0x0000000742800000, 0x0000000742800000, 0x0000000742900000|  0%| F|  |TAMS 0x0000000742800000, 0x0000000742800000| Untracked 
|  41|0x0000000742900000, 0x0000000742900000, 0x0000000742a00000|  0%| F|  |TAMS 0x0000000742900000, 0x0000000742900000| Untracked 
|  68|0x0000000744400000, 0x0000000744400000, 0x0000000744500000|  0%| F|  |TAMS 0x0000000744400000, 0x0000000744400000| Untracked 
|  69|0x0000000744500000, 0x0000000744500000, 0x0000000744600000|  0%| F|  |TAMS 0x0000000744500000, 0x0000000744500000| Untracked 
|  70|0x0000000744600000, 0x0000000744600000, 0x0000000744700000|  0%| F|  |TAMS 0x0000000744600000, 0x0000000744600000| Untracked 
|  71|0x0000000744700000, 0x0000000744700000, 0x0000000744800000|  0%| F|  |TAMS 0x0000000744700000, 0x0000000744700000| Untracked 
|  72|0x0000000744800000, 0x0000000744800000, 0x0000000744900000|  0%| F|  |TAMS 0x0000000744800000, 0x0000000744800000| Untracked 
|  73|0x0000000744900000, 0x0000000744900000, 0x0000000744a00000|  0%| F|  |TAMS 0x0000000744900000, 0x0000000744900000| Untracked 
| 127|0x0000000747f00000, 0x0000000747f82078, 0x0000000748000000| 50%| E|  |TAMS 0x0000000747f00000, 0x0000000747f00000| Complete 

Card table byte_map: [0x0000000105294000,0x0000000105694000] _byte_map_base: 0x0000000101894000

Marking Bits (Prev, Next): (CMBitMap*) 0x0000000157832018, (CMBitMap*) 0x0000000157832058
 Prev Bits: [0x000000011d3ec000, 0x000000011f3ec000)
 Next Bits: [0x000000011f3ec000, 0x00000001213ec000)

Polling page: 0x0000000104acc000

Metaspace:

Usage:
  Non-class:     39.06 MB capacity,    38.33 MB ( 98%) used,   605.27 KB (  2%) free+waste,   141.69 KB ( <1%) overhead. 
      Class:      5.63 MB capacity,     5.14 MB ( 91%) used,   434.15 KB (  8%) free+waste,    68.06 KB (  1%) overhead. 
       Both:     44.69 MB capacity,    43.47 MB ( 97%) used,     1.02 MB (  2%) free+waste,   209.75 KB ( <1%) overhead. 

Virtual space:
  Non-class space:       40.00 MB reserved,      39.25 MB ( 98%) committed 
      Class space:        1.00 GB reserved,       5.75 MB ( <1%) committed 
             Both:        1.04 GB reserved,      45.00 MB (  4%) committed 

Chunk freelists:
   Non-Class:  5.00 KB
       Class:  26.00 KB
        Both:  31.00 KB

MaxMetaspaceSize: unlimited
CompressedClassSpaceSize: 1.00 GB

CodeHeap 'non-profiled nmethods': size=120032Kb used=1319Kb max_used=1319Kb free=118712Kb
 bounds [0x0000000115ab4000, 0x0000000115d24000, 0x000000011cfec000]
CodeHeap 'profiled nmethods': size=120016Kb used=7063Kb max_used=7063Kb free=112952Kb
 bounds [0x000000010e580000, 0x000000010ec70000, 0x0000000115ab4000]
CodeHeap 'non-nmethods': size=5712Kb used=1726Kb max_used=1886Kb free=3985Kb
 bounds [0x000000010dfec000, 0x000000010e25c000, 0x000000010e580000]
 total_blobs=3858 nmethods=3364 adapters=417
 compilation: enabled
              stopped_count=0, restarted_count=0
 full_count=0

Compilation events (20 events):
Event: 6.862 Thread 0x0000000146010800 nmethod 3741 0x0000000115aded10 code [0x0000000115adee80, 0x0000000115adeee0]
Event: 6.862 Thread 0x0000000146010800 3744       4       sun.security.provider.SHA5::lf_ch (13 bytes)
Event: 6.862 Thread 0x0000000146010800 nmethod 3744 0x0000000115b15390 code [0x0000000115b15500, 0x0000000115b15560]
Event: 6.862 Thread 0x0000000146010800 3745       4       sun.security.provider.SHA5::lf_maj (14 bytes)
Event: 6.862 Thread 0x0000000146010800 nmethod 3745 0x0000000115b25690 code [0x0000000115b25800, 0x0000000115b25860]
Event: 6.862 Thread 0x0000000146010800 3837       4       java.math.BigInteger::mulAdd (19 bytes)
Event: 6.862 Thread 0x0000000146010800 nmethod 3837 0x0000000115b2c990 code [0x0000000115b2cb40, 0x0000000115b2cc20]
Event: 6.862 Thread 0x0000000146010800 3673       4       java.lang.Integer::reverseBytes (28 bytes)
Event: 6.862 Thread 0x0000000146010800 nmethod 3673 0x0000000115b4da90 code [0x0000000115b4dc00, 0x0000000115b4dc60]
Event: 6.862 Thread 0x0000000146010800 3844       4       java.lang.Long::reverseBytes (46 bytes)
Event: 6.862 Thread 0x0000000146010800 nmethod 3844 0x0000000115b44b90 code [0x0000000115b44d00, 0x0000000115b44da0]
Event: 6.863 Thread 0x0000000146010800 3677       4       java.util.regex.Pattern$GroupHead::match (47 bytes)
Event: 6.863 Thread 0x0000000146010800 nmethod 3677 0x0000000115b44610 code [0x0000000115b447c0, 0x0000000115b449f0]
Event: 6.863 Thread 0x0000000146010800 3742       4       sun.security.provider.SHA5::lf_R (4 bytes)
Event: 6.863 Thread 0x0000000146010800 nmethod 3742 0x0000000115b44310 code [0x0000000115b44480, 0x0000000115b444e0]
Event: 7.183 Thread 0x0000000146011000 3858       3       org.apache.http.util.Args::notNull (33 bytes)
Event: 7.183 Thread 0x0000000146011000 nmethod 3858 0x000000010ec67390 code [0x000000010ec67640, 0x000000010ec67f70]
Event: 7.185 Thread 0x0000000146010800 3859       4       jdk.internal.ref.PhantomCleanable::<init> (49 bytes)
Event: 7.192 Thread 0x0000000146010800 nmethod 3859 0x0000000115b96910 code [0x0000000115b96bc0, 0x0000000115b979c0]
Event: 20.680 Thread 0x0000000146010800 3860       4       jdk.internal.misc.Unsafe::allocateUninitializedArray (52 bytes)

GC Heap History (20 events):
Event: 0.310 GC heap before
{Heap before GC invocations=0 (full 0):
 garbage-first heap   total 131072K, used 23552K [0x0000000740000000, 0x00000007c0000000)
  region size 1024K, 24 young (24576K), 0 survivors (0K)
 Metaspace       used 10441K, capacity 10669K, committed 10880K, reserved 1058816K
  class space    used 1037K, capacity 1104K, committed 1152K, reserved 1048576K
}
Event: 0.312 GC heap after
{Heap after GC invocations=1 (full 0):
 garbage-first heap   total 131072K, used 3966K [0x0000000740000000, 0x00000007c0000000)
  region size 1024K, 3 young (3072K), 3 survivors (3072K)
 Metaspace       used 10441K, capacity 10669K, committed 10880K, reserved 1058816K
  class space    used 1037K, capacity 1104K, committed 1152K, reserved 1048576K
}
Event: 0.537 GC heap before
{Heap before GC invocations=1 (full 0):
 garbage-first heap   total 131072K, used 55166K [0x0000000740000000, 0x00000007c0000000)
  region size 1024K, 54 young (55296K), 3 survivors (3072K)
 Metaspace       used 20746K, capacity 21164K, committed 21248K, reserved 1069056K
  class space    used 2291K, capacity 2490K, committed 2560K, reserved 1048576K
}
Event: 0.541 GC heap after
{Heap after GC invocations=2 (full 0):
 garbage-first heap   total 131072K, used 6168K [0x0000000740000000, 0x00000007c0000000)
  region size 1024K, 6 young (6144K), 6 survivors (6144K)
 Metaspace       used 20746K, capacity 21164K, committed 21248K, reserved 1069056K
  class space    used 2291K, capacity 2490K, committed 2560K, reserved 1048576K
}
Event: 0.631 GC heap before
{Heap before GC invocations=3 (full 0):
 garbage-first heap   total 27648K, used 25624K [0x0000000740000000, 0x00000007c0000000)
  region size 1024K, 25 young (25600K), 6 survivors (6144K)
 Metaspace       used 23103K, capacity 23683K, committed 23936K, reserved 1071104K
  class space    used 2587K, capacity 2821K, committed 2944K, reserved 1048576K
}
Event: 0.635 GC heap after
{Heap after GC invocations=4 (full 0):
 garbage-first heap   total 33792K, used 7554K [0x0000000740000000, 0x00000007c0000000)
  region size 1024K, 2 young (2048K), 2 survivors (2048K)
 Metaspace       used 23103K, capacity 23683K, committed 23936K, reserved 1071104K
  class space    used 2587K, capacity 2821K, committed 2944K, reserved 1048576K
}
Event: 0.718 GC heap before
{Heap before GC invocations=4 (full 0):
 garbage-first heap   total 33792K, used 24962K [0x0000000740000000, 0x00000007c0000000)
  region size 1024K, 19 young (19456K), 2 survivors (2048K)
 Metaspace       used 24112K, capacity 24729K, committed 25088K, reserved 1071104K
  class space    used 2695K, capacity 2950K, committed 3072K, reserved 1048576K
}
Event: 0.720 GC heap after
{Heap after GC invocations=5 (full 0):
 garbage-first heap   total 33792K, used 7287K [0x0000000740000000, 0x00000007c0000000)
  region size 1024K, 2 young (2048K), 2 survivors (2048K)
 Metaspace       used 24112K, capacity 24729K, committed 25088K, reserved 1071104K
  class space    used 2695K, capacity 2950K, committed 3072K, reserved 1048576K
}
Event: 0.815 GC heap before
{Heap before GC invocations=5 (full 0):
 garbage-first heap   total 33792K, used 24695K [0x0000000740000000, 0x00000007c0000000)
  region size 1024K, 19 young (19456K), 2 survivors (2048K)
 Metaspace       used 26296K, capacity 26923K, committed 27136K, reserved 1073152K
  class space    used 2968K, capacity 3204K, committed 3328K, reserved 1048576K
}
Event: 0.817 GC heap after
{Heap after GC invocations=6 (full 0):
 garbage-first heap   total 40960K, used 8013K [0x0000000740000000, 0x00000007c0000000)
  region size 1024K, 2 young (2048K), 2 survivors (2048K)
 Metaspace       used 26296K, capacity 26923K, committed 27136K, reserved 1073152K
  class space    used 2968K, capacity 3204K, committed 3328K, reserved 1048576K
}
Event: 0.955 GC heap before
{Heap before GC invocations=6 (full 0):
 garbage-first heap   total 40960K, used 30541K [0x0000000740000000, 0x00000007c0000000)
  region size 1024K, 24 young (24576K), 2 survivors (2048K)
 Metaspace       used 30393K, capacity 31294K, committed 31488K, reserved 1077248K
  class space    used 3486K, capacity 3832K, committed 3840K, reserved 1048576K
}
Event: 0.959 GC heap after
{Heap after GC invocations=7 (full 0):
 garbage-first heap   total 40960K, used 9743K [0x0000000740000000, 0x00000007c0000000)
  region size 1024K, 3 young (3072K), 3 survivors (3072K)
 Metaspace       used 30393K, capacity 31294K, committed 31488K, reserved 1077248K
  class space    used 3486K, capacity 3832K, committed 3840K, reserved 1048576K
}
Event: 1.149 GC heap before
{Heap before GC invocations=7 (full 0):
 garbage-first heap   total 40960K, used 31247K [0x0000000740000000, 0x00000007c0000000)
  region size 1024K, 24 young (24576K), 3 survivors (3072K)
 Metaspace       used 32941K, capacity 33931K, committed 34176K, reserved 1079296K
  class space    used 3803K, capacity 4199K, committed 4224K, reserved 1048576K
}
Event: 1.153 GC heap after
{Heap after GC invocations=8 (full 0):
 garbage-first heap   total 40960K, used 11650K [0x0000000740000000, 0x00000007c0000000)
  region size 1024K, 2 young (2048K), 2 survivors (2048K)
 Metaspace       used 32941K, capacity 33931K, committed 34176K, reserved 1079296K
  class space    used 3803K, capacity 4199K, committed 4224K, reserved 1048576K
}
Event: 1.356 GC heap before
{Heap before GC invocations=8 (full 0):
 garbage-first heap   total 40960K, used 24962K [0x0000000740000000, 0x00000007c0000000)
  region size 1024K, 16 young (16384K), 2 survivors (2048K)
 Metaspace       used 34717K, capacity 35770K, committed 35840K, reserved 1081344K
  class space    used 4037K, capacity 4471K, committed 4480K, reserved 1048576K
}
Event: 1.361 GC heap after
{Heap after GC invocations=9 (full 0):
 garbage-first heap   total 40960K, used 12882K [0x0000000740000000, 0x00000007c0000000)
  region size 1024K, 2 young (2048K), 2 survivors (2048K)
 Metaspace       used 34717K, capacity 35770K, committed 35840K, reserved 1081344K
  class space    used 4037K, capacity 4471K, committed 4480K, reserved 1048576K
}
Event: 6.506 GC heap before
{Heap before GC invocations=10 (full 0):
 garbage-first heap   total 40960K, used 29266K [0x0000000740000000, 0x00000007c0000000)
  region size 1024K, 18 young (18432K), 2 survivors (2048K)
 Metaspace       used 37790K, capacity 39008K, committed 39296K, reserved 1083392K
  class space    used 4418K, capacity 4911K, committed 4992K, reserved 1048576K
}
Event: 6.510 GC heap after
{Heap after GC invocations=11 (full 0):
 garbage-first heap   total 50176K, used 13544K [0x0000000740000000, 0x00000007c0000000)
  region size 1024K, 2 young (2048K), 2 survivors (2048K)
 Metaspace       used 37790K, capacity 39008K, committed 39296K, reserved 1083392K
  class space    used 4418K, capacity 4911K, committed 4992K, reserved 1048576K
}
Event: 7.177 GC heap before
{Heap before GC invocations=11 (full 0):
 garbage-first heap   total 50176K, used 35048K [0x0000000740000000, 0x00000007c0000000)
  region size 1024K, 23 young (23552K), 2 survivors (2048K)
 Metaspace       used 44398K, capacity 45592K, committed 45696K, reserved 1089536K
  class space    used 5247K, capacity 5731K, committed 5760K, reserved 1048576K
}
Event: 7.181 GC heap after
{Heap after GC invocations=12 (full 0):
 garbage-first heap   total 50176K, used 16895K [0x0000000740000000, 0x00000007c0000000)
  region size 1024K, 3 young (3072K), 3 survivors (3072K)
 Metaspace       used 44398K, capacity 45592K, committed 45696K, reserved 1089536K
  class space    used 5247K, capacity 5731K, committed 5760K, reserved 1048576K
}

Deoptimization events (20 events):
Event: 6.799 Thread 0x0000000156d29000 DEOPT PACKING pc=0x000000010eb640f8 sp=0x000000016f5c2d20
Event: 6.799 Thread 0x0000000156d29000 DEOPT UNPACKING pc=0x000000010e09b47c sp=0x000000016f5c2b50 mode 1
Event: 6.799 Thread 0x0000000156d29000 DEOPT PACKING pc=0x000000010e81515c sp=0x000000016f5c2e00
Event: 6.799 Thread 0x0000000156d29000 DEOPT UNPACKING pc=0x000000010e09b47c sp=0x000000016f5c2ca0 mode 1
Event: 7.177 Thread 0x0000000156d29000 Uncommon trap: trap_request=0xffffffde fr.pc=0x0000000115b45b30 relative=0x00000000000000f0
Event: 7.177 Thread 0x0000000156d29000 Uncommon trap: reason=class_check action=maybe_recompile pc=0x0000000115b45b30 method=jdk.internal.misc.Unsafe.allocateUninitializedArray(Ljava/lang/Class;I)Ljava/lang/Object; @ 48 c2
Event: 7.177 Thread 0x0000000156d29000 DEOPT PACKING pc=0x0000000115b45b30 sp=0x000000016f5c2cc0
Event: 7.177 Thread 0x0000000156d29000 DEOPT UNPACKING pc=0x000000010e09af9c sp=0x000000016f5c2c60 mode 2
Event: 7.177 Thread 0x0000000156d29000 Uncommon trap: trap_request=0xffffffde fr.pc=0x0000000115b45b30 relative=0x00000000000000f0
Event: 7.177 Thread 0x0000000156d29000 Uncommon trap: reason=class_check action=maybe_recompile pc=0x0000000115b45b30 method=jdk.internal.misc.Unsafe.allocateUninitializedArray(Ljava/lang/Class;I)Ljava/lang/Object; @ 48 c2
Event: 7.177 Thread 0x0000000156d29000 DEOPT PACKING pc=0x0000000115b45b30 sp=0x000000016f5c2840
Event: 7.177 Thread 0x0000000156d29000 DEOPT UNPACKING pc=0x000000010e09af9c sp=0x000000016f5c27e0 mode 2
Event: 7.177 Thread 0x0000000156d29000 Uncommon trap: trap_request=0xffffffde fr.pc=0x0000000115b45b30 relative=0x00000000000000f0
Event: 7.177 Thread 0x0000000156d29000 Uncommon trap: reason=class_check action=maybe_recompile pc=0x0000000115b45b30 method=jdk.internal.misc.Unsafe.allocateUninitializedArray(Ljava/lang/Class;I)Ljava/lang/Object; @ 48 c2
Event: 7.177 Thread 0x0000000156d29000 DEOPT PACKING pc=0x0000000115b45b30 sp=0x000000016f5c2dd0
Event: 7.177 Thread 0x0000000156d29000 DEOPT UNPACKING pc=0x000000010e09af9c sp=0x000000016f5c2d70 mode 2
Event: 7.177 Thread 0x0000000156d29000 Uncommon trap: trap_request=0xffffffde fr.pc=0x0000000115b45b30 relative=0x00000000000000f0
Event: 7.177 Thread 0x0000000156d29000 Uncommon trap: reason=class_check action=maybe_recompile pc=0x0000000115b45b30 method=jdk.internal.misc.Unsafe.allocateUninitializedArray(Ljava/lang/Class;I)Ljava/lang/Object; @ 48 c2
Event: 7.177 Thread 0x0000000156d29000 DEOPT PACKING pc=0x0000000115b45b30 sp=0x000000016f5c2950
Event: 7.177 Thread 0x0000000156d29000 DEOPT UNPACKING pc=0x000000010e09af9c sp=0x000000016f5c28f0 mode 2

Classes unloaded (0 events):
No events

Classes redefined (0 events):
No events

Internal exceptions (20 events):
Event: 1.101 Thread 0x0000000157809000 Exception <a 'java/lang/ClassNotFoundException'{0x00000007413c7248}: org/springframework/beans/factory/AwareCustomizer> (0x00000007413c7248) 
thrown [src/hotspot/share/classfile/systemDictionary.cpp, line 232]
Event: 1.101 Thread 0x0000000157809000 Exception <a 'java/lang/ClassNotFoundException'{0x00000007413da538}: org/springframework/context/ApplicationContextAwareCustomizer> (0x00000007413da538) 
thrown [src/hotspot/share/classfile/systemDictionary.cpp, line 232]
Event: 1.102 Thread 0x0000000157809000 Exception <a 'java/lang/ClassNotFoundException'{0x00000007413ed178}: org/springframework/beans/factory/AwareCustomizer> (0x00000007413ed178) 
thrown [src/hotspot/share/classfile/systemDictionary.cpp, line 232]
Event: 1.102 Thread 0x0000000157809000 Exception <a 'java/lang/ClassNotFoundException'{0x0000000741200978}: org/springframework/web/context/ServletContextAwareCustomizer> (0x0000000741200978) 
thrown [src/hotspot/share/classfile/systemDictionary.cpp, line 232]
Event: 1.102 Thread 0x0000000157809000 Exception <a 'java/lang/ClassNotFoundException'{0x0000000741212e30}: org/springframework/beans/factory/AwareCustomizer> (0x0000000741212e30) 
thrown [src/hotspot/share/classfile/systemDictionary.cpp, line 232]
Event: 1.107 Thread 0x0000000157809000 Exception <a 'java/lang/NoSuchMethodError'{0x0000000741286bc8}: 'void java.lang.invoke.DirectMethodHandle$Holder.invokeVirtual(java.lang.Object, java.lang.Object, java.lang.Object, java.lang.Object)'> (0x0000000741286bc8) 
thrown [src/hotspot/share/interpreter/linkResolver.cpp, line 767]
Event: 1.195 Thread 0x0000000157809000 Exception <a 'java/lang/NoSuchMethodError'{0x00000007448f3ed8}: 'void java.lang.invoke.DirectMethodHandle$Holder.invokeVirtual(java.lang.Object, java.lang.Object, int)'> (0x00000007448f3ed8) 
thrown [src/hotspot/share/interpreter/linkResolver.cpp, line 767]
Event: 1.199 Thread 0x0000000157809000 Exception <a 'java/lang/NoSuchMethodError'{0x000000074470d618}: 'void java.lang.invoke.DirectMethodHandle$Holder.invokeVirtual(java.lang.Object, java.lang.Object, long)'> (0x000000074470d618) 
thrown [src/hotspot/share/interpreter/linkResolver.cpp, line 767]
Event: 1.295 Thread 0x0000000157809000 Exception <a 'java/lang/IncompatibleClassChangeError'{0x0000000741ed5020}: Found class java.lang.Object, but interface was expected> (0x0000000741ed5020) 
thrown [src/hotspot/share/interpreter/linkResolver.cpp, line 833]
Event: 1.321 Thread 0x0000000157809000 Exception <a 'java/lang/NoSuchMethodError'{0x0000000741c74748}: 'int java.lang.invoke.DirectMethodHandle$Holder.invokeStaticInit(java.lang.Object, java.lang.Object, java.lang.Object, java.lang.Object)'> (0x0000000741c74748) 
thrown [src/hotspot/share/interpreter/linkResolver.cpp, line 767]
Event: 1.353 Thread 0x0000000157809000 Exception <a 'java/lang/NoSuchMethodError'{0x0000000741a88610}: 'java.lang.Object java.lang.invoke.DirectMethodHandle$Holder.invokeSpecial(java.lang.Object, java.lang.Object, int, java.lang.Object, int, java.lang.Object)'> (0x0000000741a88610) 
thrown [src/hotspot/share/interpreter/linkResolver.cpp, line 767]
Event: 1.354 Thread 0x0000000157809000 Exception <a 'java/lang/NoSuchMethodError'{0x0000000741a8f1c0}: 'java.lang.Object java.lang.invoke.DirectMethodHandle$Holder.invokeStatic(java.lang.Object, java.lang.Object, int, java.lang.Object, int)'> (0x0000000741a8f1c0) 
thrown [src/hotspot/share/interpreter/linkResolver.cpp, line 767]
Event: 1.354 Thread 0x0000000157809000 Exception <a 'java/lang/NoSuchMethodError'{0x0000000741a92570}: 'java.lang.Object java.lang.invoke.DirectMethodHandle$Holder.invokeSpecial(java.lang.Object, java.lang.Object, java.lang.Object, int, java.lang.Object, int)'> (0x0000000741a92570) 
thrown [src/hotspot/share/interpreter/linkResolver.cpp, line 767]
Event: 1.355 Thread 0x0000000157809000 Exception <a 'java/lang/NoSuchMethodError'{0x0000000741aa3470}: 'void java.lang.invoke.DirectMethodHandle$Holder.invokeVirtual(java.lang.Object, java.lang.Object)'> (0x0000000741aa3470) 
thrown [src/hotspot/share/interpreter/linkResolver.cpp, line 767]
Event: 6.374 Thread 0x0000000146423000 Exception <a 'java/lang/NoSuchMethodError'{0x00000007447dd018}: 'java.lang.Object java.lang.invoke.Invokers$Holder.linkToTargetMethod(java.lang.Object, int, java.lang.Object)'> (0x00000007447dd018) 
thrown [src/hotspot/share/interpreter/linkResolver.cpp, line 767]
Event: 6.455 Thread 0x0000000156d29000 Exception <a 'java/lang/ClassNotFoundException'{0x0000000741c906e0}: java/lang/ObjectCustomizer> (0x0000000741c906e0) 
thrown [src/hotspot/share/classfile/systemDictionary.cpp, line 232]
Event: 6.456 Thread 0x0000000156d29000 Exception <a 'java/lang/ClassNotFoundException'{0x0000000741ca8f58}: com/klexhub/msfop/api/models/CreateMessageRequestCustomizer> (0x0000000741ca8f58) 
thrown [src/hotspot/share/classfile/systemDictionary.cpp, line 232]
Event: 6.517 Thread 0x0000000156d29000 Exception <a 'java/lang/ClassCastException'{0x0000000747f93e18}: class org.apache.commons.logging.LogFactoryService cannot be cast to class org.apache.commons.logging.LogFactory (org.apache.commons.logging.LogFactoryService is in unnamed module of loader 'app'; org.apache.commons.logging.LogFactory is in unnamed module of loader org.pf4j.PluginClassLoader @7eb6b6b6)> (0x0000000747f93e18) 
thrown [src/hotspot/share/interpreter/interpreterRuntime.cpp, line 474]
Event: 6.517 Thread 0x0000000156d29000 Exception <a 'java/lang/ClassCastException'{0x0000000747f96b50}: class org.apache.commons.logging.LogFactoryService cannot be cast to class org.apache.commons.logging.LogFactory (org.apache.commons.logging.LogFactoryService is in unnamed module of loader 'app'; org.apache.commons.logging.LogFactory is in unnamed module of loader org.pf4j.PluginClassLoader @7eb6b6b6)> (0x0000000747f96b50) 
thrown [src/hotspot/share/interpreter/interpreterRuntime.cpp, line 474]
Event: 6.520 Thread 0x0000000156d29000 Exception <a 'java/lang/NoClassDefFoundError'{0x0000000747fcc048}: org/apache/log4j/Priority> (0x0000000747fcc048) 
thrown [src/hotspot/share/classfile/systemDictionary.cpp, line 221]

Events (20 events):
Event: 20.659 Executing VM operation: SetFramePop done
Event: 20.659 Executing VM operation: GetFrameLocation
Event: 20.659 Executing VM operation: GetFrameLocation done
Event: 20.659 Executing VM operation: GetCurrentLocation
Event: 20.659 Executing VM operation: GetCurrentLocation done
Event: 20.659 Executing VM operation: ChangeSingleStep
Event: 20.659 Executing VM operation: ChangeSingleStep done
Event: 20.660 Executing VM operation: ChangeSingleStep
Event: 20.661 Executing VM operation: ChangeSingleStep done
Event: 20.675 Executing VM operation: RevokeBias
Event: 20.676 Executing VM operation: RevokeBias done
Event: 20.676 Executing VM operation: RevokeBias
Event: 20.676 Executing VM operation: RevokeBias done
Event: 20.678 loading class org/apache/catalina/webresources/Cache$EvictionOrder
Event: 20.678 loading class org/apache/catalina/webresources/Cache$EvictionOrder done
Event: 20.688 Executing VM operation: GetCurrentLocation
Event: 20.690 Executing VM operation: GetCurrentLocation done
Event: 20.690 Executing VM operation: ChangeSingleStep
Event: 20.690 Executing VM operation: ChangeSingleStep done
Event: 20.690 Executing VM operation: HandshakeAllThreads


Dynamic libraries:
0x0000000104a7c000 	/Users/waigel/Library/Java/JavaVirtualMachines/azul-13.0.11/Contents/Home/lib/libjli.dylib
0x00000001ad5ec000 	/usr/lib/libz.1.dylib
0x00000001ad6a3000 	/usr/lib/libSystem.B.dylib
0x00000001ad69d000 	/usr/lib/system/libcache.dylib
0x00000001ad65b000 	/usr/lib/system/libcommonCrypto.dylib
0x00000001ad684000 	/usr/lib/system/libcompiler_rt.dylib
0x00000001ad67b000 	/usr/lib/system/libcopyfile.dylib
0x00000001a28e3000 	/usr/lib/system/libcorecrypto.dylib
0x00000001a2996000 	/usr/lib/system/libdispatch.dylib
0x00000001a2b64000 	/usr/lib/system/libdyld.dylib
0x00000001ad693000 	/usr/lib/system/libkeymgr.dylib
0x00000001ad636000 	/usr/lib/system/libmacho.dylib
0x00000001acd2b000 	/usr/lib/system/libquarantine.dylib
0x00000001ad690000 	/usr/lib/system/libremovefile.dylib
0x00000001a7ccc000 	/usr/lib/system/libsystem_asl.dylib
0x00000001a2885000 	/usr/lib/system/libsystem_blocks.dylib
0x00000001a2a1e000 	/usr/lib/system/libsystem_c.dylib
0x00000001ad688000 	/usr/lib/system/libsystem_collections.dylib
0x00000001ac1b9000 	/usr/lib/system/libsystem_configuration.dylib
0x00000001ab415000 	/usr/lib/system/libsystem_containermanager.dylib
0x00000001ad398000 	/usr/lib/system/libsystem_coreservices.dylib
0x00000001a528c000 	/usr/lib/system/libsystem_darwin.dylib
0x00000001ad694000 	/usr/lib/system/libsystem_dnssd.dylib
0x00000001a2a1b000 	/usr/lib/system/libsystem_featureflags.dylib
0x00000001a2b79000 	/usr/lib/system/libsystem_info.dylib
0x00000001ad5fe000 	/usr/lib/system/libsystem_m.dylib
0x00000001a296b000 	/usr/lib/system/libsystem_malloc.dylib
0x00000001a7c5b000 	/usr/lib/system/libsystem_networkextension.dylib
0x00000001a56e5000 	/usr/lib/system/libsystem_notify.dylib
0x00000001b39e1000 	/usr/lib/system/libsystem_product_info_filter.dylib
0x00000001ac1be000 	/usr/lib/system/libsystem_sandbox.dylib
0x00000001ad68d000 	/usr/lib/system/libsystem_secinit.dylib
0x00000001a2b1f000 	/usr/lib/system/libsystem_kernel.dylib
0x00000001a2b71000 	/usr/lib/system/libsystem_platform.dylib
0x00000001a2b57000 	/usr/lib/system/libsystem_pthread.dylib
0x00000001a9424000 	/usr/lib/system/libsystem_symptoms.dylib
0x00000001a28c9000 	/usr/lib/system/libsystem_trace.dylib
0x00000001ad668000 	/usr/lib/system/libunwind.dylib
0x00000001a2887000 	/usr/lib/system/libxpc.dylib
0x00000001a2b07000 	/usr/lib/libc++abi.dylib
0x00000001a29dd000 	/usr/lib/libobjc.A.dylib
0x00000001ad673000 	/usr/lib/liboah.dylib
0x00000001a2aa0000 	/usr/lib/libc++.1.dylib
0x00000001b94fa000 	/System/Library/Frameworks/Cocoa.framework/Versions/A/Cocoa
0x00000001a5746000 	/System/Library/Frameworks/AppKit.framework/Versions/C/AppKit
0x00000001a8c4c000 	/System/Library/Frameworks/CoreData.framework/Versions/A/CoreData
0x00000001a3aa1000 	/System/Library/Frameworks/Foundation.framework/Versions/C/Foundation
0x00000001a65fe000 	/System/Library/PrivateFrameworks/UIFoundation.framework/Versions/A/UIFoundation
0x00000001b36db000 	/System/Library/PrivateFrameworks/RemoteViewServices.framework/Versions/A/RemoteViewServices
0x00000001abb61000 	/System/Library/PrivateFrameworks/XCTTargetBootstrap.framework/Versions/A/XCTTargetBootstrap
0x00000001af3df000 	/System/Library/PrivateFrameworks/InternationalSupport.framework/Versions/A/InternationalSupport
0x00000001af468000 	/System/Library/PrivateFrameworks/UserActivity.framework/Versions/A/UserActivity
0x00000001ae8da000 	/usr/lib/libspindump.dylib
0x00000001a686f000 	/System/Library/Frameworks/UniformTypeIdentifiers.framework/Versions/A/UniformTypeIdentifiers
0x00000001aa0ac000 	/usr/lib/libapp_launch_measurement.dylib
0x00000001a95d6000 	/System/Library/PrivateFrameworks/CoreAnalytics.framework/Versions/A/CoreAnalytics
0x00000001aa0af000 	/System/Library/PrivateFrameworks/CoreAutoLayout.framework/Versions/A/CoreAutoLayout
0x00000001ab452000 	/System/Library/Frameworks/Metal.framework/Versions/A/Metal
0x00000001ac1c9000 	/usr/lib/liblangid.dylib
0x00000001abb66000 	/System/Library/PrivateFrameworks/CoreSVG.framework/Versions/A/CoreSVG
0x00000001a7d00000 	/System/Library/PrivateFrameworks/SkyLight.framework/Versions/A/SkyLight
0x00000001a80d5000 	/System/Library/Frameworks/CoreGraphics.framework/Versions/A/CoreGraphics
0x00000001b3da7000 	/System/Library/Frameworks/Accelerate.framework/Versions/A/Accelerate
0x00000001ae351000 	/System/Library/PrivateFrameworks/IconServices.framework/Versions/A/IconServices
0x00000001ab434000 	/System/Library/Frameworks/IOSurface.framework/Versions/A/IOSurface
0x00000001a9607000 	/usr/lib/libDiagnosticMessagesClient.dylib
0x00000001b72a8000 	/System/Library/Frameworks/ApplicationServices.framework/Versions/A/ApplicationServices
0x00000001abb49000 	/System/Library/PrivateFrameworks/DFRFoundation.framework/Versions/A/DFRFoundation
0x00000001a4fd6000 	/usr/lib/libicucore.A.dylib
0x00000001b028b000 	/System/Library/Frameworks/AudioToolbox.framework/Versions/A/AudioToolbox
0x00000001af3eb000 	/System/Library/PrivateFrameworks/DataDetectorsCore.framework/Versions/A/DataDetectorsCore
0x00000001c5d2b000 	/System/Library/PrivateFrameworks/TextInput.framework/Versions/A/TextInput
0x00000001a7c75000 	/usr/lib/libMobileGestalt.dylib
0x00000001ab815000 	/System/Library/Frameworks/Carbon.framework/Versions/A/Frameworks/HIToolbox.framework/Versions/A/HIToolbox
0x00000001a9a88000 	/System/Library/Frameworks/QuartzCore.framework/Versions/A/QuartzCore
0x00000001a4c59000 	/System/Library/Frameworks/Security.framework/Versions/A/Security
0x00000001b371b000 	/System/Library/Frameworks/Carbon.framework/Versions/A/Frameworks/SpeechRecognition.framework/Versions/A/SpeechRecognition
0x00000001a9e02000 	/System/Library/PrivateFrameworks/CoreUI.framework/Versions/A/CoreUI
0x00000001a4536000 	/System/Library/Frameworks/CoreAudio.framework/Versions/A/CoreAudio
0x00000001a96fc000 	/System/Library/Frameworks/DiskArbitration.framework/Versions/A/DiskArbitration
0x00000001aece4000 	/System/Library/PrivateFrameworks/MultitouchSupport.framework/Versions/A/MultitouchSupport
0x00000001a7c73000 	/usr/lib/libenergytrace.dylib
0x00000001a560e000 	/System/Library/Frameworks/IOKit.framework/Versions/A/IOKit
0x00000001b3b0a000 	/System/Library/Frameworks/CoreServices.framework/Versions/A/CoreServices
0x00000001aa03c000 	/System/Library/PrivateFrameworks/PerformanceAnalysis.framework/Versions/A/PerformanceAnalysis
0x0000000204013000 	/System/Library/Frameworks/OpenGL.framework/Versions/A/OpenGL
0x00000001acc43000 	/System/Library/PrivateFrameworks/MobileKeyBag.framework/Versions/A/MobileKeyBag
0x00000001a86e2000 	/System/Library/Frameworks/ColorSync.framework/Versions/A/ColorSync
0x00000001a2ba6000 	/System/Library/Frameworks/CoreFoundation.framework/Versions/A/CoreFoundation
0x00000001abde5000 	/System/Library/Frameworks/CoreImage.framework/Versions/A/CoreImage
0x00000001a435a000 	/System/Library/Frameworks/CoreText.framework/Versions/A/CoreText
0x00000001abb96000 	/System/Library/Frameworks/ImageIO.framework/Versions/A/ImageIO
0x00000001ad6a9000 	/System/Library/PrivateFrameworks/SoftLinking.framework/Versions/A/SoftLinking
0x00000001aa0fa000 	/usr/lib/libxml2.2.dylib
0x00000001ad942000 	/usr/lib/libcompression.dylib
0x00000001af33b000 	/System/Library/PrivateFrameworks/TextureIO.framework/Versions/A/TextureIO
0x00000001ae06a000 	/usr/lib/libate.dylib
0x00000001adf2f000 	/usr/lib/liblzma.5.dylib
0x00000001a3795000 	/System/Library/Frameworks/SystemConfiguration.framework/Versions/A/SystemConfiguration
0x00000001ad6a5000 	/usr/lib/libfakelink.dylib
0x00000001a77a7000 	/System/Library/Frameworks/CFNetwork.framework/Versions/A/CFNetwork
0x00000001ad7eb000 	/usr/lib/libarchive.2.dylib
0x00000001ac1c5000 	/System/Library/PrivateFrameworks/AppleSystemInfo.framework/Versions/A/AppleSystemInfo
0x00000001acd56000 	/usr/lib/libbsm.0.dylib
0x00000001a6d18000 	/usr/lib/libnetwork.dylib
0x00000001ad63f000 	/usr/lib/system/libkxld.dylib
0x00000001ac969000 	/System/Library/PrivateFrameworks/IOMobileFramebuffer.framework/Versions/A/IOMobileFramebuffer
0x000000022193f000 	/usr/lib/libCoreEntitlements.dylib
0x00000001ad37a000 	/System/Library/PrivateFrameworks/AppleFSCompression.framework/Versions/A/AppleFSCompression
0x00000001acd3e000 	/usr/lib/libcoretls.dylib
0x00000001adf48000 	/usr/lib/libcoretls_cfhelpers.dylib
0x00000001ad93d000 	/usr/lib/libpam.2.dylib
0x00000001a903b000 	/usr/lib/libsqlite3.dylib
0x00000001adfb1000 	/usr/lib/libxar.1.dylib
0x00000001ad38b000 	/usr/lib/libbz2.1.0.dylib
0x00000001ad6aa000 	/usr/lib/libpcap.A.dylib
0x00000001a941b000 	/usr/lib/libdns_services.dylib
0x00000001ad910000 	/usr/lib/libapple_nghttp2.dylib
0x00000001ad6e7000 	/usr/lib/libiconv.2.dylib
0x00000001ad635000 	/usr/lib/libcharset.1.dylib
0x00000001aa078000 	/System/Library/Frameworks/CoreServices.framework/Versions/A/Frameworks/FSEvents.framework/Versions/A/FSEvents
0x00000001a5297000 	/System/Library/Frameworks/CoreServices.framework/Versions/A/Frameworks/CarbonCore.framework/Versions/A/CarbonCore
0x00000001a965c000 	/System/Library/Frameworks/CoreServices.framework/Versions/A/Frameworks/Metadata.framework/Versions/A/Metadata
0x00000001ad39e000 	/System/Library/Frameworks/CoreServices.framework/Versions/A/Frameworks/OSServices.framework/Versions/A/OSServices
0x00000001ad871000 	/System/Library/Frameworks/CoreServices.framework/Versions/A/Frameworks/SearchKit.framework/Versions/A/SearchKit
0x00000001a93aa000 	/System/Library/Frameworks/CoreServices.framework/Versions/A/Frameworks/AE.framework/Versions/A/AE
0x00000001a30ec000 	/System/Library/Frameworks/CoreServices.framework/Versions/A/Frameworks/LaunchServices.framework/Versions/A/LaunchServices
0x00000001aded8000 	/System/Library/Frameworks/CoreServices.framework/Versions/A/Frameworks/DictionaryServices.framework/Versions/A/DictionaryServices
0x00000001aa085000 	/System/Library/Frameworks/CoreServices.framework/Versions/A/Frameworks/SharedFileList.framework/Versions/A/SharedFileList
0x00000001acd2e000 	/usr/lib/libCheckFix.dylib
0x00000001a7ce4000 	/System/Library/PrivateFrameworks/TCC.framework/Versions/A/TCC
0x00000001ac1cb000 	/System/Library/PrivateFrameworks/CoreNLP.framework/Versions/A/CoreNLP
0x00000001a960a000 	/System/Library/PrivateFrameworks/MetadataUtilities.framework/Versions/A/MetadataUtilities
0x00000001a384e000 	/usr/lib/libmecabra.dylib
0x00000001acd67000 	/usr/lib/libmecab.dylib
0x00000001a381a000 	/usr/lib/libCRFSuite.dylib
0x00000001acdc4000 	/usr/lib/libgermantok.dylib
0x00000001ad8e9000 	/usr/lib/libThaiTokenizer.dylib
0x00000001a9704000 	/System/Library/Frameworks/Accelerate.framework/Versions/A/Frameworks/vImage.framework/Versions/A/vImage
0x00000001b3ae1000 	/System/Library/Frameworks/Accelerate.framework/Versions/A/Frameworks/vecLib.framework/Versions/A/vecLib
0x00000001adff6000 	/System/Library/Frameworks/Accelerate.framework/Versions/A/Frameworks/vecLib.framework/Versions/A/libvMisc.dylib
0x00000001ac870000 	/System/Library/Frameworks/Accelerate.framework/Versions/A/Frameworks/vecLib.framework/Versions/A/libvDSP.dylib
0x00000001a3475000 	/System/Library/Frameworks/Accelerate.framework/Versions/A/Frameworks/vecLib.framework/Versions/A/libBLAS.dylib
0x00000001ada13000 	/System/Library/Frameworks/Accelerate.framework/Versions/A/Frameworks/vecLib.framework/Versions/A/libLAPACK.dylib
0x00000001acdc7000 	/System/Library/Frameworks/Accelerate.framework/Versions/A/Frameworks/vecLib.framework/Versions/A/libLinearAlgebra.dylib
0x00000001ad928000 	/System/Library/Frameworks/Accelerate.framework/Versions/A/Frameworks/vecLib.framework/Versions/A/libSparseBLAS.dylib
0x00000001ada0e000 	/System/Library/Frameworks/Accelerate.framework/Versions/A/Frameworks/vecLib.framework/Versions/A/libQuadrature.dylib
0x00000001ac2c4000 	/System/Library/Frameworks/Accelerate.framework/Versions/A/Frameworks/vecLib.framework/Versions/A/libBNNS.dylib
0x00000001a3733000 	/System/Library/Frameworks/Accelerate.framework/Versions/A/Frameworks/vecLib.framework/Versions/A/libSparse.dylib
0x00000001ac2bc000 	/System/Library/PrivateFrameworks/LinguisticData.framework/Versions/A/LinguisticData
0x00000001a36eb000 	/System/Library/PrivateFrameworks/Lexicon.framework/Versions/A/Lexicon
0x00000001adfee000 	/usr/lib/libChineseTokenizer.dylib
0x00000001a3e92000 	/System/Library/PrivateFrameworks/LanguageModeling.framework/Versions/A/LanguageModeling
0x00000001ad8eb000 	/System/Library/PrivateFrameworks/AppleSauce.framework/Versions/A/AppleSauce
0x00000001ac956000 	/System/Library/PrivateFrameworks/CoreEmoji.framework/Versions/A/CoreEmoji
0x00000001ad7d9000 	/usr/lib/libcmph.dylib
0x00000001aa058000 	/System/Library/Frameworks/OpenDirectory.framework/Versions/A/Frameworks/CFOpenDirectory.framework/Versions/A/CFOpenDirectory
0x00000001aa048000 	/System/Library/Frameworks/OpenDirectory.framework/Versions/A/OpenDirectory
0x00000001adf4a000 	/System/Library/PrivateFrameworks/APFS.framework/Versions/A/APFS
0x00000001acc7e000 	/System/Library/Frameworks/SecurityFoundation.framework/Versions/A/SecurityFoundation
0x00000001adfc0000 	/usr/lib/libutil.dylib
0x00000001a55d0000 	/System/Library/PrivateFrameworks/CoreServicesStore.framework/Versions/A/CoreServicesStore
0x00000001adfc4000 	/usr/lib/libxslt.1.dylib
0x00000001acd12000 	/System/Library/PrivateFrameworks/BackgroundTaskManagement.framework/Versions/A/BackgroundTaskManagement
0x00000001af25c000 	/System/Library/Frameworks/ImageIO.framework/Versions/A/Resources/libRadiance.dylib
0x00000001af265000 	/System/Library/Frameworks/ImageIO.framework/Versions/A/Resources/libJPEG.dylib
0x00000001af1b8000 	/System/Library/Frameworks/ImageIO.framework/Versions/A/Resources/libPng.dylib
0x00000001af1da000 	/System/Library/Frameworks/ImageIO.framework/Versions/A/Resources/libTIFF.dylib
0x00000001af2c0000 	/System/Library/Frameworks/ImageIO.framework/Versions/A/Resources/libGIF.dylib
0x00000001aebf4000 	/System/Library/Frameworks/ImageIO.framework/Versions/A/Resources/libJP2.dylib
0x00000001ae316000 	/usr/lib/libexpat.1.dylib
0x00000001aebaf000 	/System/Library/PrivateFrameworks/AppleJPEG.framework/Versions/A/AppleJPEG
0x00000001ab6d1000 	/System/Library/PrivateFrameworks/FontServices.framework/libFontParser.dylib
0x00000001a934f000 	/System/Library/PrivateFrameworks/RunningBoardServices.framework/Versions/A/RunningBoardServices
0x00000001b9bcd000 	/System/Library/PrivateFrameworks/IOSurfaceAccelerator.framework/Versions/A/IOSurfaceAccelerator
0x00000001aece0000 	/System/Library/PrivateFrameworks/WatchdogClient.framework/Versions/A/WatchdogClient
0x00000001a3f96000 	/System/Library/Frameworks/CoreDisplay.framework/Versions/A/CoreDisplay
0x00000001ab5bb000 	/System/Library/Frameworks/CoreMedia.framework/Versions/A/CoreMedia
0x00000001ab448000 	/System/Library/PrivateFrameworks/IOAccelerator.framework/Versions/A/IOAccelerator
0x00000001aa1e8000 	/System/Library/Frameworks/CoreVideo.framework/Versions/A/CoreVideo
0x00000001ad93b000 	/System/Library/Frameworks/MetalPerformanceShaders.framework/Versions/A/MetalPerformanceShaders
0x00000001aed1f000 	/System/Library/Frameworks/VideoToolbox.framework/Versions/A/VideoToolbox
0x00000001a9293000 	/System/Library/PrivateFrameworks/BaseBoard.framework/Versions/A/BaseBoard
0x00000001a9021000 	/System/Library/PrivateFrameworks/ProtocolBuffer.framework/Versions/A/ProtocolBuffer
0x00000001af257000 	/System/Library/PrivateFrameworks/GPUWrangler.framework/Versions/A/GPUWrangler
0x00000001af237000 	/System/Library/PrivateFrameworks/IOPresentment.framework/Versions/A/IOPresentment
0x00000001af25f000 	/System/Library/PrivateFrameworks/DSExternalDisplay.framework/Versions/A/DSExternalDisplay
0x0000000204006000 	/System/Library/Frameworks/OpenGL.framework/Versions/A/Libraries/libCoreFSCache.dylib
0x000000020e4c5000 	/System/Library/PrivateFrameworks/GPUCompiler.framework/Versions/31001/Libraries/libGPUCompilerUtils.dylib
0x00000001af2c5000 	/System/Library/PrivateFrameworks/CMCaptureCore.framework/Versions/A/CMCaptureCore
0x00000001ae8c7000 	/System/Library/PrivateFrameworks/AppServerSupport.framework/Versions/A/AppServerSupport
0x00000001b0b48000 	/System/Library/PrivateFrameworks/perfdata.framework/Versions/A/perfdata
0x00000001a40b6000 	/System/Library/PrivateFrameworks/AudioToolboxCore.framework/Versions/A/AudioToolboxCore
0x00000001ab594000 	/System/Library/PrivateFrameworks/caulk.framework/Versions/A/caulk
0x00000001b043d000 	/usr/lib/libAudioStatistics.dylib
0x00000001c2392000 	/System/Library/PrivateFrameworks/SystemPolicy.framework/Versions/A/SystemPolicy
0x00000001b06a9000 	/usr/lib/libSMC.dylib
0x00000001b93dc000 	/System/Library/Frameworks/CoreMIDI.framework/Versions/A/CoreMIDI
0x00000001af186000 	/usr/lib/libAudioToolboxUtility.dylib
0x00000001be45f000 	/System/Library/PrivateFrameworks/OSAServicesClient.framework/Versions/A/OSAServicesClient
0x00000001b0b55000 	/usr/lib/libperfcheck.dylib
0x00000001c2eaa000 	/usr/lib/libmis.dylib
0x0000000204068000 	/System/Library/Frameworks/OpenGL.framework/Versions/A/Libraries/libGLU.dylib
0x0000000204027000 	/System/Library/Frameworks/OpenGL.framework/Versions/A/Libraries/libGFXShared.dylib
0x0000000204214000 	/System/Library/Frameworks/OpenGL.framework/Versions/A/Libraries/libGL.dylib
0x0000000204030000 	/System/Library/Frameworks/OpenGL.framework/Versions/A/Libraries/libGLImage.dylib
0x0000000204024000 	/System/Library/Frameworks/OpenGL.framework/Versions/A/Libraries/libCVMSPluginSupport.dylib
0x000000020400d000 	/System/Library/Frameworks/OpenGL.framework/Versions/A/Libraries/libCoreVMClient.dylib
0x00000001ac145000 	/System/Library/Frameworks/MetalPerformanceShaders.framework/Versions/A/Frameworks/MPSCore.framework/Versions/A/MPSCore
0x00000001ad2ed000 	/System/Library/Frameworks/MetalPerformanceShaders.framework/Versions/A/Frameworks/MPSImage.framework/Versions/A/MPSImage
0x00000001acddc000 	/System/Library/Frameworks/MetalPerformanceShaders.framework/Versions/A/Frameworks/MPSNeuralNetwork.framework/Versions/A/MPSNeuralNetwork
0x00000001ad215000 	/System/Library/Frameworks/MetalPerformanceShaders.framework/Versions/A/Frameworks/MPSMatrix.framework/Versions/A/MPSMatrix
0x00000001acfee000 	/System/Library/Frameworks/MetalPerformanceShaders.framework/Versions/A/Frameworks/MPSRayIntersector.framework/Versions/A/MPSRayIntersector
0x00000001ad246000 	/System/Library/Frameworks/MetalPerformanceShaders.framework/Versions/A/Frameworks/MPSNDArray.framework/Versions/A/MPSNDArray
0x000000020617f000 	/System/Library/Frameworks/MetalPerformanceShaders.framework/Versions/A/Frameworks/MPSFunctions.framework/Versions/A/MPSFunctions
0x00000001a334c000 	/System/Library/PrivateFrameworks/MetalTools.framework/Versions/A/MetalTools
0x00000001ac1c3000 	/System/Library/PrivateFrameworks/AggregateDictionary.framework/Versions/A/AggregateDictionary
0x00000001ae0fb000 	/usr/lib/libIOReport.dylib
0x00000001b83fa000 	/System/Library/PrivateFrameworks/ASEProcessing.framework/Versions/A/ASEProcessing
0x00000001ae470000 	/System/Library/PrivateFrameworks/FaceCore.framework/Versions/A/FaceCore
0x00000001ae462000 	/System/Library/PrivateFrameworks/GraphVisualizer.framework/Versions/A/GraphVisualizer
0x000000020e3dc000 	/System/Library/PrivateFrameworks/FontServices.framework/Versions/A/FontServices
0x00000001ae883000 	/System/Library/PrivateFrameworks/OTSVG.framework/Versions/A/OTSVG
0x00000001a9db2000 	/System/Library/Frameworks/ApplicationServices.framework/Versions/A/Frameworks/ATS.framework/Versions/A/Resources/libFontRegistry.dylib
0x00000001ae8d0000 	/System/Library/PrivateFrameworks/FontServices.framework/libhvf.dylib
0x000000020e3dd000 	/System/Library/PrivateFrameworks/FontServices.framework/libXTFontStaticRegistryData.dylib
0x00000002043b5000 	/System/Library/Frameworks/OpenCL.framework/Versions/A/OpenCL
0x00000001ae2ca000 	/System/Library/PrivateFrameworks/AppleVA.framework/Versions/A/AppleVA
0x00000001b0465000 	/System/Library/Frameworks/ApplicationServices.framework/Versions/A/Frameworks/ATS.framework/Versions/A/ATS
0x00000001a87df000 	/System/Library/Frameworks/ApplicationServices.framework/Versions/A/Frameworks/HIServices.framework/Versions/A/HIServices
0x00000001af2cf000 	/System/Library/Frameworks/ApplicationServices.framework/Versions/A/Frameworks/PrintCore.framework/Versions/A/PrintCore
0x00000001b07fc000 	/System/Library/Frameworks/ApplicationServices.framework/Versions/A/Frameworks/QD.framework/Versions/A/QD
0x00000001b07f4000 	/System/Library/Frameworks/ApplicationServices.framework/Versions/A/Frameworks/ColorSyncLegacy.framework/Versions/A/ColorSyncLegacy
0x00000001b0451000 	/System/Library/Frameworks/ApplicationServices.framework/Versions/A/Frameworks/SpeechSynthesis.framework/Versions/A/SpeechSynthesis
0x00000001af290000 	/System/Library/Frameworks/ApplicationServices.framework/Versions/A/Frameworks/ATSUI.framework/Versions/A/ATSUI
0x00000001b0789000 	/usr/lib/libcups.2.dylib
0x00000001b0b63000 	/System/Library/Frameworks/Kerberos.framework/Versions/A/Kerberos
0x00000001b0b74000 	/System/Library/Frameworks/GSS.framework/Versions/A/GSS
0x00000001b04d5000 	/usr/lib/libresolv.9.dylib
0x00000001ae8df000 	/System/Library/PrivateFrameworks/Heimdal.framework/Versions/A/Heimdal
0x00000001b762f000 	/System/Library/Frameworks/Kerberos.framework/Versions/A/Libraries/libHeimdalProxy.dylib
0x00000001a942d000 	/System/Library/Frameworks/Network.framework/Versions/A/Network
0x00000001ae331000 	/usr/lib/libheimdal-asn1.dylib
0x00000001b0bc4000 	/System/Library/PrivateFrameworks/CommonAuth.framework/Versions/A/CommonAuth
0x00000001b03cb000 	/System/Library/PrivateFrameworks/AudioSession.framework/Versions/A/AudioSession
0x00000001ae3c3000 	/System/Library/PrivateFrameworks/MediaExperience.framework/Versions/A/MediaExperience
0x00000001b0251000 	/System/Library/PrivateFrameworks/AudioSession.framework/libSessionUtility.dylib
0x00000001b0808000 	/System/Library/PrivateFrameworks/AudioResourceArbitration.framework/Versions/A/AudioResourceArbitration
0x00000001b49be000 	/System/Library/PrivateFrameworks/PowerLog.framework/Versions/A/PowerLog
0x00000001ae33b000 	/System/Library/PrivateFrameworks/IconFoundation.framework/Versions/A/IconFoundation
0x00000001b3707000 	/System/Library/PrivateFrameworks/SpeechRecognitionCore.framework/Versions/A/SpeechRecognitionCore
0x0000000105918000 	/Users/waigel/Library/Java/JavaVirtualMachines/azul-13.0.11/Contents/Home/lib/server/libjvm.dylib
0x0000000104ae0000 	/Users/waigel/Library/Java/JavaVirtualMachines/azul-13.0.11/Contents/Home/lib/libverify.dylib
0x0000000104b2c000 	/Users/waigel/Library/Java/JavaVirtualMachines/azul-13.0.11/Contents/Home/lib/libjava.dylib
0x0000000104af8000 	/Users/waigel/Library/Java/JavaVirtualMachines/azul-13.0.11/Contents/Home/lib/libjimage.dylib
0x0000000104ba4000 	/Users/waigel/Library/Java/JavaVirtualMachines/azul-13.0.11/Contents/Home/lib/libjdwp.dylib
0x0000000104ca4000 	/Users/waigel/Library/Java/JavaVirtualMachines/azul-13.0.11/Contents/Home/lib/libzip.dylib
0x0000000105710000 	/Users/waigel/Library/Java/JavaVirtualMachines/azul-13.0.11/Contents/Home/lib/libdt_socket.dylib
0x0000000105744000 	/Users/waigel/Library/Java/JavaVirtualMachines/azul-13.0.11/Contents/Home/lib/libnio.dylib
0x0000000105788000 	/Users/waigel/Library/Java/JavaVirtualMachines/azul-13.0.11/Contents/Home/lib/libnet.dylib
0x0000000105724000 	/Users/waigel/Library/Java/JavaVirtualMachines/azul-13.0.11/Contents/Home/lib/libmanagement.dylib
0x0000000105764000 	/Users/waigel/Library/Java/JavaVirtualMachines/azul-13.0.11/Contents/Home/lib/libmanagement_ext.dylib
0x00000001057ac000 	/Users/waigel/Library/Java/JavaVirtualMachines/azul-13.0.11/Contents/Home/lib/libextnet.dylib
0x00000001057f0000 	/Users/waigel/Library/Java/JavaVirtualMachines/azul-13.0.11/Contents/Home/lib/libsunec.dylib


VM Arguments:
jvm_args: -Dpf4j.pluginsDir=../build/plugins -agentlib:jdwp=transport=dt_socket,server=n,suspend=y,address=127.0.0.1:54429 -Dfile.encoding=UTF-8 -Duser.country=DE -Duser.language=en -Duser.variant 
java_command: com.klexhub.msfop.Boot
java_class_path (initial): /Users/waigel/signal/twilio-msfop/app/build/classes/java/main:/Users/waigel/signal/twilio-msfop/app/build/resources/main:/Users/waigel/signal/twilio-msfop/api/build/libs/api.jar:/Users/waigel/.gradle/caches/modules-2/files-2.1/org.springframework.boot/spring-boot-starter-web/2.6.4/4aa74a41a8ff99e256433805b0ee63a6053d6b6c/spring-boot-starter-web-2.6.4.jar:/Users/waigel/.gradle/caches/modules-2/files-2.1/org.pf4j/pf4j/3.1.0/123ef8bc857b993a987cd3db1cadd9cf2ff61ee8/pf4j-3.1.0.jar:/Users/waigel/.m2/repository/org/apache/commons/commons-lang3/3.5/commons-lang3-3.5.jar:/Users/waigel/.gradle/caches/modules-2/files-2.1/org.slf4j/slf4j-simple/1.7.25/8dacf9514f0c707cbbcdd6fd699e8940d42fb54e/slf4j-simple-1.7.25.jar:/Users/waigel/.gradle/caches/modules-2/files-2.1/com.twilio.sdk/twilio/8.29.1/af7cd616c82799534e442d321e7649d9e2dfb058/twilio-8.29.1.jar:/Users/waigel/.gradle/caches/modules-2/files-2.1/org.springframework.boot/spring-boot-starter-json/2.6.4/9aa13f5bd6e09510d89ec3874118f027613a9565/spring-boot-starter-json-2.6.4.jar:/Users/waigel/.gradle/caches/modules-2/files-2.1/org.springframework.boot/spring-boot-starter/2.6.4/31adf5f726b6a5703815b99056110b96db7eff58/spring-boot-starter-2.6.4.jar:/Users/waigel/.gradle/caches/modules-2/files-2.1/org.springframework.boot/spring-boot-starter-tomcat/2.6.4/7f5937c60c8f556402e4970c4bb657f92b653f2b/spring-boot-starter-tomcat-2.6.4.jar:/Users/waigel/.gradle/caches/modules-2/files-2.1/org.springframework/spring-webmvc/5.3.16/18e0d7a9cf1c43b100296f86f61b58821dd1e6b9/spring-webmvc-5.3.16.jar:/Users/waigel/.gradle/caches/modules-2/files-2.1/org.springframework/spring-web/5.3.16/224ae9b45e138034980a423e2f85d7bd63539a49/spring-web-5.3.16.jar:/Users/waigel/.gradle/caches/modules-2/files-2.1/org.slf4j/slf4j-api/1.7.36/6c62681a2f655b49963a5983b8b0950a6120ae14/slf4j-api-1.7.36.jar:/Users/waigel/.gradle/caches/modules-2/files-2.1/com.github.zafarkhaja/java-semver/0.9.0/59a83ca73c72a5e25b3f0b1bb305230a11000329/java-semv
Launcher Type: SUN_STANDARD

[Global flags]
     intx CICompilerCount                          = 4                                         {product} {ergonomic}
     uint ConcGCThreads                            = 2                                         {product} {ergonomic}
     uint G1ConcRefinementThreads                  = 8                                         {product} {ergonomic}
   size_t G1HeapRegionSize                         = 1048576                                   {product} {ergonomic}
    uintx GCDrainStackTargetSize                   = 64                                        {product} {ergonomic}
   size_t InitialHeapSize                          = 134217728                                 {product} {ergonomic}
   size_t MarkStackSize                            = 4194304                                   {product} {ergonomic}
   size_t MaxHeapSize                              = 2147483648                                {product} {ergonomic}
   size_t MaxNewSize                               = 1287651328                                {product} {ergonomic}
   size_t MinHeapDeltaBytes                        = 1048576                                   {product} {ergonomic}
   size_t MinHeapSize                              = 8388608                                   {product} {ergonomic}
    uintx NonNMethodCodeHeapSize                   = 5839564                                {pd product} {ergonomic}
    uintx NonProfiledCodeHeapSize                  = 122909338                              {pd product} {ergonomic}
    uintx ProfiledCodeHeapSize                     = 122909338                              {pd product} {ergonomic}
    uintx ReservedCodeCacheSize                    = 251658240                              {pd product} {ergonomic}
     bool SegmentedCodeCache                       = true                                      {product} {ergonomic}
   size_t SoftMaxHeapSize                          = 2147483648                             {manageable} {ergonomic}
     bool UseCompressedClassPointers               = true                                 {lp64_product} {ergonomic}
     bool UseCompressedOops                        = true                                 {lp64_product} {ergonomic}
     bool UseG1GC                                  = true                                      {product} {ergonomic}

Logging:
Log output configuration:
 #0: stdout all=warning uptime,level,tags
 #1: stderr all=off uptime,level,tags

Environment Variables:
JAVA_HOME=/Users/waigel/.sdkman/candidates/java/current
PATH=/Users/waigel/.sdkman/candidates/maven/current/bin:/Users/waigel/.sdkman/candidates/java/current/bin:/Users/waigel/.nvm/versions/node/v17.8.0/bin:/Users/waigel/bin:/usr/local/bin:/Applications/MAMP/bin/php/php8.0.8/bin:/opt/homebrew/bin:/opt/homebrew/sbin:/usr/local/bin:/usr/bin:/bin:/usr/sbin:/sbin:/opt/X11/bin:/Library/Apple/usr/bin
SHELL=/bin/zsh
DISPLAY=/private/tmp/com.apple.launchd.DektMDmJ9S/org.xquartz:0
LANG=en_US.UTF-8
LC_ALL=en_US.UTF-8

Signal Handlers:
SIGSEGV: [libjvm.dylib+0x752168], sa_mask[0]=11111111011111110111111111111111, sa_flags=SA_ONSTACK|SA_RESTART|SA_SIGINFO
SIGBUS: [libjvm.dylib+0x752168], sa_mask[0]=11111111011111110111111111111111, sa_flags=SA_RESTART|SA_SIGINFO
SIGFPE: [libjvm.dylib+0x752168], sa_mask[0]=11111111011111110111111111111111, sa_flags=SA_RESTART|SA_SIGINFO
SIGPIPE: [libjvm.dylib+0x5ada40], sa_mask[0]=11111111011111110111111111111111, sa_flags=SA_RESTART|SA_SIGINFO
SIGXFSZ: [libjvm.dylib+0x5ada40], sa_mask[0]=11111111011111110111111111111111, sa_flags=SA_RESTART|SA_SIGINFO
SIGILL: [libjvm.dylib+0x752168], sa_mask[0]=11111111011111110111111111111111, sa_flags=SA_RESTART|SA_SIGINFO
SIGUSR2: [libjvm.dylib+0x5ae040], sa_mask[0]=00100000000000000000000000000000, sa_flags=SA_RESTART|SA_SIGINFO
SIGHUP: [libjvm.dylib+0x5accc8], sa_mask[0]=11111111011111110111111111111111, sa_flags=SA_RESTART|SA_SIGINFO
SIGINT: [libjvm.dylib+0x5accc8], sa_mask[0]=11111111011111110111111111111111, sa_flags=SA_RESTART|SA_SIGINFO
SIGTERM: [libjvm.dylib+0x5accc8], sa_mask[0]=11111111011111110111111111111111, sa_flags=SA_RESTART|SA_SIGINFO
SIGQUIT: [libjvm.dylib+0x5accc8], sa_mask[0]=11111111011111110111111111111111, sa_flags=SA_RESTART|SA_SIGINFO


---------------  S Y S T E M  ---------------

OS:uname:Darwin 21.4.0 Darwin Kernel Version 21.4.0: Fri Mar 18 00:47:26 PDT 2022; root:xnu-8020.101.4~15/RELEASE_ARM64_T8101 arm64
OS uptime: 4 days 21:52 hours
rlimit (soft/hard): STACK 8176k/65520k , CORE 0k/infinity , NPROC 1333/2000 , NOFILE 10240/infinity , AS infinity/infinity , CPU infinity/infinity , DATA infinity/infinity , FSIZE infinity/infinity , MEMLOCK infinity/infinity , RSS infinity/infinity
load average:3.41 3.03 2.66

CPU:total 8 (initial active 8) 0x61:0x0:0x1b588bb3:0, simd, crc, lse

Memory: 16k page, physical 8388608k(66320k free), swap 7340032k(1153792k free)

vm_info: OpenJDK 64-Bit Server VM (13.0.11+4-MTS) for bsd-aarch64 JRE (13.0.11+4-MTS) (Zulu13.48+19-CA), built on Apr 16 2022 09:31:39 by "zulu_re" with clang Apple LLVM 12.0.0 (clang-1200.0.32.28)

END.
