#
# A fatal error has been detected by the Java Runtime Environment:
#
#  SIGBUS (0xa) at pc=0x0000000104162d94, pid=4144, tid=36867
#
# JRE version: OpenJDK Runtime Environment Zulu13.48+19-CA (13.0.11+4) (build 13.0.11+4-MTS)
# Java VM: OpenJDK 64-Bit Server VM Zulu13.48+19-CA (13.0.11+4-MTS, mixed mode, tiered, compressed oops, g1 gc, bsd-aarch64)
# Problematic frame:
# V  [libjvm.dylib+0x6ded94]  MarkActivationClosure::do_code_blob(CodeBlob*)+0x3c
#
# No core dump will be written. Core dumps have been disabled. To enable core dumping, try "ulimit -c unlimited" before starting Java again
#
# If you would like to submit a bug report, please visit:
#   http://www.azul.com/support/
#

---------------  S U M M A R Y ------------

Command Line: -Dpf4j.pluginsDir=../build/plugins -agentlib:jdwp=transport=dt_socket,server=n,suspend=y,address=127.0.0.1:55701 -Dfile.encoding=UTF-8 -Duser.country=DE -Duser.language=en -Duser.variant com.klexhub.msfop.Boot

Host: Macmini9,1 arm64 1 MHz, 8 cores, 8G, Darwin 21.4.0
Time: Sun Apr 24 15:55:21 2022 CEST elapsed time: 103.755333 seconds (0d 0h 1m 43s)

---------------  T H R E A D  ---------------

Current thread (0x000000011c086800):  JavaThread "http-nio-8080-exec-2" daemon [_thread_in_vm, id=36867, stack(0x000000017139c000,0x000000017159f000)]

Stack: [0x000000017139c000,0x000000017159f000],  sp=0x000000017159aee0,  free space=2043k
Native frames: (J=compiled Java code, A=aot compiled Java code, j=interpreted, Vv=VM code, C=native code)
V  [libjvm.dylib+0x6ded94]  MarkActivationClosure::do_code_blob(CodeBlob*)+0x3c
V  [libjvm.dylib+0x70d5cc]  JavaThread::nmethods_do(CodeBlobClosure*)+0x80
V  [libjvm.dylib+0x2de360]  HandshakeThreadsOperation::do_handshake(JavaThread*)+0xcc
V  [libjvm.dylib+0x2de704]  HandshakeState::process_self_inner(JavaThread*)+0x110
V  [libjvm.dylib+0x6230f0]  SafepointMechanism::block_or_handshake(JavaThread*)+0x60
V  [libjvm.dylib+0x623118]  SafepointMechanism::block_if_requested_slow(JavaThread*)+0x18
V  [libjvm.dylib+0x62c07c]  ThreadStateTransition::trans(JavaThreadState, JavaThreadState)+0x4c
V  [libjvm.dylib+0x487b10]  JvmtiEnv::GetThreadLocalStorage(_jobject*, void**)+0x244
C  [libjdwp.dylib+0x1eb58]  findThread+0x84
C  [libjdwp.dylib+0x1fe14]  threadControl_onEventHandlerEntry+0x68
C  [libjdwp.dylib+0x169f4]  event_callback+0x198
C  [libjdwp.dylib+0x14adc]  cbClassPrepare+0xc0
V  [libjvm.dylib+0x496c94]  JvmtiExport::post_class_prepare(JavaThread*, Klass*)+0x1c0
V  [libjvm.dylib+0x30424c]  InstanceKlass::link_class_impl(Thread*)+0x324
V  [libjvm.dylib+0x304380]  InstanceKlass::initialize_impl(Thread*)+0x54
V  [libjvm.dylib+0x4d1120]  LinkResolver::resolve_field(fieldDescriptor&, LinkInfo const&, Bytecodes::Code, bool, Thread*)+0x510
V  [libjvm.dylib+0x4d0bf4]  LinkResolver::resolve_field_access(fieldDescriptor&, constantPoolHandle const&, int, methodHandle const&, Bytecodes::Code, Thread*)+0x50
V  [libjvm.dylib+0x3169fc]  InterpreterRuntime::resolve_get_put(JavaThread*, Bytecodes::Code)+0x14c
V  [libjvm.dylib+0x317a6c]  InterpreterRuntime::resolve_from_cache(JavaThread*, Bytecodes::Code)+0x6c
j  com.google.gson.GsonBuilder.<init>()V+64
j  kong.unirest.JsonObjectMapper.getGson()Lcom/google/gson/Gson;+12
j  kong.unirest.JsonObjectMapper.writeValue(Ljava/lang/Object;)Ljava/lang/String;+1
j  kong.unirest.HttpRequestUniBody.body(Ljava/lang/Object;)Lkong/unirest/RequestBodyEntity;+54
j  kong.unirest.HttpRequestBody.body(Ljava/lang/Object;)Lkong/unirest/RequestBodyEntity;+9
j  com.klexhub.msfop.sipgate.SipgateClient.sendSMS(Lcom/klexhub/msfop/api/models/CreateMessageRequest;Ljava/lang/String;Ljava/lang/String;)Ljava/util/Optional;+86
j  com.klexhub.msfop.sipgate.SipgateProviderPlugin$SipgateSMSProvider.sendSMS(Lcom/klexhub/msfop/api/models/CreateMessageRequest;Ljava/lang/String;[Ljava/lang/String;)Ljava/util/Optional;+50
j  com.klexhub.msfop.controllers.CreateMessageController.createMessage(Lcom/klexhub/msfop/api/models/CreateMessageRequest;Ljava/lang/String;Ljava/lang/String;)Lorg/springframework/http/ResponseEntity;+21
v  ~StubRoutines::call_stub
V  [libjvm.dylib+0x31ce78]  JavaCalls::call_helper(JavaValue*, methodHandle const&, JavaCallArguments*, Thread*)+0x2f4
V  [libjvm.dylib+0x60d748]  invoke(InstanceKlass*, methodHandle const&, Handle, bool, objArrayHandle, BasicType, objArrayHandle, bool, Thread*)+0x4e0
V  [libjvm.dylib+0x60d1f4]  Reflection::invoke_method(oopDesc*, Handle, objArrayHandle, Thread*)+0x108
V  [libjvm.dylib+0x3b2ebc]  JVM_InvokeMethod+0x270
J 2184  jdk.internal.reflect.NativeMethodAccessorImpl.invoke0(Ljava/lang/reflect/Method;Ljava/lang/Object;[Ljava/lang/Object;)Ljava/lang/Object; java.base@13.0.11 (0 bytes) @ 0x0000000113cd5370 [0x0000000113cd52c0+0x00000000000000b0]
C  0x0000000741bb8cc0

[error occurred during error reporting (printing native stack), id 0xb, SIGSEGV (0xb) at pc=0x0000000103fe6228]

Java frames: (J=compiled Java code, j=interpreted, Vv=VM code)
j  com.google.gson.GsonBuilder.<init>()V+64
j  kong.unirest.JsonObjectMapper.getGson()Lcom/google/gson/Gson;+12
j  kong.unirest.JsonObjectMapper.writeValue(Ljava/lang/Object;)Ljava/lang/String;+1
j  kong.unirest.HttpRequestUniBody.body(Ljava/lang/Object;)Lkong/unirest/RequestBodyEntity;+54
j  kong.unirest.HttpRequestBody.body(Ljava/lang/Object;)Lkong/unirest/RequestBodyEntity;+9
j  com.klexhub.msfop.sipgate.SipgateClient.sendSMS(Lcom/klexhub/msfop/api/models/CreateMessageRequest;Ljava/lang/String;Ljava/lang/String;)Ljava/util/Optional;+86
j  com.klexhub.msfop.sipgate.SipgateProviderPlugin$SipgateSMSProvider.sendSMS(Lcom/klexhub/msfop/api/models/CreateMessageRequest;Ljava/lang/String;[Ljava/lang/String;)Ljava/util/Optional;+50
j  com.klexhub.msfop.controllers.CreateMessageController.createMessage(Lcom/klexhub/msfop/api/models/CreateMessageRequest;Ljava/lang/String;Ljava/lang/String;)Lorg/springframework/http/ResponseEntity;+21
v  ~StubRoutines::call_stub
J 2184  jdk.internal.reflect.NativeMethodAccessorImpl.invoke0(Ljava/lang/reflect/Method;Ljava/lang/Object;[Ljava/lang/Object;)Ljava/lang/Object; java.base@13.0.11 (0 bytes) @ 0x0000000113cd5374 [0x0000000113cd52c0+0x00000000000000b4]
J 2183 c1 jdk.internal.reflect.NativeMethodAccessorImpl.invoke(Ljava/lang/Object;[Ljava/lang/Object;)Ljava/lang/Object; java.base@13.0.11 (104 bytes) @ 0x000000010cb0089c [0x000000010cb00540+0x000000000000035c]
J 3159 c2 jdk.internal.reflect.DelegatingMethodAccessorImpl.invoke(Ljava/lang/Object;[Ljava/lang/Object;)Ljava/lang/Object; java.base@13.0.11 (10 bytes) @ 0x0000000113d6e1d8 [0x0000000113d6e180+0x0000000000000058]
J 1861 c1 java.lang.reflect.Method.invoke(Ljava/lang/Object;[Ljava/lang/Object;)Ljava/lang/Object; java.base@13.0.11 (65 bytes) @ 0x000000010ca645c4 [0x000000010ca64480+0x0000000000000144]
j  org.springframework.web.method.support.InvocableHandlerMethod.doInvoke([Ljava/lang/Object;)Ljava/lang/Object;+28
j  org.springframework.web.method.support.InvocableHandlerMethod.invokeForRequest(Lorg/springframework/web/context/request/NativeWebRequest;Lorg/springframework/web/method/support/ModelAndViewContainer;[Ljava/lang/Object;)Ljava/lang/Object;+54
j  org.springframework.web.servlet.mvc.method.annotation.ServletInvocableHandlerMethod.invokeAndHandle(Lorg/springframework/web/context/request/ServletWebRequest;Lorg/springframework/web/method/support/ModelAndViewContainer;[Ljava/lang/Object;)V+4
j  org.springframework.web.servlet.mvc.method.annotation.RequestMappingHandlerAdapter.invokeHandlerMethod(Ljavax/servlet/http/HttpServletRequest;Ljavax/servlet/http/HttpServletResponse;Lorg/springframework/web/method/HandlerMethod;)Lorg/springframework/web/servlet/ModelAndView;+244
j  org.springframework.web.servlet.mvc.method.annotation.RequestMappingHandlerAdapter.handleInternal(Ljavax/servlet/http/HttpServletRequest;Ljavax/servlet/http/HttpServletResponse;Lorg/springframework/web/method/HandlerMethod;)Lorg/springframework/web/servlet/ModelAndView;+81
j  org.springframework.web.servlet.mvc.method.AbstractHandlerMethodAdapter.handle(Ljavax/servlet/http/HttpServletRequest;Ljavax/servlet/http/HttpServletResponse;Ljava/lang/Object;)Lorg/springframework/web/servlet/ModelAndView;+7
j  org.springframework.web.servlet.DispatcherServlet.doDispatch(Ljavax/servlet/http/HttpServletRequest;Ljavax/servlet/http/HttpServletResponse;)V+259
j  org.springframework.web.servlet.DispatcherServlet.doService(Ljavax/servlet/http/HttpServletRequest;Ljavax/servlet/http/HttpServletResponse;)V+241
j  org.springframework.web.servlet.FrameworkServlet.processRequest(Ljavax/servlet/http/HttpServletRequest;Ljavax/servlet/http/HttpServletResponse;)V+71
j  org.springframework.web.servlet.FrameworkServlet.doPost(Ljavax/servlet/http/HttpServletRequest;Ljavax/servlet/http/HttpServletResponse;)V+3
j  javax.servlet.http.HttpServlet.service(Ljavax/servlet/http/HttpServletRequest;Ljavax/servlet/http/HttpServletResponse;)V+149
j  org.springframework.web.servlet.FrameworkServlet.service(Ljavax/servlet/http/HttpServletRequest;Ljavax/servlet/http/HttpServletResponse;)V+33
j  javax.servlet.http.HttpServlet.service(Ljavax/servlet/ServletRequest;Ljavax/servlet/ServletResponse;)V+36
j  org.apache.catalina.core.ApplicationFilterChain.internalDoFilter(Ljavax/servlet/ServletRequest;Ljavax/servlet/ServletResponse;)V+304
j  org.apache.catalina.core.ApplicationFilterChain.doFilter(Ljavax/servlet/ServletRequest;Ljavax/servlet/ServletResponse;)V+99
j  org.apache.tomcat.websocket.server.WsFilter.doFilter(Ljavax/servlet/ServletRequest;Ljavax/servlet/ServletResponse;Ljavax/servlet/FilterChain;)V+21
j  org.apache.catalina.core.ApplicationFilterChain.internalDoFilter(Ljavax/servlet/ServletRequest;Ljavax/servlet/ServletResponse;)V+135
j  org.apache.catalina.core.ApplicationFilterChain.doFilter(Ljavax/servlet/ServletRequest;Ljavax/servlet/ServletResponse;)V+99
j  org.springframework.web.filter.RequestContextFilter.doFilterInternal(Ljavax/servlet/http/HttpServletRequest;Ljavax/servlet/http/HttpServletResponse;Ljavax/servlet/FilterChain;)V+21
j  org.springframework.web.filter.OncePerRequestFilter.doFilter(Ljavax/servlet/ServletRequest;Ljavax/servlet/ServletResponse;Ljavax/servlet/FilterChain;)V+147
j  org.apache.catalina.core.ApplicationFilterChain.internalDoFilter(Ljavax/servlet/ServletRequest;Ljavax/servlet/ServletResponse;)V+135
j  org.apache.catalina.core.ApplicationFilterChain.doFilter(Ljavax/servlet/ServletRequest;Ljavax/servlet/ServletResponse;)V+99
j  org.springframework.web.filter.FormContentFilter.doFilterInternal(Ljavax/servlet/http/HttpServletRequest;Ljavax/servlet/http/HttpServletResponse;Ljavax/servlet/FilterChain;)V+38
j  org.springframework.web.filter.OncePerRequestFilter.doFilter(Ljavax/servlet/ServletRequest;Ljavax/servlet/ServletResponse;Ljavax/servlet/FilterChain;)V+147
j  org.apache.catalina.core.ApplicationFilterChain.internalDoFilter(Ljavax/servlet/ServletRequest;Ljavax/servlet/ServletResponse;)V+135
j  org.apache.catalina.core.ApplicationFilterChain.doFilter(Ljavax/servlet/ServletRequest;Ljavax/servlet/ServletResponse;)V+99
j  org.springframework.web.filter.CharacterEncodingFilter.doFilterInternal(Ljavax/servlet/http/HttpServletRequest;Ljavax/servlet/http/HttpServletResponse;Ljavax/servlet/FilterChain;)V+53
j  org.springframework.web.filter.OncePerRequestFilter.doFilter(Ljavax/servlet/ServletRequest;Ljavax/servlet/ServletResponse;Ljavax/servlet/FilterChain;)V+147
j  org.apache.catalina.core.ApplicationFilterChain.internalDoFilter(Ljavax/servlet/ServletRequest;Ljavax/servlet/ServletResponse;)V+135
j  org.apache.catalina.core.ApplicationFilterChain.doFilter(Ljavax/servlet/ServletRequest;Ljavax/servlet/ServletResponse;)V+99
j  org.apache.catalina.core.StandardWrapperValve.invoke(Lorg/apache/catalina/connector/Request;Lorg/apache/catalina/connector/Response;)V+694
j  org.apache.catalina.core.StandardContextValve.invoke(Lorg/apache/catalina/connector/Request;Lorg/apache/catalina/connector/Response;)V+169
j  org.apache.catalina.authenticator.AuthenticatorBase.invoke(Lorg/apache/catalina/connector/Request;Lorg/apache/catalina/connector/Response;)V+260
j  org.apache.catalina.core.StandardHostValve.invoke(Lorg/apache/catalina/connector/Request;Lorg/apache/catalina/connector/Response;)V+128
j  org.apache.catalina.valves.ErrorReportValve.invoke(Lorg/apache/catalina/connector/Request;Lorg/apache/catalina/connector/Response;)V+6
j  org.apache.catalina.core.StandardEngineValve.invoke(Lorg/apache/catalina/connector/Request;Lorg/apache/catalina/connector/Response;)V+59
j  org.apache.catalina.connector.CoyoteAdapter.service(Lorg/apache/coyote/Request;Lorg/apache/coyote/Response;)V+203
j  org.apache.coyote.http11.Http11Processor.service(Lorg/apache/tomcat/util/net/SocketWrapperBase;)Lorg/apache/tomcat/util/net/AbstractEndpoint$Handler$SocketState;+796
j  org.apache.coyote.AbstractProcessorLight.process(Lorg/apache/tomcat/util/net/SocketWrapperBase;Lorg/apache/tomcat/util/net/SocketEvent;)Lorg/apache/tomcat/util/net/AbstractEndpoint$Handler$SocketState;+170
j  org.apache.coyote.AbstractProtocol$ConnectionHandler.process(Lorg/apache/tomcat/util/net/SocketWrapperBase;Lorg/apache/tomcat/util/net/SocketEvent;)Lorg/apache/tomcat/util/net/AbstractEndpoint$Handler$SocketState;+495
j  org.apache.tomcat.util.net.NioEndpoint$SocketProcessor.doRun()V+216
j  org.apache.tomcat.util.net.SocketProcessorBase.run()V+21
j  org.apache.tomcat.util.threads.ThreadPoolExecutor.runWorker(Lorg/apache/tomcat/util/threads/ThreadPoolExecutor$Worker;)V+92
j  org.apache.tomcat.util.threads.ThreadPoolExecutor$Worker.run()V+5
j  org.apache.tomcat.util.threads.TaskThread$WrappingRunnable.run()V+4
j  java.lang.Thread.run()V+11 java.base@13.0.11
v  ~StubRoutines::call_stub

siginfo: si_signo: 10 (SIGBUS), si_code: 1 (BUS_ADRALN), si_addr: 0x0000000113cd5258

Register to memory mapping:

 x0=0x0000000104400900: _ZL23mark_activation_closure+0 in /Users/waigel/Library/Java/JavaVirtualMachines/azul-13.0.11/Contents/Home/lib/server/libjvm.dylib at 0x0000000103a84000
 x1=0x0000000113cd5110 is at entry_point+-432 in (nmethod*)0x0000000113cd5110
 x2=0x0000000104162d58: _ZN21MarkActivationClosure12do_code_blobEP8CodeBlob+0 in /Users/waigel/Library/Java/JavaVirtualMachines/azul-13.0.11/Contents/Home/lib/server/libjvm.dylib at 0x0000000103a84000
 x3=0x000000011be074bc points into unknown readable memory: 00 00 00 00
 x4=0x00000001a2a9acf7: __vfprintf.xdigs_lower+0 in /usr/lib/system/libsystem_c.dylib at 0x00000001a2a1e000
 x5=0x000000017159b5f0 is pointing into the stack for thread: 0x000000011c086800
 x6=0x0000000000000065 is an unknown value
 x7=0xf94083e8f9000fe8 is an unknown value
 x8=0x00000001043ad000: _ZN16StringDedupTable16_entries_removedE+0 in /Users/waigel/Library/Java/JavaVirtualMachines/azul-13.0.11/Contents/Home/lib/server/libjvm.dylib at 0x0000000103a84000
 x9=0x00000000000001e0 is an unknown value
x10=0x00000000000016a2 is an unknown value
x11=0x0000000102fec000 points into unknown readable memory: 00 01 02 03 04 05 06 00
x12=0x00000000000016a2 is an unknown value
x13=0x0 is NULL
x14=0x000000010422a46f: _ZL18hsdis_library_name+0xa13c in /Users/waigel/Library/Java/JavaVirtualMachines/azul-13.0.11/Contents/Home/lib/server/libjvm.dylib at 0x0000000103a84000
x15=0x0000000000000012 is an unknown value
x16=0x00000001a296cb74: free+0 in /usr/lib/system/libsystem_malloc.dylib at 0x00000001a296b000
x17=0x00000001fc9c5c58: <offset 0x59fa7c58> in /usr/lib/system/libsystem_c.dylib at 0x00000001a2a1e000
x18=0x0 is NULL
x19=0x0000000113cd5110 is at entry_point+-432 in (nmethod*)0x0000000113cd5110
x20=0x000000011c086800 is a thread
x21=0x000000017159af30 is pointing into the stack for thread: 0x000000011c086800
x22=0x00000001043ad090: _ZN12StubRoutines25_call_stub_return_addressE+0 in /Users/waigel/Library/Java/JavaVirtualMachines/azul-13.0.11/Contents/Home/lib/server/libjvm.dylib at 0x0000000103a84000
x23=0x000000011cf17b30 points into unknown readable memory: 00 3e 81 41 07 00 00 00
x24=0x00000001a2b65630: tlv_get_addr+0 in /usr/lib/system/libdyld.dylib at 0x00000001a2b64000
x25=0x0000000000000007 is an unknown value
x26=0x0000000102ef0000: <offset 0x34000> in /Users/waigel/Library/Java/JavaVirtualMachines/azul-13.0.11/Contents/Home/lib/libjdwp.dylib at 0x0000000102ebc000
x27=0x00000001043a6f70: _ZN10JvmtiTrace18_event_trace_flagsE+0 in /Users/waigel/Library/Java/JavaVirtualMachines/azul-13.0.11/Contents/Home/lib/server/libjvm.dylib at 0x0000000103a84000
x28=0x00000001043acda8: _ZN18SafepointMechanism13_polling_typeE+0 in /Users/waigel/Library/Java/JavaVirtualMachines/azul-13.0.11/Contents/Home/lib/server/libjvm.dylib at 0x0000000103a84000


Registers:
 x0=0x0000000104400900  x1=0x0000000113cd5110  x2=0x0000000104162d58  x3=0x000000011be074bc
 x4=0x00000001a2a9acf7  x5=0x000000017159b5f0  x6=0x0000000000000065  x7=0xf94083e8f9000fe8
 x8=0x00000001043ad000  x9=0x00000000000001e0 x10=0x00000000000016a2 x11=0x0000000102fec000
x12=0x00000000000016a2 x13=0x0000000000000000 x14=0x000000010422a46f x15=0x0000000000000012
x16=0x00000001a296cb74 x17=0x00000001fc9c5c58 x18=0x0000000000000000 x19=0x0000000113cd5110
x20=0x000000011c086800 x21=0x000000017159af30 x22=0x00000001043ad090 x23=0x000000011cf17b30
x24=0x00000001a2b65630 x25=0x0000000000000007 x26=0x0000000102ef0000 x27=0x00000001043a6f70
x28=0x00000001043acda8  fp=0x000000017159aef0  lr=0x00000001041915cc  sp=0x000000017159aee0
pc=0x0000000104162d94 cpsr=0x0000000080001000
Top of Stack: (sp=0x000000017159aee0)
0x000000017159aee0:   000000011c086800 0000000104400900
0x000000017159aef0:   000000017159b5e0 00000001041915cc
0x000000017159af00:   000000017159ca80 0000000113cd5374
0x000000017159af10:   0000000113cd5110 0000000100000000
0x000000017159af20:   0000000000000000 000000017159ca80
0x000000017159af30:   0000000000000000 0000000000000000
0x000000017159af40:   0000000000000000 0000000000000000
0x000000017159af50:   0000000000000000 0000000000000000
0x000000017159af60:   0000000000000000 000000011ebdf410
0x000000017159af70:   0000000000000000 000000011ebdf0f0
0x000000017159af80:   0000000000000000 000000011ebdefb0
0x000000017159af90:   000000011ebdef10 0000000000000000
0x000000017159afa0:   000000011ebe4da0 000000011ebdfe50
0x000000017159afb0:   000000000000000a 0000000000000010
0x000000017159afc0:   000000000000003c 0000000000000000
0x000000017159afd0:   0000000000000000 0000000100000000
0x000000017159afe0:   000000010422a471 0000000000000000
0x000000017159aff0:   000000010422a471 000000017159b010
0x000000017159b000:   000000017159b3d0 152a0001a2a2322c
0x000000017159b010:   000000011ebe35e0 000000017159b2db
0x000000017159b020:   000000017159b2da 0000000000000000
0x000000017159b030:   0000600000f5820c 0000000000000000
0x000000017159b040:   0000000000000000 000000010422a442
0x000000017159b050:   000000017159b227 0000000000000001
0x000000017159b060:   000000011c086800 0000000000000005
0x000000017159b070:   0000000000000000 000000017159b2d8
0x000000017159b080:   00000001a2a9acf7 0000000000000000
0x000000017159b090:   000000017159b3e8 000000017159b1b4
0x000000017159b0a0:   0000000000000000 0000000000000000
0x000000017159b0b0:   000000000000003c 0000000000000005
0x000000017159b0c0:   0000000000000003 ffffffffffffffff
0x000000017159b0d0:   00000001fb807828 0000000100000000 

Instructions: (pc=0x0000000104162d94)
0x0000000104162c94:   fd422100 5e61d800 b0000908 fd46e501
0x0000000104162ca4:   1e611800 fd0003e0 b0000821 9106ac21
0x0000000104162cb4:   aa1303e0 97fb5985 f0001248 f9420108
0x0000000104162cc4:   f90003e8 b0000821 91076021 aa1303e0
0x0000000104162cd4:   97fb597e f0001248 f9421508 f0001249
0x0000000104162ce4:   f9421929 a90027e8 b0000821 9107fc21
0x0000000104162cf4:   aa1303e0 97fb5975 f0001248 f9421d08
0x0000000104162d04:   d34afd08 f90003e8 b0000821 9108fc21
0x0000000104162d14:   aa1303e0 97fb596d aa1403e0 a9427bfd
0x0000000104162d24:   a9414ff4 9100c3ff 17fb605e a9bf7bfd
0x0000000104162d34:   910003fd d2800000 a8c17bfd d65f03c0
0x0000000104162d44:   a9bf7bfd 910003fd d2800000 a8c17bfd
0x0000000104162d54:   d65f03c0 a9be4ff4 a9017bfd 910043fd
0x0000000104162d64:   aa0103f3 f0001248 b9442509 35000129
0x0000000104162d74:   b0000f49 d503201f f9447929 d354fd2a
0x0000000104162d84:   531f794a f144013f 1a9f2549 b9042509
0x0000000104162d94:   b9014a69 f9400268 f9404108 aa1303e0
0x0000000104162da4:   d63f0100 340000a0 aa1303e0 a9417bfd
0x0000000104162db4:   a8c24ff4 17faa54c a9417bfd a8c24ff4
0x0000000104162dc4:   d65f03c0 a9bf7bfd 910003fd f0001248
0x0000000104162dd4:   b9442509 35000129 b0000f49 d503201f
0x0000000104162de4:   f9447929 d354fd2a 531f794a f144013f
0x0000000104162df4:   1a9f2549 b9042509 b9014829 a8c17bfd
0x0000000104162e04:   d65f03c0 a9be4ff4 a9017bfd 910043fd
0x0000000104162e14:   aa0103f3 aa0003f4 f9400028 f9402108
0x0000000104162e24:   aa0103e0 d63f0100 340000c0 f9400268
0x0000000104162e34:   f9402908 aa1303e0 d63f0100 36000080
0x0000000104162e44:   a9417bfd a8c24ff4 d65f03c0 f9400681
0x0000000104162e54:   f9400268 f9406902 aa1303e0 a9417bfd
0x0000000104162e64:   a8c24ff4 d61f0040 a9bf7bfd 910003fd
0x0000000104162e74:   f9400c01 52800020 a8c17bfd 1400bdbf
0x0000000104162e84:   a9be4ff4 a9017bfd 910043fd 39404008 


Stack slot to memory mapping:
stack at sp + 0 slots: 0x000000011c086800 is a thread
stack at sp + 1 slots: 0x0000000104400900: _ZL23mark_activation_closure+0 in /Users/waigel/Library/Java/JavaVirtualMachines/azul-13.0.11/Contents/Home/lib/server/libjvm.dylib at 0x0000000103a84000
stack at sp + 2 slots: 0x000000017159b5e0 is pointing into the stack for thread: 0x000000011c086800
stack at sp + 3 slots: 0x00000001041915cc: _ZN10JavaThread11nmethods_doEP15CodeBlobClosure+0x80 in /Users/waigel/Library/Java/JavaVirtualMachines/azul-13.0.11/Contents/Home/lib/server/libjvm.dylib at 0x0000000103a84000
stack at sp + 4 slots: 0x000000017159ca80 is pointing into the stack for thread: 0x000000011c086800
stack at sp + 5 slots: 0x0000000113cd5374 is at entry_point+180 in (nmethod*)0x0000000113cd5110
stack at sp + 6 slots: 0x0000000113cd5110 is at entry_point+-432 in (nmethod*)0x0000000113cd5110
stack at sp + 7 slots: 0x0000000100000000 is an unknown value


---------------  P R O C E S S  ---------------

Threads class SMR info:
_java_thread_list=0x0000600000ec7020, length=27, elements={
0x000000011d8db800, 0x000000011d8de800, 0x000000011d8dd800, 0x000000011d018800,
0x000000011d01a000, 0x000000011c008800, 0x000000011e80a000, 0x000000011d0ce000,
0x000000011d820800, 0x000000011d8e2800, 0x000000011e845800, 0x000000011d274800,
0x000000011f1d6800, 0x000000011eea8000, 0x000000011f1da000, 0x000000011c086800,
0x0000000150820800, 0x0000000150825000, 0x0000000150826000, 0x0000000150827000,
0x000000011c087800, 0x000000015001a800, 0x000000011c08b800, 0x0000000150827800,
0x000000011ddf1000, 0x000000011d611800, 0x000000011d613800
}

Java Threads: ( => current thread )
  0x000000011d8db800 JavaThread "Reference Handler" daemon [_thread_blocked, id=17923, stack(0x000000016e164000,0x000000016e367000)]
  0x000000011d8de800 JavaThread "Finalizer" daemon [_thread_blocked, id=17411, stack(0x000000016e370000,0x000000016e573000)]
  0x000000011d8dd800 JavaThread "Signal Dispatcher" daemon [_thread_blocked, id=22019, stack(0x000000016e694000,0x000000016e897000)]
  0x000000011d018800 JavaThread "Service Thread" daemon [_thread_blocked, id=22531, stack(0x000000016e8a0000,0x000000016eaa3000)]
  0x000000011d01a000 JavaThread "C2 CompilerThread0" daemon [_thread_blocked, id=42499, stack(0x000000016eaac000,0x000000016ecaf000)]
  0x000000011c008800 JavaThread "C1 CompilerThread0" daemon [_thread_blocked, id=23043, stack(0x000000016ecb8000,0x000000016eebb000)]
  0x000000011e80a000 JavaThread "Sweeper thread" daemon [_thread_blocked, id=41987, stack(0x000000016eec4000,0x000000016f0c7000)]
  0x000000011d0ce000 JavaThread "JDWP Transport Listener: dt_socket" daemon [_thread_blocked, id=41731, stack(0x000000016f0d0000,0x000000016f2d3000)]
  0x000000011d820800 JavaThread "JDWP Event Helper Thread" daemon [_thread_blocked, id=41219, stack(0x000000016f2dc000,0x000000016f4df000)]
  0x000000011d8e2800 JavaThread "JDWP Command Reader" daemon [_thread_in_native, id=25091, stack(0x000000016f4e8000,0x000000016f6eb000)]
  0x000000011e845800 JavaThread "Common-Cleaner" daemon [_thread_blocked, id=40451, stack(0x000000016f900000,0x000000016fb03000)]
  0x000000011d274800 JavaThread "Catalina-utility-1" [_thread_blocked, id=26891, stack(0x000000016ff24000,0x0000000170127000)]
  0x000000011f1d6800 JavaThread "Catalina-utility-2" [_thread_blocked, id=39427, stack(0x0000000170548000,0x000000017074b000)]
  0x000000011eea8000 JavaThread "container-0" [_thread_blocked, id=38659, stack(0x0000000170754000,0x0000000170957000)]
  0x000000011f1da000 JavaThread "http-nio-8080-exec-1" daemon [_thread_blocked, id=37379, stack(0x0000000171190000,0x0000000171393000)]
=>0x000000011c086800 JavaThread "http-nio-8080-exec-2" daemon [_thread_in_vm, id=36867, stack(0x000000017139c000,0x000000017159f000)]
  0x0000000150820800 JavaThread "http-nio-8080-exec-3" daemon [_thread_blocked, id=36611, stack(0x00000001715a8000,0x00000001717ab000)]
  0x0000000150825000 JavaThread "http-nio-8080-exec-4" daemon [_thread_blocked, id=30979, stack(0x00000001717b4000,0x00000001719b7000)]
  0x0000000150826000 JavaThread "http-nio-8080-exec-5" daemon [_thread_blocked, id=35843, stack(0x00000001719c0000,0x0000000171bc3000)]
  0x0000000150827000 JavaThread "http-nio-8080-exec-6" daemon [_thread_blocked, id=31747, stack(0x0000000171bcc000,0x0000000171dcf000)]
  0x000000011c087800 JavaThread "http-nio-8080-exec-7" daemon [_thread_blocked, id=32259, stack(0x0000000171dd8000,0x0000000171fdb000)]
  0x000000015001a800 JavaThread "http-nio-8080-exec-8" daemon [_thread_blocked, id=34819, stack(0x0000000171fe4000,0x00000001721e7000)]
  0x000000011c08b800 JavaThread "http-nio-8080-exec-9" daemon [_thread_blocked, id=32771, stack(0x00000001721f0000,0x00000001723f3000)]
  0x0000000150827800 JavaThread "http-nio-8080-exec-10" daemon [_thread_blocked, id=33539, stack(0x00000001723fc000,0x00000001725ff000)]
  0x000000011ddf1000 JavaThread "http-nio-8080-Poller" daemon [_thread_in_native, id=43523, stack(0x0000000172608000,0x000000017280b000)]
  0x000000011d611800 JavaThread "http-nio-8080-Acceptor" daemon [_thread_in_native, id=86787, stack(0x0000000172814000,0x0000000172a17000)]
  0x000000011d613800 JavaThread "DestroyJavaVM" [_thread_blocked, id=10243, stack(0x000000016d310000,0x000000016d513000)]

Other Threads:
  0x000000011d8da000 VMThread "VM Thread" [stack: 0x000000016df58000,0x000000016e15b000] [id=18691] _threads_hazard_ptr=0x0000600000ec7020
  0x000000011d8ef000 WatcherThread [stack: 0x000000016f6f4000,0x000000016f8f7000] [id=25603]
  0x000000011d83f000 GCTaskThread "GC Thread#0" [stack: 0x000000016d51c000,0x000000016d71f000] [id=11779]
  0x000000011d10c000 GCTaskThread "GC Thread#1" [stack: 0x000000016fb0c000,0x000000016fd0f000] [id=40195]
  0x000000011d273000 GCTaskThread "GC Thread#2" [stack: 0x000000016fd18000,0x000000016ff1b000] [id=26371]
  0x000000011d27d000 GCTaskThread "GC Thread#3" [stack: 0x0000000170130000,0x0000000170333000] [id=27651]
  0x000000011dd32000 GCTaskThread "GC Thread#4" [stack: 0x0000000170960000,0x0000000170b63000] [id=28675]
  0x000000011ddee000 GCTaskThread "GC Thread#5" [stack: 0x0000000170b6c000,0x0000000170d6f000] [id=38403]
  0x000000011ddee800 GCTaskThread "GC Thread#6" [stack: 0x0000000170d78000,0x0000000170f7b000] [id=29443]
  0x000000011ddef800 GCTaskThread "GC Thread#7" [stack: 0x0000000170f84000,0x0000000171187000] [id=38147]
  0x000000011d850000 ConcurrentGCThread "G1 Main Marker" [stack: 0x000000016d728000,0x000000016d92b000] [id=12291]
  0x000000011d850800 ConcurrentGCThread "G1 Conc#0" [stack: 0x000000016d934000,0x000000016db37000] [id=20483]
  0x000000011e96f000 ConcurrentGCThread "G1 Conc#1" [stack: 0x000000017033c000,0x000000017053f000] [id=39939]
  0x000000011d8b1800 ConcurrentGCThread "G1 Refine#0" [stack: 0x000000016db40000,0x000000016dd43000] [id=13059]
  0x000000011d8b2000 ConcurrentGCThread "G1 Young RemSet Sampling" [stack: 0x000000016dd4c000,0x000000016df4f000] [id=19715]

Threads with active compile tasks:

VM state:not at safepoint (normal execution)

VM Mutex/Monitor currently owned by a thread: None

Heap address: 0x0000000740000000, size: 2048 MB, Compressed Oops mode: Zero based, Oop shift amount: 3
Narrow klass base: 0x0000000800000000, Narrow klass shift: 0
Compressed class space size: 1073741824 Address: 0x0000000800000000

Heap:
 garbage-first heap   total 40960K, used 14115K [0x0000000740000000, 0x00000007c0000000)
  region size 1024K, 3 young (3072K), 2 survivors (2048K)
 Metaspace       used 37267K, capacity 38469K, committed 38720K, reserved 1083392K
  class space    used 4348K, capacity 4812K, committed 4928K, reserved 1048576K
Heap Regions: E=young(eden), S=young(survivor), O=old, HS=humongous(starts), HC=humongous(continues), CS=collection set, F=free, A=archive, TAMS=top-at-mark-start (previous, next)
|   0|0x0000000740000000, 0x00000007400a5c00, 0x0000000740100000| 64%| O|  |TAMS 0x00000007400a5c00, 0x0000000740000000| Untracked 
|   1|0x0000000740100000, 0x0000000740200000, 0x0000000740200000|100%| O|  |TAMS 0x0000000740200000, 0x0000000740100000| Untracked 
|   2|0x0000000740200000, 0x0000000740300000, 0x0000000740300000|100%| O|  |TAMS 0x0000000740300000, 0x0000000740200000| Untracked 
|   3|0x0000000740300000, 0x0000000740400000, 0x0000000740400000|100%| O|  |TAMS 0x0000000740400000, 0x0000000740300000| Untracked 
|   4|0x0000000740400000, 0x0000000740500000, 0x0000000740500000|100%| O|  |TAMS 0x00000007404b8000, 0x0000000740400000| Untracked 
|   5|0x0000000740500000, 0x0000000740600000, 0x0000000740600000|100%| O|  |TAMS 0x0000000740500000, 0x0000000740500000| Untracked 
|   6|0x0000000740600000, 0x0000000740700000, 0x0000000740700000|100%| O|  |TAMS 0x0000000740600000, 0x0000000740600000| Untracked 
|   7|0x0000000740700000, 0x00000007407da400, 0x0000000740800000| 85%| O|  |TAMS 0x0000000740700000, 0x0000000740700000| Untracked 
|   8|0x0000000740800000, 0x0000000740800000, 0x0000000740900000|  0%| F|  |TAMS 0x0000000740800000, 0x0000000740800000| Untracked 
|   9|0x0000000740900000, 0x0000000740900000, 0x0000000740a00000|  0%| F|  |TAMS 0x0000000740900000, 0x0000000740900000| Untracked 
|  10|0x0000000740a00000, 0x0000000740a00000, 0x0000000740b00000|  0%| F|  |TAMS 0x0000000740a00000, 0x0000000740a00000| Untracked 
|  11|0x0000000740b00000, 0x0000000740b00000, 0x0000000740c00000|  0%| F|  |TAMS 0x0000000740b00000, 0x0000000740b00000| Untracked 
|  12|0x0000000740c00000, 0x0000000740c00000, 0x0000000740d00000|  0%| F|  |TAMS 0x0000000740c00000, 0x0000000740c00000| Untracked 
|  13|0x0000000740d00000, 0x0000000740d00000, 0x0000000740e00000|  0%| F|  |TAMS 0x0000000740d00000, 0x0000000740d00000| Untracked 
|  14|0x0000000740e00000, 0x0000000740e00000, 0x0000000740f00000|  0%| F|  |TAMS 0x0000000740e00000, 0x0000000740e00000| Untracked 
|  15|0x0000000740f00000, 0x0000000740f00000, 0x0000000741000000|  0%| F|  |TAMS 0x0000000740f00000, 0x0000000740f00000| Untracked 
|  16|0x0000000741000000, 0x0000000741000000, 0x0000000741100000|  0%| F|  |TAMS 0x0000000741000000, 0x0000000741000000| Untracked 
|  17|0x0000000741100000, 0x0000000741100000, 0x0000000741200000|  0%| F|  |TAMS 0x0000000741100000, 0x0000000741100000| Untracked 
|  18|0x0000000741200000, 0x0000000741200000, 0x0000000741300000|  0%| F|  |TAMS 0x0000000741200000, 0x0000000741200000| Untracked 
|  19|0x0000000741300000, 0x0000000741348e00, 0x0000000741400000| 28%| S|CS|TAMS 0x0000000741300000, 0x0000000741300000| Complete 
|  20|0x0000000741400000, 0x0000000741500000, 0x0000000741500000|100%| O|  |TAMS 0x0000000741500000, 0x0000000741400000| Untracked 
|  21|0x0000000741500000, 0x0000000741600000, 0x0000000741600000|100%| O|  |TAMS 0x0000000741600000, 0x0000000741500000| Untracked 
|  22|0x0000000741600000, 0x0000000741700000, 0x0000000741700000|100%| O|  |TAMS 0x0000000741700000, 0x0000000741600000| Untracked 
|  23|0x0000000741700000, 0x0000000741800000, 0x0000000741800000|100%| O|  |TAMS 0x0000000741800000, 0x0000000741700000| Untracked 
|  24|0x0000000741800000, 0x0000000741900000, 0x0000000741900000|100%| S|CS|TAMS 0x0000000741800000, 0x0000000741800000| Complete 
|  25|0x0000000741900000, 0x0000000741a00000, 0x0000000741a00000|100%| O|  |TAMS 0x0000000741a00000, 0x0000000741900000| Untracked 
|  26|0x0000000741a00000, 0x0000000741a00000, 0x0000000741b00000|  0%| F|  |TAMS 0x0000000741a00000, 0x0000000741a00000| Untracked 
|  27|0x0000000741b00000, 0x0000000741b00000, 0x0000000741c00000|  0%| F|  |TAMS 0x0000000741b00000, 0x0000000741b00000| Untracked 
|  28|0x0000000741c00000, 0x0000000741c00000, 0x0000000741d00000|  0%| F|  |TAMS 0x0000000741c00000, 0x0000000741c00000| Untracked 
|  29|0x0000000741d00000, 0x0000000741d00000, 0x0000000741e00000|  0%| F|  |TAMS 0x0000000741d00000, 0x0000000741d00000| Untracked 
|  30|0x0000000741e00000, 0x0000000741e00000, 0x0000000741f00000|  0%| F|  |TAMS 0x0000000741e00000, 0x0000000741e00000| Untracked 
|  31|0x0000000741f00000, 0x0000000741f00000, 0x0000000742000000|  0%| F|  |TAMS 0x0000000741f00000, 0x0000000741f00000| Untracked 
|  32|0x0000000742000000, 0x0000000742000000, 0x0000000742100000|  0%| F|  |TAMS 0x0000000742000000, 0x0000000742000000| Untracked 
|  68|0x0000000744400000, 0x0000000744400000, 0x0000000744500000|  0%| F|  |TAMS 0x0000000744400000, 0x0000000744400000| Untracked 
|  69|0x0000000744500000, 0x0000000744500000, 0x0000000744600000|  0%| F|  |TAMS 0x0000000744500000, 0x0000000744500000| Untracked 
|  70|0x0000000744600000, 0x0000000744600000, 0x0000000744700000|  0%| F|  |TAMS 0x0000000744600000, 0x0000000744600000| Untracked 
|  71|0x0000000744700000, 0x0000000744700000, 0x0000000744800000|  0%| F|  |TAMS 0x0000000744700000, 0x0000000744700000| Untracked 
|  72|0x0000000744800000, 0x0000000744800000, 0x0000000744900000|  0%| F|  |TAMS 0x0000000744800000, 0x0000000744800000| Untracked 
|  73|0x0000000744900000, 0x0000000744900000, 0x0000000744a00000|  0%| F|  |TAMS 0x0000000744900000, 0x0000000744900000| Untracked 
| 127|0x0000000747f00000, 0x0000000747fe4b00, 0x0000000748000000| 89%| E|  |TAMS 0x0000000747f00000, 0x0000000747f00000| Complete 

Card table byte_map: [0x00000001034d8000,0x00000001038d8000] _byte_map_base: 0x00000000ffad8000

Marking Bits (Prev, Next): (CMBitMap*) 0x000000011d83f618, (CMBitMap*) 0x000000011d83f658
 Prev Bits: [0x0000000128000000, 0x000000012a000000)
 Next Bits: [0x000000012a000000, 0x000000012c000000)

Polling page: 0x0000000102d00000

Metaspace:

Usage:
  Non-class:     32.87 MB capacity,    32.15 MB ( 98%) used,   609.09 KB (  2%) free+waste,   128.81 KB ( <1%) overhead. 
      Class:      4.70 MB capacity,     4.25 MB ( 90%) used,   400.66 KB (  8%) free+waste,    62.69 KB (  1%) overhead. 
       Both:     37.57 MB capacity,    36.39 MB ( 97%) used,  1009.76 KB (  3%) free+waste,   191.50 KB ( <1%) overhead. 

Virtual space:
  Non-class space:       34.00 MB reserved,      33.00 MB ( 97%) committed 
      Class space:        1.00 GB reserved,       4.81 MB ( <1%) committed 
             Both:        1.03 GB reserved,      37.81 MB (  4%) committed 

Chunk freelists:
   Non-Class:  7.00 KB
       Class:  20.00 KB
        Both:  27.00 KB

MaxMetaspaceSize: unlimited
CompressedClassSpaceSize: 1.00 GB

CodeHeap 'non-profiled nmethods': size=120032Kb used=1293Kb max_used=1338Kb free=118738Kb
 bounds [0x0000000113c20000, 0x0000000113e90000, 0x000000011b158000]
CodeHeap 'profiled nmethods': size=120016Kb used=6320Kb max_used=7116Kb free=113695Kb
 bounds [0x000000010c6ec000, 0x000000010cdec000, 0x0000000113c20000]
CodeHeap 'non-nmethods': size=5712Kb used=1700Kb max_used=1863Kb free=4011Kb
 bounds [0x000000010c158000, 0x000000010c3c8000, 0x000000010c6ec000]
 total_blobs=3309 nmethods=2850 adapters=382
 compilation: enabled
              stopped_count=0, restarted_count=0
 full_count=0

Compilation events (20 events):
Event: 90.645 Thread 0x000000011c008800 nmethod 3354 0x000000010c736990 code [0x000000010c736b40, 0x000000010c736d50]
Event: 90.645 Thread 0x000000011c008800 3355       3       java.beans.Introspector::addMethod (196 bytes)
Event: 90.645 Thread 0x000000011c008800 nmethod 3355 0x000000010caf4210 code [0x000000010caf4500, 0x000000010caf5440]
Event: 90.645 Thread 0x000000011c008800 3359       1       java.util.TreeMap$Entry::getValue (5 bytes)
Event: 90.645 Thread 0x000000011c008800 nmethod 3359 0x0000000113cf3210 code [0x0000000113cf3380, 0x0000000113cf34d0]
Event: 90.645 Thread 0x000000011c008800 3361       1       org.springframework.beans.GenericTypeAwarePropertyDescriptor::getReadMethod (5 bytes)
Event: 90.645 Thread 0x000000011c008800 nmethod 3361 0x0000000113cf2e90 code [0x0000000113cf3000, 0x0000000113cf3150]
Event: 90.646 Thread 0x000000011c008800 3362       3       org.springframework.core.convert.support.GenericConversionService$Converters::getRegisteredConverter (93 bytes)
Event: 90.646 Thread 0x000000011c008800 nmethod 3362 0x000000010cc41090 code [0x000000010cc41300, 0x000000010cc41eb0]
Event: 90.777 Thread 0x000000011d01a000 nmethod 3319 0x0000000113d6ea10 code [0x0000000113d6fec0, 0x0000000113d7b3a0]
Event: 90.777 Thread 0x000000011d01a000 3333       4       sun.nio.cs.UTF_8$Decoder::decodeArrayLoop (691 bytes)
Event: 90.781 Thread 0x000000011d01a000 nmethod 3333 0x0000000113d04790 code [0x0000000113d049c0, 0x0000000113d05040]
Event: 90.781 Thread 0x000000011d01a000 3325       4       java.util.jar.JarFile::getVersionedEntry (86 bytes)
Event: 90.820 Thread 0x000000011d01a000 nmethod 3325 0x0000000113cfed10 code [0x0000000113cff280, 0x0000000113d02400]
Event: 90.820 Thread 0x000000011d01a000 3327   !   4       java.util.WeakHashMap::expungeStaleEntries (139 bytes)
Event: 90.829 Thread 0x000000011d01a000 nmethod 3327 0x0000000113d53890 code [0x0000000113d53b40, 0x0000000113d54d90]
Event: 103.562 Thread 0x000000011c008800 3365       3       java.util.concurrent.ThreadPoolExecutor::workerCountOf (5 bytes)
Event: 103.563 Thread 0x000000011c008800 nmethod 3365 0x000000010c912c10 code [0x000000010c912d80, 0x000000010c912ed0]
Event: 103.563 Thread 0x000000011c008800 3364       1       java.util.concurrent.ThreadPoolExecutor::getQueue (5 bytes)
Event: 103.563 Thread 0x000000011c008800 nmethod 3364 0x0000000113c48e10 code [0x0000000113c48f80, 0x0000000113c490d0]

GC Heap History (20 events):
Event: 0.346 GC heap before
{Heap before GC invocations=0 (full 0):
 garbage-first heap   total 131072K, used 23552K [0x0000000740000000, 0x00000007c0000000)
  region size 1024K, 24 young (24576K), 0 survivors (0K)
 Metaspace       used 10435K, capacity 10617K, committed 10880K, reserved 1058816K
  class space    used 1037K, capacity 1104K, committed 1152K, reserved 1048576K
}
Event: 0.348 GC heap after
{Heap after GC invocations=1 (full 0):
 garbage-first heap   total 131072K, used 3735K [0x0000000740000000, 0x00000007c0000000)
  region size 1024K, 3 young (3072K), 3 survivors (3072K)
 Metaspace       used 10435K, capacity 10617K, committed 10880K, reserved 1058816K
  class space    used 1037K, capacity 1104K, committed 1152K, reserved 1048576K
}
Event: 0.564 GC heap before
{Heap before GC invocations=1 (full 0):
 garbage-first heap   total 131072K, used 54935K [0x0000000740000000, 0x00000007c0000000)
  region size 1024K, 54 young (55296K), 3 survivors (3072K)
 Metaspace       used 20680K, capacity 21182K, committed 21504K, reserved 1069056K
  class space    used 2278K, capacity 2492K, committed 2560K, reserved 1048576K
}
Event: 0.567 GC heap after
{Heap after GC invocations=2 (full 0):
 garbage-first heap   total 131072K, used 6077K [0x0000000740000000, 0x00000007c0000000)
  region size 1024K, 6 young (6144K), 6 survivors (6144K)
 Metaspace       used 20680K, capacity 21182K, committed 21504K, reserved 1069056K
  class space    used 2278K, capacity 2492K, committed 2560K, reserved 1048576K
}
Event: 0.653 GC heap before
{Heap before GC invocations=3 (full 0):
 garbage-first heap   total 27648K, used 24509K [0x0000000740000000, 0x00000007c0000000)
  region size 1024K, 24 young (24576K), 6 survivors (6144K)
 Metaspace       used 23011K, capacity 23541K, committed 23552K, reserved 1071104K
  class space    used 2576K, capacity 2811K, committed 2816K, reserved 1048576K
}
Event: 0.659 GC heap after
{Heap after GC invocations=4 (full 0):
 garbage-first heap   total 33792K, used 7298K [0x0000000740000000, 0x00000007c0000000)
  region size 1024K, 2 young (2048K), 2 survivors (2048K)
 Metaspace       used 23011K, capacity 23541K, committed 23552K, reserved 1071104K
  class space    used 2576K, capacity 2811K, committed 2816K, reserved 1048576K
}
Event: 0.744 GC heap before
{Heap before GC invocations=4 (full 0):
 garbage-first heap   total 33792K, used 24706K [0x0000000740000000, 0x00000007c0000000)
  region size 1024K, 19 young (19456K), 2 survivors (2048K)
 Metaspace       used 24053K, capacity 24676K, committed 24832K, reserved 1071104K
  class space    used 2689K, capacity 2949K, committed 3072K, reserved 1048576K
}
Event: 0.746 GC heap after
{Heap after GC invocations=5 (full 0):
 garbage-first heap   total 33792K, used 7203K [0x0000000740000000, 0x00000007c0000000)
  region size 1024K, 2 young (2048K), 2 survivors (2048K)
 Metaspace       used 24053K, capacity 24676K, committed 24832K, reserved 1071104K
  class space    used 2689K, capacity 2949K, committed 3072K, reserved 1048576K
}
Event: 0.856 GC heap before
{Heap before GC invocations=5 (full 0):
 garbage-first heap   total 33792K, used 24611K [0x0000000740000000, 0x00000007c0000000)
  region size 1024K, 19 young (19456K), 2 survivors (2048K)
 Metaspace       used 26203K, capacity 26800K, committed 27136K, reserved 1073152K
  class space    used 2955K, capacity 3201K, committed 3328K, reserved 1048576K
}
Event: 0.857 GC heap after
{Heap after GC invocations=6 (full 0):
 garbage-first heap   total 33792K, used 7780K [0x0000000740000000, 0x00000007c0000000)
  region size 1024K, 2 young (2048K), 2 survivors (2048K)
 Metaspace       used 26203K, capacity 26800K, committed 27136K, reserved 1073152K
  class space    used 2955K, capacity 3201K, committed 3328K, reserved 1048576K
}
Event: 0.988 GC heap before
{Heap before GC invocations=6 (full 0):
 garbage-first heap   total 33792K, used 25188K [0x0000000740000000, 0x00000007c0000000)
  region size 1024K, 19 young (19456K), 2 survivors (2048K)
 Metaspace       used 29163K, capacity 30007K, committed 30208K, reserved 1075200K
  class space    used 3367K, capacity 3717K, committed 3840K, reserved 1048576K
}
Event: 0.991 GC heap after
{Heap after GC invocations=7 (full 0):
 garbage-first heap   total 33792K, used 9120K [0x0000000740000000, 0x00000007c0000000)
  region size 1024K, 3 young (3072K), 3 survivors (3072K)
 Metaspace       used 29163K, capacity 30007K, committed 30208K, reserved 1075200K
  class space    used 3367K, capacity 3717K, committed 3840K, reserved 1048576K
}
Event: 1.100 GC heap before
{Heap before GC invocations=7 (full 0):
 garbage-first heap   total 33792K, used 25504K [0x0000000740000000, 0x00000007c0000000)
  region size 1024K, 19 young (19456K), 3 survivors (3072K)
 Metaspace       used 31690K, capacity 32603K, committed 32768K, reserved 1077248K
  class space    used 3631K, capacity 3987K, committed 4096K, reserved 1048576K
}
Event: 1.104 GC heap after
{Heap after GC invocations=8 (full 0):
 garbage-first heap   total 40960K, used 10687K [0x0000000740000000, 0x00000007c0000000)
  region size 1024K, 3 young (3072K), 3 survivors (3072K)
 Metaspace       used 31690K, capacity 32603K, committed 32768K, reserved 1077248K
  class space    used 3631K, capacity 3987K, committed 4096K, reserved 1048576K
}
Event: 1.318 GC heap before
{Heap before GC invocations=8 (full 0):
 garbage-first heap   total 40960K, used 28095K [0x0000000740000000, 0x00000007c0000000)
  region size 1024K, 21 young (21504K), 3 survivors (3072K)
 Metaspace       used 33665K, capacity 34730K, committed 34816K, reserved 1079296K
  class space    used 3907K, capacity 4311K, committed 4352K, reserved 1048576K
}
Event: 1.320 GC heap after
{Heap after GC invocations=9 (full 0):
 garbage-first heap   total 40960K, used 12663K [0x0000000740000000, 0x00000007c0000000)
  region size 1024K, 3 young (3072K), 3 survivors (3072K)
 Metaspace       used 33665K, capacity 34730K, committed 34816K, reserved 1079296K
  class space    used 3907K, capacity 4311K, committed 4352K, reserved 1048576K
}
Event: 1.388 GC heap before
{Heap before GC invocations=9 (full 0):
 garbage-first heap   total 40960K, used 19831K [0x0000000740000000, 0x00000007c0000000)
  region size 1024K, 11 young (11264K), 3 survivors (3072K)
 Metaspace       used 34735K, capacity 35780K, committed 35840K, reserved 1081344K
  class space    used 4041K, capacity 4469K, committed 4480K, reserved 1048576K
}
Event: 1.391 GC heap after
{Heap after GC invocations=10 (full 0):
 garbage-first heap   total 40960K, used 13742K [0x0000000740000000, 0x00000007c0000000)
  region size 1024K, 1 young (1024K), 1 survivors (1024K)
 Metaspace       used 34735K, capacity 35780K, committed 35840K, reserved 1081344K
  class space    used 4041K, capacity 4469K, committed 4480K, reserved 1048576K
}
Event: 103.687 GC heap before
{Heap before GC invocations=11 (full 0):
 garbage-first heap   total 40960K, used 27054K [0x0000000740000000, 0x00000007c0000000)
  region size 1024K, 14 young (14336K), 1 survivors (1024K)
 Metaspace       used 37072K, capacity 38240K, committed 38336K, reserved 1083392K
  class space    used 4322K, capacity 4778K, committed 4800K, reserved 1048576K
}
Event: 103.700 GC heap after
{Heap after GC invocations=12 (full 0):
 garbage-first heap   total 40960K, used 14115K [0x0000000740000000, 0x00000007c0000000)
  region size 1024K, 2 young (2048K), 2 survivors (2048K)
 Metaspace       used 37072K, capacity 38240K, committed 38336K, reserved 1083392K
  class space    used 4322K, capacity 4778K, committed 4800K, reserved 1048576K
}

Deoptimization events (20 events):
Event: 90.642 Thread 0x000000011c086800 DEOPT PACKING pc=0x000000010c882904 sp=0x000000017159be00
Event: 90.642 Thread 0x000000011c086800 DEOPT UNPACKING pc=0x000000010c20747c sp=0x000000017159bbf0 mode 1
Event: 90.642 Thread 0x000000011c086800 DEOPT PACKING pc=0x000000010cbe6bec sp=0x000000017159be20
Event: 90.642 Thread 0x000000011c086800 DEOPT UNPACKING pc=0x000000010c20747c sp=0x000000017159bbf0 mode 1
Event: 90.642 Thread 0x000000011c086800 DEOPT PACKING pc=0x000000010c804dc8 sp=0x000000017159b730
Event: 90.642 Thread 0x000000011c086800 DEOPT UNPACKING pc=0x000000010c20747c sp=0x000000017159b4d0 mode 1
Event: 90.642 Thread 0x000000011c086800 DEOPT PACKING pc=0x000000010c804204 sp=0x000000017159b800
Event: 90.642 Thread 0x000000011c086800 DEOPT UNPACKING pc=0x000000010c20747c sp=0x000000017159b5d0 mode 1
Event: 90.642 Thread 0x000000011c086800 DEOPT PACKING pc=0x000000010c882904 sp=0x000000017159bfa0
Event: 90.642 Thread 0x000000011c086800 DEOPT UNPACKING pc=0x000000010c20747c sp=0x000000017159bd90 mode 1
Event: 90.642 Thread 0x000000011c086800 DEOPT PACKING pc=0x000000010c804dc8 sp=0x000000017159ac90
Event: 90.642 Thread 0x000000011c086800 DEOPT UNPACKING pc=0x000000010c20747c sp=0x000000017159aa30 mode 1
Event: 90.643 Thread 0x000000011c086800 DEOPT PACKING pc=0x000000010c804204 sp=0x000000017159ad60
Event: 90.643 Thread 0x000000011c086800 DEOPT UNPACKING pc=0x000000010c20747c sp=0x000000017159ab30 mode 1
Event: 90.643 Thread 0x000000011c086800 DEOPT PACKING pc=0x000000010c882904 sp=0x000000017159b500
Event: 90.643 Thread 0x000000011c086800 DEOPT UNPACKING pc=0x000000010c20747c sp=0x000000017159b2f0 mode 1
Event: 90.643 Thread 0x000000011c086800 DEOPT PACKING pc=0x000000010c882904 sp=0x000000017159bf30
Event: 90.643 Thread 0x000000011c086800 DEOPT UNPACKING pc=0x000000010c20747c sp=0x000000017159bd20 mode 1
Event: 90.643 Thread 0x000000011c086800 DEOPT PACKING pc=0x000000010cbe6bec sp=0x000000017159bf50
Event: 90.643 Thread 0x000000011c086800 DEOPT UNPACKING pc=0x000000010c20747c sp=0x000000017159bd20 mode 1

Classes unloaded (0 events):
No events

Classes redefined (0 events):
No events

Internal exceptions (20 events):
Event: 1.254 Thread 0x000000011e809000 Exception <a 'java/lang/ClassNotFoundException'{0x00000007420a6e48}: org/springframework/web/servlet/config/annotation/DelegatingWebMvcConfigurationCustomizer> (0x00000007420a6e48) 
thrown [src/hotspot/share/classfile/systemDictionary.cpp, line 232]
Event: 1.254 Thread 0x000000011e809000 Exception <a 'java/lang/ClassNotFoundException'{0x00000007420c54c0}: org/springframework/boot/autoconfigure/web/servlet/WebMvcAutoConfiguration$EnableWebMvcConfigurationCustomizer> (0x00000007420c54c0) 
thrown [src/hotspot/share/classfile/systemDictionary.cpp, line 232]
Event: 1.254 Thread 0x000000011e809000 Exception <a 'java/lang/ClassNotFoundException'{0x00000007420e8018}: org/springframework/context/ResourceLoaderAwareCustomizer> (0x00000007420e8018) 
thrown [src/hotspot/share/classfile/systemDictionary.cpp, line 232]
Event: 1.255 Thread 0x000000011e809000 Exception <a 'java/lang/ClassNotFoundException'{0x00000007420fa068}: org/springframework/beans/factory/AwareCustomizer> (0x00000007420fa068) 
thrown [src/hotspot/share/classfile/systemDictionary.cpp, line 232]
Event: 1.255 Thread 0x000000011e809000 Exception <a 'java/lang/ClassNotFoundException'{0x0000000741f0d780}: org/springframework/context/ApplicationContextAwareCustomizer> (0x0000000741f0d780) 
thrown [src/hotspot/share/classfile/systemDictionary.cpp, line 232]
Event: 1.255 Thread 0x000000011e809000 Exception <a 'java/lang/ClassNotFoundException'{0x0000000741f203c0}: org/springframework/beans/factory/AwareCustomizer> (0x0000000741f203c0) 
thrown [src/hotspot/share/classfile/systemDictionary.cpp, line 232]
Event: 1.255 Thread 0x000000011e809000 Exception <a 'java/lang/ClassNotFoundException'{0x0000000741f33278}: org/springframework/web/context/ServletContextAwareCustomizer> (0x0000000741f33278) 
thrown [src/hotspot/share/classfile/systemDictionary.cpp, line 232]
Event: 1.255 Thread 0x000000011e809000 Exception <a 'java/lang/ClassNotFoundException'{0x0000000741f45730}: org/springframework/beans/factory/AwareCustomizer> (0x0000000741f45730) 
thrown [src/hotspot/share/classfile/systemDictionary.cpp, line 232]
Event: 1.259 Thread 0x000000011e809000 Exception <a 'java/lang/NoSuchMethodError'{0x0000000741fba418}: 'void java.lang.invoke.DirectMethodHandle$Holder.invokeVirtual(java.lang.Object, java.lang.Object, java.lang.Object, java.lang.Object)'> (0x0000000741fba418) 
thrown [src/hotspot/share/interpreter/linkResolver.cpp, line 767]
Event: 1.303 Thread 0x000000011e809000 Exception <a 'java/lang/NoSuchMethodError'{0x000000074132eb40}: 'void java.lang.invoke.DirectMethodHandle$Holder.invokeVirtual(java.lang.Object, java.lang.Object, int)'> (0x000000074132eb40) 
thrown [src/hotspot/share/interpreter/linkResolver.cpp, line 767]
Event: 1.304 Thread 0x000000011e809000 Exception <a 'java/lang/NoSuchMethodError'{0x00000007413478d0}: 'void java.lang.invoke.DirectMethodHandle$Holder.invokeVirtual(java.lang.Object, java.lang.Object, long)'> (0x00000007413478d0) 
thrown [src/hotspot/share/interpreter/linkResolver.cpp, line 767]
Event: 1.351 Thread 0x000000011e809000 Exception <a 'java/lang/IncompatibleClassChangeError'{0x000000074462e398}: Found class java.lang.Object, but interface was expected> (0x000000074462e398) 
thrown [src/hotspot/share/interpreter/linkResolver.cpp, line 833]
Event: 1.366 Thread 0x000000011e809000 Exception <a 'java/lang/NoSuchMethodError'{0x00000007445d1260}: 'int java.lang.invoke.DirectMethodHandle$Holder.invokeStaticInit(java.lang.Object, java.lang.Object, java.lang.Object, java.lang.Object)'> (0x00000007445d1260) 
thrown [src/hotspot/share/interpreter/linkResolver.cpp, line 767]
Event: 1.388 Thread 0x000000011e809000 Exception <a 'java/lang/NoSuchMethodError'{0x00000007420e8bb0}: 'java.lang.Object java.lang.invoke.DirectMethodHandle$Holder.invokeSpecial(java.lang.Object, java.lang.Object, int, java.lang.Object, int, java.lang.Object)'> (0x00000007420e8bb0) 
thrown [src/hotspot/share/interpreter/linkResolver.cpp, line 767]
Event: 1.388 Thread 0x000000011e809000 Exception <a 'java/lang/NoSuchMethodError'{0x00000007420ef760}: 'java.lang.Object java.lang.invoke.DirectMethodHandle$Holder.invokeStatic(java.lang.Object, java.lang.Object, int, java.lang.Object, int)'> (0x00000007420ef760) 
thrown [src/hotspot/share/interpreter/linkResolver.cpp, line 767]
Event: 1.388 Thread 0x000000011e809000 Exception <a 'java/lang/NoSuchMethodError'{0x00000007420f2b10}: 'java.lang.Object java.lang.invoke.DirectMethodHandle$Holder.invokeSpecial(java.lang.Object, java.lang.Object, java.lang.Object, int, java.lang.Object, int)'> (0x00000007420f2b10) 
thrown [src/hotspot/share/interpreter/linkResolver.cpp, line 767]
Event: 1.392 Thread 0x000000011e809000 Exception <a 'java/lang/NoSuchMethodError'{0x0000000747f0c490}: 'void java.lang.invoke.DirectMethodHandle$Holder.invokeVirtual(java.lang.Object, java.lang.Object)'> (0x0000000747f0c490) 
thrown [src/hotspot/share/interpreter/linkResolver.cpp, line 767]
Event: 90.533 Thread 0x000000011d611800 Exception <a 'java/lang/NoSuchMethodError'{0x00000007447a03a0}: 'java.lang.Object java.lang.invoke.Invokers$Holder.linkToTargetMethod(java.lang.Object, int, java.lang.Object)'> (0x00000007447a03a0) 
thrown [src/hotspot/share/interpreter/linkResolver.cpp, line 767]
Event: 90.642 Thread 0x000000011c086800 Exception <a 'java/lang/ClassNotFoundException'{0x0000000741b640b0}: java/lang/ObjectCustomizer> (0x0000000741b640b0) 
thrown [src/hotspot/share/classfile/systemDictionary.cpp, line 232]
Event: 90.643 Thread 0x000000011c086800 Exception <a 'java/lang/ClassNotFoundException'{0x0000000741b7c960}: com/klexhub/msfop/api/models/CreateMessageRequestCustomizer> (0x0000000741b7c960) 
thrown [src/hotspot/share/classfile/systemDictionary.cpp, line 232]

Events (20 events):
Event: 103.671 loading class kong/unirest/Headers done
Event: 103.671 loading class kong/unirest/Header
Event: 103.671 loading class kong/unirest/Header done
Event: 103.673 loading class kong/unirest/Header
Event: 103.673 loading class kong/unirest/Header done
Event: 103.687 Executing VM operation: G1CollectForAllocation
Event: 103.700 Executing VM operation: G1CollectForAllocation done
Event: 103.708 loading class kong/unirest/Config
Event: 103.708 loading class kong/unirest/Config done
Event: 103.708 loading class kong/unirest/ObjectMapper
Event: 103.708 loading class kong/unirest/ObjectMapper done
Event: 103.708 loading class kong/unirest/ObjectMapper
Event: 103.708 loading class kong/unirest/ObjectMapper done
Event: 103.709 loading class kong/unirest/UnirestConfigException
Event: 103.709 loading class kong/unirest/UnirestConfigException done
Event: 103.710 loading class kong/unirest/UnirestConfigException
Event: 103.710 loading class kong/unirest/UnirestConfigException done
Event: 103.712 Executing VM operation: RevokeBias
Event: 103.712 Executing VM operation: RevokeBias done
Event: 103.754 Executing VM operation: HandshakeAllThreads


Dynamic libraries:
0x0000000102cb0000 	/Users/waigel/Library/Java/JavaVirtualMachines/azul-13.0.11/Contents/Home/lib/libjli.dylib
0x00000001ad5ec000 	/usr/lib/libz.1.dylib
0x00000001ad6a3000 	/usr/lib/libSystem.B.dylib
0x00000001ad69d000 	/usr/lib/system/libcache.dylib
0x00000001ad65b000 	/usr/lib/system/libcommonCrypto.dylib
0x00000001ad684000 	/usr/lib/system/libcompiler_rt.dylib
0x00000001ad67b000 	/usr/lib/system/libcopyfile.dylib
0x00000001a28e3000 	/usr/lib/system/libcorecrypto.dylib
0x00000001a2996000 	/usr/lib/system/libdispatch.dylib
0x00000001a2b64000 	/usr/lib/system/libdyld.dylib
0x00000001ad693000 	/usr/lib/system/libkeymgr.dylib
0x00000001ad636000 	/usr/lib/system/libmacho.dylib
0x00000001acd2b000 	/usr/lib/system/libquarantine.dylib
0x00000001ad690000 	/usr/lib/system/libremovefile.dylib
0x00000001a7ccc000 	/usr/lib/system/libsystem_asl.dylib
0x00000001a2885000 	/usr/lib/system/libsystem_blocks.dylib
0x00000001a2a1e000 	/usr/lib/system/libsystem_c.dylib
0x00000001ad688000 	/usr/lib/system/libsystem_collections.dylib
0x00000001ac1b9000 	/usr/lib/system/libsystem_configuration.dylib
0x00000001ab415000 	/usr/lib/system/libsystem_containermanager.dylib
0x00000001ad398000 	/usr/lib/system/libsystem_coreservices.dylib
0x00000001a528c000 	/usr/lib/system/libsystem_darwin.dylib
0x00000001ad694000 	/usr/lib/system/libsystem_dnssd.dylib
0x00000001a2a1b000 	/usr/lib/system/libsystem_featureflags.dylib
0x00000001a2b79000 	/usr/lib/system/libsystem_info.dylib
0x00000001ad5fe000 	/usr/lib/system/libsystem_m.dylib
0x00000001a296b000 	/usr/lib/system/libsystem_malloc.dylib
0x00000001a7c5b000 	/usr/lib/system/libsystem_networkextension.dylib
0x00000001a56e5000 	/usr/lib/system/libsystem_notify.dylib
0x00000001b39e1000 	/usr/lib/system/libsystem_product_info_filter.dylib
0x00000001ac1be000 	/usr/lib/system/libsystem_sandbox.dylib
0x00000001ad68d000 	/usr/lib/system/libsystem_secinit.dylib
0x00000001a2b1f000 	/usr/lib/system/libsystem_kernel.dylib
0x00000001a2b71000 	/usr/lib/system/libsystem_platform.dylib
0x00000001a2b57000 	/usr/lib/system/libsystem_pthread.dylib
0x00000001a9424000 	/usr/lib/system/libsystem_symptoms.dylib
0x00000001a28c9000 	/usr/lib/system/libsystem_trace.dylib
0x00000001ad668000 	/usr/lib/system/libunwind.dylib
0x00000001a2887000 	/usr/lib/system/libxpc.dylib
0x00000001a2b07000 	/usr/lib/libc++abi.dylib
0x00000001a29dd000 	/usr/lib/libobjc.A.dylib
0x00000001ad673000 	/usr/lib/liboah.dylib
0x00000001a2aa0000 	/usr/lib/libc++.1.dylib
0x00000001b94fa000 	/System/Library/Frameworks/Cocoa.framework/Versions/A/Cocoa
0x00000001a5746000 	/System/Library/Frameworks/AppKit.framework/Versions/C/AppKit
0x00000001a8c4c000 	/System/Library/Frameworks/CoreData.framework/Versions/A/CoreData
0x00000001a3aa1000 	/System/Library/Frameworks/Foundation.framework/Versions/C/Foundation
0x00000001a65fe000 	/System/Library/PrivateFrameworks/UIFoundation.framework/Versions/A/UIFoundation
0x00000001b36db000 	/System/Library/PrivateFrameworks/RemoteViewServices.framework/Versions/A/RemoteViewServices
0x00000001abb61000 	/System/Library/PrivateFrameworks/XCTTargetBootstrap.framework/Versions/A/XCTTargetBootstrap
0x00000001af3df000 	/System/Library/PrivateFrameworks/InternationalSupport.framework/Versions/A/InternationalSupport
0x00000001af468000 	/System/Library/PrivateFrameworks/UserActivity.framework/Versions/A/UserActivity
0x00000001ae8da000 	/usr/lib/libspindump.dylib
0x00000001a686f000 	/System/Library/Frameworks/UniformTypeIdentifiers.framework/Versions/A/UniformTypeIdentifiers
0x00000001aa0ac000 	/usr/lib/libapp_launch_measurement.dylib
0x00000001a95d6000 	/System/Library/PrivateFrameworks/CoreAnalytics.framework/Versions/A/CoreAnalytics
0x00000001aa0af000 	/System/Library/PrivateFrameworks/CoreAutoLayout.framework/Versions/A/CoreAutoLayout
0x00000001ab452000 	/System/Library/Frameworks/Metal.framework/Versions/A/Metal
0x00000001ac1c9000 	/usr/lib/liblangid.dylib
0x00000001abb66000 	/System/Library/PrivateFrameworks/CoreSVG.framework/Versions/A/CoreSVG
0x00000001a7d00000 	/System/Library/PrivateFrameworks/SkyLight.framework/Versions/A/SkyLight
0x00000001a80d5000 	/System/Library/Frameworks/CoreGraphics.framework/Versions/A/CoreGraphics
0x00000001b3da7000 	/System/Library/Frameworks/Accelerate.framework/Versions/A/Accelerate
0x00000001ae351000 	/System/Library/PrivateFrameworks/IconServices.framework/Versions/A/IconServices
0x00000001ab434000 	/System/Library/Frameworks/IOSurface.framework/Versions/A/IOSurface
0x00000001a9607000 	/usr/lib/libDiagnosticMessagesClient.dylib
0x00000001b72a8000 	/System/Library/Frameworks/ApplicationServices.framework/Versions/A/ApplicationServices
0x00000001abb49000 	/System/Library/PrivateFrameworks/DFRFoundation.framework/Versions/A/DFRFoundation
0x00000001a4fd6000 	/usr/lib/libicucore.A.dylib
0x00000001b028b000 	/System/Library/Frameworks/AudioToolbox.framework/Versions/A/AudioToolbox
0x00000001af3eb000 	/System/Library/PrivateFrameworks/DataDetectorsCore.framework/Versions/A/DataDetectorsCore
0x00000001c5d2b000 	/System/Library/PrivateFrameworks/TextInput.framework/Versions/A/TextInput
0x00000001a7c75000 	/usr/lib/libMobileGestalt.dylib
0x00000001ab815000 	/System/Library/Frameworks/Carbon.framework/Versions/A/Frameworks/HIToolbox.framework/Versions/A/HIToolbox
0x00000001a9a88000 	/System/Library/Frameworks/QuartzCore.framework/Versions/A/QuartzCore
0x00000001a4c59000 	/System/Library/Frameworks/Security.framework/Versions/A/Security
0x00000001b371b000 	/System/Library/Frameworks/Carbon.framework/Versions/A/Frameworks/SpeechRecognition.framework/Versions/A/SpeechRecognition
0x00000001a9e02000 	/System/Library/PrivateFrameworks/CoreUI.framework/Versions/A/CoreUI
0x00000001a4536000 	/System/Library/Frameworks/CoreAudio.framework/Versions/A/CoreAudio
0x00000001a96fc000 	/System/Library/Frameworks/DiskArbitration.framework/Versions/A/DiskArbitration
0x00000001aece4000 	/System/Library/PrivateFrameworks/MultitouchSupport.framework/Versions/A/MultitouchSupport
0x00000001a7c73000 	/usr/lib/libenergytrace.dylib
0x00000001a560e000 	/System/Library/Frameworks/IOKit.framework/Versions/A/IOKit
0x00000001b3b0a000 	/System/Library/Frameworks/CoreServices.framework/Versions/A/CoreServices
0x00000001aa03c000 	/System/Library/PrivateFrameworks/PerformanceAnalysis.framework/Versions/A/PerformanceAnalysis
0x0000000204013000 	/System/Library/Frameworks/OpenGL.framework/Versions/A/OpenGL
0x00000001acc43000 	/System/Library/PrivateFrameworks/MobileKeyBag.framework/Versions/A/MobileKeyBag
0x00000001a86e2000 	/System/Library/Frameworks/ColorSync.framework/Versions/A/ColorSync
0x00000001a2ba6000 	/System/Library/Frameworks/CoreFoundation.framework/Versions/A/CoreFoundation
0x00000001abde5000 	/System/Library/Frameworks/CoreImage.framework/Versions/A/CoreImage
0x00000001a435a000 	/System/Library/Frameworks/CoreText.framework/Versions/A/CoreText
0x00000001abb96000 	/System/Library/Frameworks/ImageIO.framework/Versions/A/ImageIO
0x00000001ad6a9000 	/System/Library/PrivateFrameworks/SoftLinking.framework/Versions/A/SoftLinking
0x00000001aa0fa000 	/usr/lib/libxml2.2.dylib
0x00000001ad942000 	/usr/lib/libcompression.dylib
0x00000001af33b000 	/System/Library/PrivateFrameworks/TextureIO.framework/Versions/A/TextureIO
0x00000001ae06a000 	/usr/lib/libate.dylib
0x00000001adf2f000 	/usr/lib/liblzma.5.dylib
0x00000001a3795000 	/System/Library/Frameworks/SystemConfiguration.framework/Versions/A/SystemConfiguration
0x00000001ad6a5000 	/usr/lib/libfakelink.dylib
0x00000001a77a7000 	/System/Library/Frameworks/CFNetwork.framework/Versions/A/CFNetwork
0x00000001ad7eb000 	/usr/lib/libarchive.2.dylib
0x00000001ac1c5000 	/System/Library/PrivateFrameworks/AppleSystemInfo.framework/Versions/A/AppleSystemInfo
0x00000001acd56000 	/usr/lib/libbsm.0.dylib
0x00000001a6d18000 	/usr/lib/libnetwork.dylib
0x00000001ad63f000 	/usr/lib/system/libkxld.dylib
0x00000001ac969000 	/System/Library/PrivateFrameworks/IOMobileFramebuffer.framework/Versions/A/IOMobileFramebuffer
0x000000022193f000 	/usr/lib/libCoreEntitlements.dylib
0x00000001ad37a000 	/System/Library/PrivateFrameworks/AppleFSCompression.framework/Versions/A/AppleFSCompression
0x00000001acd3e000 	/usr/lib/libcoretls.dylib
0x00000001adf48000 	/usr/lib/libcoretls_cfhelpers.dylib
0x00000001ad93d000 	/usr/lib/libpam.2.dylib
0x00000001a903b000 	/usr/lib/libsqlite3.dylib
0x00000001adfb1000 	/usr/lib/libxar.1.dylib
0x00000001ad38b000 	/usr/lib/libbz2.1.0.dylib
0x00000001ad6aa000 	/usr/lib/libpcap.A.dylib
0x00000001a941b000 	/usr/lib/libdns_services.dylib
0x00000001ad910000 	/usr/lib/libapple_nghttp2.dylib
0x00000001ad6e7000 	/usr/lib/libiconv.2.dylib
0x00000001ad635000 	/usr/lib/libcharset.1.dylib
0x00000001aa078000 	/System/Library/Frameworks/CoreServices.framework/Versions/A/Frameworks/FSEvents.framework/Versions/A/FSEvents
0x00000001a5297000 	/System/Library/Frameworks/CoreServices.framework/Versions/A/Frameworks/CarbonCore.framework/Versions/A/CarbonCore
0x00000001a965c000 	/System/Library/Frameworks/CoreServices.framework/Versions/A/Frameworks/Metadata.framework/Versions/A/Metadata
0x00000001ad39e000 	/System/Library/Frameworks/CoreServices.framework/Versions/A/Frameworks/OSServices.framework/Versions/A/OSServices
0x00000001ad871000 	/System/Library/Frameworks/CoreServices.framework/Versions/A/Frameworks/SearchKit.framework/Versions/A/SearchKit
0x00000001a93aa000 	/System/Library/Frameworks/CoreServices.framework/Versions/A/Frameworks/AE.framework/Versions/A/AE
0x00000001a30ec000 	/System/Library/Frameworks/CoreServices.framework/Versions/A/Frameworks/LaunchServices.framework/Versions/A/LaunchServices
0x00000001aded8000 	/System/Library/Frameworks/CoreServices.framework/Versions/A/Frameworks/DictionaryServices.framework/Versions/A/DictionaryServices
0x00000001aa085000 	/System/Library/Frameworks/CoreServices.framework/Versions/A/Frameworks/SharedFileList.framework/Versions/A/SharedFileList
0x00000001acd2e000 	/usr/lib/libCheckFix.dylib
0x00000001a7ce4000 	/System/Library/PrivateFrameworks/TCC.framework/Versions/A/TCC
0x00000001ac1cb000 	/System/Library/PrivateFrameworks/CoreNLP.framework/Versions/A/CoreNLP
0x00000001a960a000 	/System/Library/PrivateFrameworks/MetadataUtilities.framework/Versions/A/MetadataUtilities
0x00000001a384e000 	/usr/lib/libmecabra.dylib
0x00000001acd67000 	/usr/lib/libmecab.dylib
0x00000001a381a000 	/usr/lib/libCRFSuite.dylib
0x00000001acdc4000 	/usr/lib/libgermantok.dylib
0x00000001ad8e9000 	/usr/lib/libThaiTokenizer.dylib
0x00000001a9704000 	/System/Library/Frameworks/Accelerate.framework/Versions/A/Frameworks/vImage.framework/Versions/A/vImage
0x00000001b3ae1000 	/System/Library/Frameworks/Accelerate.framework/Versions/A/Frameworks/vecLib.framework/Versions/A/vecLib
0x00000001adff6000 	/System/Library/Frameworks/Accelerate.framework/Versions/A/Frameworks/vecLib.framework/Versions/A/libvMisc.dylib
0x00000001ac870000 	/System/Library/Frameworks/Accelerate.framework/Versions/A/Frameworks/vecLib.framework/Versions/A/libvDSP.dylib
0x00000001a3475000 	/System/Library/Frameworks/Accelerate.framework/Versions/A/Frameworks/vecLib.framework/Versions/A/libBLAS.dylib
0x00000001ada13000 	/System/Library/Frameworks/Accelerate.framework/Versions/A/Frameworks/vecLib.framework/Versions/A/libLAPACK.dylib
0x00000001acdc7000 	/System/Library/Frameworks/Accelerate.framework/Versions/A/Frameworks/vecLib.framework/Versions/A/libLinearAlgebra.dylib
0x00000001ad928000 	/System/Library/Frameworks/Accelerate.framework/Versions/A/Frameworks/vecLib.framework/Versions/A/libSparseBLAS.dylib
0x00000001ada0e000 	/System/Library/Frameworks/Accelerate.framework/Versions/A/Frameworks/vecLib.framework/Versions/A/libQuadrature.dylib
0x00000001ac2c4000 	/System/Library/Frameworks/Accelerate.framework/Versions/A/Frameworks/vecLib.framework/Versions/A/libBNNS.dylib
0x00000001a3733000 	/System/Library/Frameworks/Accelerate.framework/Versions/A/Frameworks/vecLib.framework/Versions/A/libSparse.dylib
0x00000001ac2bc000 	/System/Library/PrivateFrameworks/LinguisticData.framework/Versions/A/LinguisticData
0x00000001a36eb000 	/System/Library/PrivateFrameworks/Lexicon.framework/Versions/A/Lexicon
0x00000001adfee000 	/usr/lib/libChineseTokenizer.dylib
0x00000001a3e92000 	/System/Library/PrivateFrameworks/LanguageModeling.framework/Versions/A/LanguageModeling
0x00000001ad8eb000 	/System/Library/PrivateFrameworks/AppleSauce.framework/Versions/A/AppleSauce
0x00000001ac956000 	/System/Library/PrivateFrameworks/CoreEmoji.framework/Versions/A/CoreEmoji
0x00000001ad7d9000 	/usr/lib/libcmph.dylib
0x00000001aa058000 	/System/Library/Frameworks/OpenDirectory.framework/Versions/A/Frameworks/CFOpenDirectory.framework/Versions/A/CFOpenDirectory
0x00000001aa048000 	/System/Library/Frameworks/OpenDirectory.framework/Versions/A/OpenDirectory
0x00000001adf4a000 	/System/Library/PrivateFrameworks/APFS.framework/Versions/A/APFS
0x00000001acc7e000 	/System/Library/Frameworks/SecurityFoundation.framework/Versions/A/SecurityFoundation
0x00000001adfc0000 	/usr/lib/libutil.dylib
0x00000001a55d0000 	/System/Library/PrivateFrameworks/CoreServicesStore.framework/Versions/A/CoreServicesStore
0x00000001adfc4000 	/usr/lib/libxslt.1.dylib
0x00000001acd12000 	/System/Library/PrivateFrameworks/BackgroundTaskManagement.framework/Versions/A/BackgroundTaskManagement
0x00000001af25c000 	/System/Library/Frameworks/ImageIO.framework/Versions/A/Resources/libRadiance.dylib
0x00000001af265000 	/System/Library/Frameworks/ImageIO.framework/Versions/A/Resources/libJPEG.dylib
0x00000001af1b8000 	/System/Library/Frameworks/ImageIO.framework/Versions/A/Resources/libPng.dylib
0x00000001af1da000 	/System/Library/Frameworks/ImageIO.framework/Versions/A/Resources/libTIFF.dylib
0x00000001af2c0000 	/System/Library/Frameworks/ImageIO.framework/Versions/A/Resources/libGIF.dylib
0x00000001aebf4000 	/System/Library/Frameworks/ImageIO.framework/Versions/A/Resources/libJP2.dylib
0x00000001ae316000 	/usr/lib/libexpat.1.dylib
0x00000001aebaf000 	/System/Library/PrivateFrameworks/AppleJPEG.framework/Versions/A/AppleJPEG
0x00000001ab6d1000 	/System/Library/PrivateFrameworks/FontServices.framework/libFontParser.dylib
0x00000001a934f000 	/System/Library/PrivateFrameworks/RunningBoardServices.framework/Versions/A/RunningBoardServices
0x00000001b9bcd000 	/System/Library/PrivateFrameworks/IOSurfaceAccelerator.framework/Versions/A/IOSurfaceAccelerator
0x00000001aece0000 	/System/Library/PrivateFrameworks/WatchdogClient.framework/Versions/A/WatchdogClient
0x00000001a3f96000 	/System/Library/Frameworks/CoreDisplay.framework/Versions/A/CoreDisplay
0x00000001ab5bb000 	/System/Library/Frameworks/CoreMedia.framework/Versions/A/CoreMedia
0x00000001ab448000 	/System/Library/PrivateFrameworks/IOAccelerator.framework/Versions/A/IOAccelerator
0x00000001aa1e8000 	/System/Library/Frameworks/CoreVideo.framework/Versions/A/CoreVideo
0x00000001ad93b000 	/System/Library/Frameworks/MetalPerformanceShaders.framework/Versions/A/MetalPerformanceShaders
0x00000001aed1f000 	/System/Library/Frameworks/VideoToolbox.framework/Versions/A/VideoToolbox
0x00000001a9293000 	/System/Library/PrivateFrameworks/BaseBoard.framework/Versions/A/BaseBoard
0x00000001a9021000 	/System/Library/PrivateFrameworks/ProtocolBuffer.framework/Versions/A/ProtocolBuffer
0x00000001af257000 	/System/Library/PrivateFrameworks/GPUWrangler.framework/Versions/A/GPUWrangler
0x00000001af237000 	/System/Library/PrivateFrameworks/IOPresentment.framework/Versions/A/IOPresentment
0x00000001af25f000 	/System/Library/PrivateFrameworks/DSExternalDisplay.framework/Versions/A/DSExternalDisplay
0x0000000204006000 	/System/Library/Frameworks/OpenGL.framework/Versions/A/Libraries/libCoreFSCache.dylib
0x000000020e4c5000 	/System/Library/PrivateFrameworks/GPUCompiler.framework/Versions/31001/Libraries/libGPUCompilerUtils.dylib
0x00000001af2c5000 	/System/Library/PrivateFrameworks/CMCaptureCore.framework/Versions/A/CMCaptureCore
0x00000001ae8c7000 	/System/Library/PrivateFrameworks/AppServerSupport.framework/Versions/A/AppServerSupport
0x00000001b0b48000 	/System/Library/PrivateFrameworks/perfdata.framework/Versions/A/perfdata
0x00000001a40b6000 	/System/Library/PrivateFrameworks/AudioToolboxCore.framework/Versions/A/AudioToolboxCore
0x00000001ab594000 	/System/Library/PrivateFrameworks/caulk.framework/Versions/A/caulk
0x00000001b043d000 	/usr/lib/libAudioStatistics.dylib
0x00000001c2392000 	/System/Library/PrivateFrameworks/SystemPolicy.framework/Versions/A/SystemPolicy
0x00000001b06a9000 	/usr/lib/libSMC.dylib
0x00000001b93dc000 	/System/Library/Frameworks/CoreMIDI.framework/Versions/A/CoreMIDI
0x00000001af186000 	/usr/lib/libAudioToolboxUtility.dylib
0x00000001be45f000 	/System/Library/PrivateFrameworks/OSAServicesClient.framework/Versions/A/OSAServicesClient
0x00000001b0b55000 	/usr/lib/libperfcheck.dylib
0x00000001c2eaa000 	/usr/lib/libmis.dylib
0x0000000204068000 	/System/Library/Frameworks/OpenGL.framework/Versions/A/Libraries/libGLU.dylib
0x0000000204027000 	/System/Library/Frameworks/OpenGL.framework/Versions/A/Libraries/libGFXShared.dylib
0x0000000204214000 	/System/Library/Frameworks/OpenGL.framework/Versions/A/Libraries/libGL.dylib
0x0000000204030000 	/System/Library/Frameworks/OpenGL.framework/Versions/A/Libraries/libGLImage.dylib
0x0000000204024000 	/System/Library/Frameworks/OpenGL.framework/Versions/A/Libraries/libCVMSPluginSupport.dylib
0x000000020400d000 	/System/Library/Frameworks/OpenGL.framework/Versions/A/Libraries/libCoreVMClient.dylib
0x00000001ac145000 	/System/Library/Frameworks/MetalPerformanceShaders.framework/Versions/A/Frameworks/MPSCore.framework/Versions/A/MPSCore
0x00000001ad2ed000 	/System/Library/Frameworks/MetalPerformanceShaders.framework/Versions/A/Frameworks/MPSImage.framework/Versions/A/MPSImage
0x00000001acddc000 	/System/Library/Frameworks/MetalPerformanceShaders.framework/Versions/A/Frameworks/MPSNeuralNetwork.framework/Versions/A/MPSNeuralNetwork
0x00000001ad215000 	/System/Library/Frameworks/MetalPerformanceShaders.framework/Versions/A/Frameworks/MPSMatrix.framework/Versions/A/MPSMatrix
0x00000001acfee000 	/System/Library/Frameworks/MetalPerformanceShaders.framework/Versions/A/Frameworks/MPSRayIntersector.framework/Versions/A/MPSRayIntersector
0x00000001ad246000 	/System/Library/Frameworks/MetalPerformanceShaders.framework/Versions/A/Frameworks/MPSNDArray.framework/Versions/A/MPSNDArray
0x000000020617f000 	/System/Library/Frameworks/MetalPerformanceShaders.framework/Versions/A/Frameworks/MPSFunctions.framework/Versions/A/MPSFunctions
0x00000001a334c000 	/System/Library/PrivateFrameworks/MetalTools.framework/Versions/A/MetalTools
0x00000001ac1c3000 	/System/Library/PrivateFrameworks/AggregateDictionary.framework/Versions/A/AggregateDictionary
0x00000001ae0fb000 	/usr/lib/libIOReport.dylib
0x00000001b83fa000 	/System/Library/PrivateFrameworks/ASEProcessing.framework/Versions/A/ASEProcessing
0x00000001ae470000 	/System/Library/PrivateFrameworks/FaceCore.framework/Versions/A/FaceCore
0x00000001ae462000 	/System/Library/PrivateFrameworks/GraphVisualizer.framework/Versions/A/GraphVisualizer
0x000000020e3dc000 	/System/Library/PrivateFrameworks/FontServices.framework/Versions/A/FontServices
0x00000001ae883000 	/System/Library/PrivateFrameworks/OTSVG.framework/Versions/A/OTSVG
0x00000001a9db2000 	/System/Library/Frameworks/ApplicationServices.framework/Versions/A/Frameworks/ATS.framework/Versions/A/Resources/libFontRegistry.dylib
0x00000001ae8d0000 	/System/Library/PrivateFrameworks/FontServices.framework/libhvf.dylib
0x000000020e3dd000 	/System/Library/PrivateFrameworks/FontServices.framework/libXTFontStaticRegistryData.dylib
0x00000002043b5000 	/System/Library/Frameworks/OpenCL.framework/Versions/A/OpenCL
0x00000001ae2ca000 	/System/Library/PrivateFrameworks/AppleVA.framework/Versions/A/AppleVA
0x00000001b0465000 	/System/Library/Frameworks/ApplicationServices.framework/Versions/A/Frameworks/ATS.framework/Versions/A/ATS
0x00000001a87df000 	/System/Library/Frameworks/ApplicationServices.framework/Versions/A/Frameworks/HIServices.framework/Versions/A/HIServices
0x00000001af2cf000 	/System/Library/Frameworks/ApplicationServices.framework/Versions/A/Frameworks/PrintCore.framework/Versions/A/PrintCore
0x00000001b07fc000 	/System/Library/Frameworks/ApplicationServices.framework/Versions/A/Frameworks/QD.framework/Versions/A/QD
0x00000001b07f4000 	/System/Library/Frameworks/ApplicationServices.framework/Versions/A/Frameworks/ColorSyncLegacy.framework/Versions/A/ColorSyncLegacy
0x00000001b0451000 	/System/Library/Frameworks/ApplicationServices.framework/Versions/A/Frameworks/SpeechSynthesis.framework/Versions/A/SpeechSynthesis
0x00000001af290000 	/System/Library/Frameworks/ApplicationServices.framework/Versions/A/Frameworks/ATSUI.framework/Versions/A/ATSUI
0x00000001b0789000 	/usr/lib/libcups.2.dylib
0x00000001b0b63000 	/System/Library/Frameworks/Kerberos.framework/Versions/A/Kerberos
0x00000001b0b74000 	/System/Library/Frameworks/GSS.framework/Versions/A/GSS
0x00000001b04d5000 	/usr/lib/libresolv.9.dylib
0x00000001ae8df000 	/System/Library/PrivateFrameworks/Heimdal.framework/Versions/A/Heimdal
0x00000001b762f000 	/System/Library/Frameworks/Kerberos.framework/Versions/A/Libraries/libHeimdalProxy.dylib
0x00000001a942d000 	/System/Library/Frameworks/Network.framework/Versions/A/Network
0x00000001ae331000 	/usr/lib/libheimdal-asn1.dylib
0x00000001b0bc4000 	/System/Library/PrivateFrameworks/CommonAuth.framework/Versions/A/CommonAuth
0x00000001b03cb000 	/System/Library/PrivateFrameworks/AudioSession.framework/Versions/A/AudioSession
0x00000001ae3c3000 	/System/Library/PrivateFrameworks/MediaExperience.framework/Versions/A/MediaExperience
0x00000001b0251000 	/System/Library/PrivateFrameworks/AudioSession.framework/libSessionUtility.dylib
0x00000001b0808000 	/System/Library/PrivateFrameworks/AudioResourceArbitration.framework/Versions/A/AudioResourceArbitration
0x00000001b49be000 	/System/Library/PrivateFrameworks/PowerLog.framework/Versions/A/PowerLog
0x00000001ae33b000 	/System/Library/PrivateFrameworks/IconFoundation.framework/Versions/A/IconFoundation
0x00000001b3707000 	/System/Library/PrivateFrameworks/SpeechRecognitionCore.framework/Versions/A/SpeechRecognitionCore
0x0000000103a84000 	/Users/waigel/Library/Java/JavaVirtualMachines/azul-13.0.11/Contents/Home/lib/server/libjvm.dylib
0x0000000102d14000 	/Users/waigel/Library/Java/JavaVirtualMachines/azul-13.0.11/Contents/Home/lib/libverify.dylib
0x0000000102e44000 	/Users/waigel/Library/Java/JavaVirtualMachines/azul-13.0.11/Contents/Home/lib/libjava.dylib
0x0000000102d2c000 	/Users/waigel/Library/Java/JavaVirtualMachines/azul-13.0.11/Contents/Home/lib/libjimage.dylib
0x0000000102ebc000 	/Users/waigel/Library/Java/JavaVirtualMachines/azul-13.0.11/Contents/Home/lib/libjdwp.dylib
0x0000000102e10000 	/Users/waigel/Library/Java/JavaVirtualMachines/azul-13.0.11/Contents/Home/lib/libzip.dylib
0x0000000103940000 	/Users/waigel/Library/Java/JavaVirtualMachines/azul-13.0.11/Contents/Home/lib/libdt_socket.dylib
0x0000000103974000 	/Users/waigel/Library/Java/JavaVirtualMachines/azul-13.0.11/Contents/Home/lib/libnio.dylib
0x00000001039b8000 	/Users/waigel/Library/Java/JavaVirtualMachines/azul-13.0.11/Contents/Home/lib/libnet.dylib
0x0000000103954000 	/Users/waigel/Library/Java/JavaVirtualMachines/azul-13.0.11/Contents/Home/lib/libmanagement.dylib
0x0000000103994000 	/Users/waigel/Library/Java/JavaVirtualMachines/azul-13.0.11/Contents/Home/lib/libmanagement_ext.dylib
0x00000001039dc000 	/Users/waigel/Library/Java/JavaVirtualMachines/azul-13.0.11/Contents/Home/lib/libextnet.dylib
0x00000001c2e87000 	/System/Library/PrivateFrameworks/MallocStackLogging.framework/Versions/A/MallocStackLogging


VM Arguments:
jvm_args: -Dpf4j.pluginsDir=../build/plugins -agentlib:jdwp=transport=dt_socket,server=n,suspend=y,address=127.0.0.1:55701 -Dfile.encoding=UTF-8 -Duser.country=DE -Duser.language=en -Duser.variant 
java_command: com.klexhub.msfop.Boot
java_class_path (initial): /Users/waigel/signal/twilio-msfop/app/build/classes/java/main:/Users/waigel/signal/twilio-msfop/app/build/resources/main:/Users/waigel/signal/twilio-msfop/api/build/libs/api.jar:/Users/waigel/.gradle/caches/modules-2/files-2.1/org.springframework.boot/spring-boot-starter-web/2.6.4/4aa74a41a8ff99e256433805b0ee63a6053d6b6c/spring-boot-starter-web-2.6.4.jar:/Users/waigel/.gradle/caches/modules-2/files-2.1/org.pf4j/pf4j/3.1.0/123ef8bc857b993a987cd3db1cadd9cf2ff61ee8/pf4j-3.1.0.jar:/Users/waigel/.m2/repository/org/apache/commons/commons-lang3/3.5/commons-lang3-3.5.jar:/Users/waigel/.gradle/caches/modules-2/files-2.1/org.slf4j/slf4j-simple/1.7.25/8dacf9514f0c707cbbcdd6fd699e8940d42fb54e/slf4j-simple-1.7.25.jar:/Users/waigel/.gradle/caches/modules-2/files-2.1/com.twilio.sdk/twilio/8.29.1/af7cd616c82799534e442d321e7649d9e2dfb058/twilio-8.29.1.jar:/Users/waigel/.gradle/caches/modules-2/files-2.1/org.springframework.boot/spring-boot-starter-json/2.6.4/9aa13f5bd6e09510d89ec3874118f027613a9565/spring-boot-starter-json-2.6.4.jar:/Users/waigel/.gradle/caches/modules-2/files-2.1/org.springframework.boot/spring-boot-starter/2.6.4/31adf5f726b6a5703815b99056110b96db7eff58/spring-boot-starter-2.6.4.jar:/Users/waigel/.gradle/caches/modules-2/files-2.1/org.springframework.boot/spring-boot-starter-tomcat/2.6.4/7f5937c60c8f556402e4970c4bb657f92b653f2b/spring-boot-starter-tomcat-2.6.4.jar:/Users/waigel/.gradle/caches/modules-2/files-2.1/org.springframework/spring-webmvc/5.3.16/18e0d7a9cf1c43b100296f86f61b58821dd1e6b9/spring-webmvc-5.3.16.jar:/Users/waigel/.gradle/caches/modules-2/files-2.1/org.springframework/spring-web/5.3.16/224ae9b45e138034980a423e2f85d7bd63539a49/spring-web-5.3.16.jar:/Users/waigel/.gradle/caches/modules-2/files-2.1/org.slf4j/slf4j-api/1.7.36/6c62681a2f655b49963a5983b8b0950a6120ae14/slf4j-api-1.7.36.jar:/Users/waigel/.gradle/caches/modules-2/files-2.1/com.github.zafarkhaja/java-semver/0.9.0/59a83ca73c72a5e25b3f0b1bb305230a11000329/java-semv
Launcher Type: SUN_STANDARD

[Global flags]
     intx CICompilerCount                          = 4                                         {product} {ergonomic}
     uint ConcGCThreads                            = 2                                         {product} {ergonomic}
     uint G1ConcRefinementThreads                  = 8                                         {product} {ergonomic}
   size_t G1HeapRegionSize                         = 1048576                                   {product} {ergonomic}
    uintx GCDrainStackTargetSize                   = 64                                        {product} {ergonomic}
   size_t InitialHeapSize                          = 134217728                                 {product} {ergonomic}
   size_t MarkStackSize                            = 4194304                                   {product} {ergonomic}
   size_t MaxHeapSize                              = 2147483648                                {product} {ergonomic}
   size_t MaxNewSize                               = 1287651328                                {product} {ergonomic}
   size_t MinHeapDeltaBytes                        = 1048576                                   {product} {ergonomic}
   size_t MinHeapSize                              = 8388608                                   {product} {ergonomic}
    uintx NonNMethodCodeHeapSize                   = 5839564                                {pd product} {ergonomic}
    uintx NonProfiledCodeHeapSize                  = 122909338                              {pd product} {ergonomic}
    uintx ProfiledCodeHeapSize                     = 122909338                              {pd product} {ergonomic}
    uintx ReservedCodeCacheSize                    = 251658240                              {pd product} {ergonomic}
     bool SegmentedCodeCache                       = true                                      {product} {ergonomic}
   size_t SoftMaxHeapSize                          = 2147483648                             {manageable} {ergonomic}
     bool UseCompressedClassPointers               = true                                 {lp64_product} {ergonomic}
     bool UseCompressedOops                        = true                                 {lp64_product} {ergonomic}
     bool UseG1GC                                  = true                                      {product} {ergonomic}

Logging:
Log output configuration:
 #0: stdout all=warning uptime,level,tags
 #1: stderr all=off uptime,level,tags

Environment Variables:
JAVA_HOME=/Users/waigel/.sdkman/candidates/java/current
PATH=/Users/waigel/.sdkman/candidates/maven/current/bin:/Users/waigel/.sdkman/candidates/java/current/bin:/Users/waigel/.nvm/versions/node/v17.8.0/bin:/Users/waigel/bin:/usr/local/bin:/Applications/MAMP/bin/php/php8.0.8/bin:/opt/homebrew/bin:/opt/homebrew/sbin:/usr/local/bin:/usr/bin:/bin:/usr/sbin:/sbin:/opt/X11/bin:/Library/Apple/usr/bin
SHELL=/bin/zsh
DISPLAY=/private/tmp/com.apple.launchd.DektMDmJ9S/org.xquartz:0
LANG=en_US.UTF-8
LC_ALL=en_US.UTF-8

Signal Handlers:
SIGSEGV: [libjvm.dylib+0x752168], sa_mask[0]=11111111011111110111111111111111, sa_flags=SA_ONSTACK|SA_RESTART|SA_SIGINFO
SIGBUS: [libjvm.dylib+0x752168], sa_mask[0]=11111111011111110111111111111111, sa_flags=SA_RESTART|SA_SIGINFO
SIGFPE: [libjvm.dylib+0x752168], sa_mask[0]=11111111011111110111111111111111, sa_flags=SA_RESTART|SA_SIGINFO
SIGPIPE: [libjvm.dylib+0x5ada40], sa_mask[0]=11111111011111110111111111111111, sa_flags=SA_RESTART|SA_SIGINFO
SIGXFSZ: [libjvm.dylib+0x5ada40], sa_mask[0]=11111111011111110111111111111111, sa_flags=SA_RESTART|SA_SIGINFO
SIGILL: [libjvm.dylib+0x752168], sa_mask[0]=11111111011111110111111111111111, sa_flags=SA_RESTART|SA_SIGINFO
SIGUSR2: [libjvm.dylib+0x5ae040], sa_mask[0]=00100000000000000000000000000000, sa_flags=SA_RESTART|SA_SIGINFO
SIGHUP: [libjvm.dylib+0x5accc8], sa_mask[0]=11111111011111110111111111111111, sa_flags=SA_RESTART|SA_SIGINFO
SIGINT: [libjvm.dylib+0x5accc8], sa_mask[0]=11111111011111110111111111111111, sa_flags=SA_RESTART|SA_SIGINFO
SIGTERM: [libjvm.dylib+0x5accc8], sa_mask[0]=11111111011111110111111111111111, sa_flags=SA_RESTART|SA_SIGINFO
SIGQUIT: [libjvm.dylib+0x5accc8], sa_mask[0]=11111111011111110111111111111111, sa_flags=SA_RESTART|SA_SIGINFO


---------------  S Y S T E M  ---------------

OS:uname:Darwin 21.4.0 Darwin Kernel Version 21.4.0: Fri Mar 18 00:47:26 PDT 2022; root:xnu-8020.101.4~15/RELEASE_ARM64_T8101 arm64
OS uptime: 4 days 23:24 hours
rlimit (soft/hard): STACK 8176k/65520k , CORE 0k/infinity , NPROC 1333/2000 , NOFILE 10240/infinity , AS infinity/infinity , CPU infinity/infinity , DATA infinity/infinity , FSIZE infinity/infinity , MEMLOCK infinity/infinity , RSS infinity/infinity
load average:2.42 2.72 2.66

CPU:total 8 (initial active 8) 0x61:0x0:0x1b588bb3:0, simd, crc, lse

Memory: 16k page, physical 8388608k(102720k free), swap 6291456k(789248k free)

vm_info: OpenJDK 64-Bit Server VM (13.0.11+4-MTS) for bsd-aarch64 JRE (13.0.11+4-MTS) (Zulu13.48+19-CA), built on Apr 16 2022 09:31:39 by "zulu_re" with clang Apple LLVM 12.0.0 (clang-1200.0.32.28)

END.
